EMCGIT00000001674	TR43142_c3_g2_i8	86.78	2337	234	38	51	2354	2992	698	0.0	 2718
EMCGIT00000001674	TR43142_c3_g2_i11	88.97	1959	162	18	433	2354	2639	698	0.0	 2527
EMCGIT00000001674	TR43142_c3_g2_i1	92.46	504	18	5	1851	2354	1027	544	0.0	  733
EMCGIT00000001674	TR16329_c0_g1_i1	79.94	618	104	8	1395	2006	74	677	2e-151	  538
EMCGIT00000001674	TR33405_c2_g1_i8	70.81	1069	190	25	1022	2081	1	956	2e-145	  518
EMCGIT00000001674	TR27970_c0_g2_i1	79.80	604	92	14	672	1270	1	579	4e-141	  504
EMCGIT00000001674	TR27970_c0_g2_i3	79.59	588	94	11	672	1256	1	565	8e-138	  493
EMCGIT00000001674	TR33405_c2_g1_i15	72.44	820	152	15	1022	1839	1	748	2e-127	  459
EMCGIT00000001674	TR43142_c3_g2_i7	86.81	364	38	4	433	793	357	1	2e-119	  432
EMCGIT00000001674	TR43142_c3_g2_i2	95.80	238	10	0	2088	2325	248	11	3e-105	  385
EMCGIT00000001674	TR33405_c2_g1_i13	71.17	770	140	18	1022	1787	1	692	3e-104	  381
EMCGIT00000001674	TR43142_c3_g2_i12	95.44	241	9	2	2088	2327	240	1	4e-103	  378
EMCGIT00000001674	TR43142_c3_g1_i1	93.00	243	17	0	1932	2174	243	1	3e-98	  361
EMCGIT00000001674	TR27970_c0_g3_i1	86.21	290	38	2	764	1053	1	288	1e-90	  336
EMCGIT00000001674	TR21246_c0_g1_i1	74.90	498	92	9	1252	1741	1	473	8e-87	  324
EMCGIT00000001674	TR34327_c4_g6_i1	82.85	309	31	7	328	636	425	711	6e-82	  307
EMCGIT00000001674	TR27970_c0_g1_i1	83.28	287	43	3	795	1079	2	285	1e-77	  293
EMCGIT00000001674	TR33405_c2_g1_i6	80.13	312	46	3	1022	1333	1	296	7e-75	  284
EMCGIT00000001674	TR33405_c2_g1_i6	70.45	132	20	4	1391	1521	322	435	4e-08	62.6
EMCGIT00000001674	TR33405_c2_g1_i3	71.85	572	115	18	1504	2069	1	532	2e-69	  266
EMCGIT00000001674	TR33405_c2_g1_i2	77.47	364	75	6	1479	1839	1	360	2e-69	  266
EMCGIT00000001674	TR27970_c0_g2_i4	80.55	293	38	5	865	1155	10	285	2e-69	  266
EMCGIT00000001674	TR27970_c0_g2_i2	79.33	329	61	7	782	1107	4	328	2e-68	  262
EMCGIT00000001674	TR33405_c2_g1_i9	70.18	550	91	14	1022	1565	1	483	4e-66	  255
EMCGIT00000001674	TR33405_c2_g1_i11	72.95	451	84	14	1622	2069	47	462	3e-60	  235
EMCGIT00000001674	TR33405_c2_g1_i1	79.02	286	50	6	1504	1786	1	279	5e-58	  228
EMCGIT00000001674	TR33405_c2_g1_i1	86.30	73	10	0	1948	2020	411	483	1e-15	87.8
EMCGIT00000001674	TR33405_c2_g1_i12	72.55	419	79	12	1654	2069	25	410	3e-54	  215
EMCGIT00000001674	TR33405_c2_g1_i7	88.27	162	19	0	1172	1333	25	186	2e-51	  206
EMCGIT00000001674	TR33405_c2_g1_i7	70.45	132	20	4	1391	1521	212	325	4e-08	62.6
EMCGIT00000001674	TR33405_c2_g1_i14	74.75	301	54	5	1022	1319	1	282	8e-49	  197
EMCGIT00000001674	TR33405_c2_g1_i4	87.27	165	19	2	1622	1786	47	209	3e-48	  196
EMCGIT00000001674	TR33405_c2_g1_i4	86.30	73	10	0	1948	2020	342	414	1e-15	87.8
EMCGIT00000001674	TR33405_c2_g1_i17	85.21	169	23	1	1618	1786	1	167	1e-46	  190
EMCGIT00000001674	TR33405_c2_g1_i17	85.45	55	8	0	1948	2002	299	353	1e-08	64.4
EMCGIT00000001674	TR33405_c2_g1_i16	70.43	460	98	14	1601	2056	22	447	4e-46	  188
EMCGIT00000001674	TR33405_c2_g1_i5	89.71	136	14	0	1651	1786	18	153	2e-44	  183
EMCGIT00000001674	TR33405_c2_g1_i5	86.30	73	10	0	1948	2020	286	358	1e-15	87.8
EMCGIT00000001674	TR30866_c0_g2_i3	91.04	134	10	2	2222	2354	1	133	6e-44	  181
EMCGIT00000001674	TR30866_c0_g2_i2	91.04	134	10	2	2222	2354	1	133	6e-44	  181
EMCGIT00000001674	TR33405_c2_g1_i10	91.94	124	10	0	1219	1342	1	124	2e-43	  179
EMCGIT00000001674	TR33405_c2_g1_i19	89.47	133	14	0	1654	1786	25	157	8e-43	  178
EMCGIT00000001674	TR33405_c2_g1_i19	86.30	73	10	0	1948	2020	290	362	1e-15	87.8
EMCGIT00000001674	TR33405_c2_g1_i18	90.00	130	13	0	1657	1786	25	154	3e-42	  176
EMCGIT00000001674	TR33405_c2_g1_i18	85.45	55	8	0	1948	2002	286	340	1e-08	64.4
EMCGIT00000001674	TR43939_c0_g1_i1	75.00	272	61	4	1462	1729	2	270	3e-41	  172
EMCGIT00000001674	TR30866_c0_g1_i1	88.72	133	11	3	2222	2353	1	130	2e-38	  163
EMCGIT00000001674	TR16478_c0_g1_i1	83.66	153	21	1	2206	2354	528	376	2e-38	  163
EMCGIT00000001674	TR30866_c0_g4_i1	86.57	134	18	0	2222	2355	1	134	6e-38	  161
EMCGIT00000001674	TR34327_c4_g1_i1	72.10	276	39	6	361	636	735	972	7e-37	  158
EMCGIT00000001674	TR34327_c4_g1_i7	70.61	279	46	7	358	636	613	855	8e-30	  134
EMCGIT00000001674	TR34327_c4_g2_i2	69.29	280	49	6	358	636	622	865	1e-26	  123
EMCGIT00000001674	TR30866_c0_g2_i1	85.56	90	12	1	2265	2354	1	89	2e-19	  100
EMCGIT00000001674	TR34327_c4_g2_i1	81.48	81	10	2	358	437	622	698	7e-12	75.2
EMCGIT00000001674	TR43142_c3_g2_i9	84.38	64	9	1	51	114	225	163	1e-09	68.0
EMCGIT00000001674	TR37471_c5_g1_i15	73.58	106	28	0	2088	2193	1	106	4e-09	66.2
EMCGIT00000001674	TR39849_c4_g4_i1	85.96	57	6	1	502	558	170	224	1e-08	64.4
EMCGIT00000001674	TR33405_c2_g2_i1	75.86	87	21	0	1479	1565	155	241	4e-08	62.6
EMCGIT00000001674	TR33405_c2_g2_i1	80.33	61	12	0	1272	1332	1	61	2e-06	57.2
EMCGIT00000001333	TR25195_c0_g1_i1	72.76	279	53	11	9	271	1	272	3e-30	  132
EMCGIT00000000542	TR25195_c0_g1_i1	74.60	126	27	3	9	132	1	123	7e-13	75.2
EMCGIT00000000454	TR37096_c9_g1_i1	86.11	72	9	1	1	71	187	116	9e-16	82.4
EMCGIT00000001943	TR37096_c9_g1_i1	92.96	71	5	0	2	72	186	116	8e-23	  105
EMCGIT00000000278	TR30097_c1_g1_i5	92.22	180	14	0	8	187	180	1	2e-69	  262
EMCGIT00000000278	TR30097_c1_g1_i5	90.78	141	13	0	34	174	318	178	2e-49	  196
EMCGIT00000000278	TR30097_c1_g1_i4	89.95	189	19	0	1	189	263	75	3e-67	  255
EMCGIT00000000278	TR30097_c1_g1_i1	89.95	189	19	0	1	189	255	67	3e-67	  255
EMCGIT00000000278	TR30097_c1_g1_i2	89.84	187	19	0	1	187	210	24	3e-66	  251
EMCGIT00000000278	TR30097_c1_g1_i3	89.01	182	20	0	8	189	242	61	2e-62	  239
EMCGIT00000000751	TR28518_c1_g1_i4	93.86	114	7	0	1	114	219	106	4e-43	  174
EMCGIT00000000751	TR28518_c1_g1_i3	93.86	114	7	0	1	114	163	50	4e-43	  174
EMCGIT00000000751	TR28518_c1_g1_i2	93.86	114	7	0	1	114	172	59	4e-43	  174
EMCGIT00000000751	TR28518_c1_g1_i1	93.86	114	7	0	1	114	219	106	4e-43	  174
EMCGIT00000000946	TR43142_c3_g2_i8	86.80	2334	235	37	113	2414	2992	700	0.0	 2720
EMCGIT00000000946	TR43142_c3_g2_i11	89.01	1956	163	17	495	2414	2639	700	0.0	 2529
EMCGIT00000000946	TR43142_c3_g2_i1	92.43	502	18	5	1913	2414	1027	546	0.0	  729
EMCGIT00000000946	TR16329_c0_g1_i1	80.10	618	103	8	1457	2068	74	677	2e-152	  542
EMCGIT00000000946	TR33405_c2_g1_i8	70.91	1069	189	25	1084	2143	1	956	5e-147	  524
EMCGIT00000000946	TR27970_c0_g2_i1	79.97	604	91	14	734	1332	1	579	4e-142	  508
EMCGIT00000000946	TR27970_c0_g2_i3	79.76	588	93	11	734	1318	1	565	2e-139	  499
EMCGIT00000000946	TR33405_c2_g1_i15	72.56	820	151	15	1084	1901	1	748	4e-129	  464
EMCGIT00000000946	TR43142_c3_g2_i7	86.81	364	38	4	495	855	357	1	2e-119	  432
EMCGIT00000000946	TR43142_c3_g2_i2	95.80	238	10	0	2150	2387	248	11	3e-105	  385
EMCGIT00000000946	TR33405_c2_g1_i13	71.17	770	140	18	1084	1849	1	692	4e-104	  381
EMCGIT00000000946	TR43142_c3_g2_i12	95.44	241	9	2	2150	2389	240	1	4e-103	  378
EMCGIT00000000946	TR43142_c3_g1_i1	93.00	243	17	0	1994	2236	243	1	3e-98	  361
EMCGIT00000000946	TR27970_c0_g3_i1	85.91	291	37	2	826	1115	1	288	5e-90	  334
EMCGIT00000000946	TR21246_c0_g1_i1	75.10	498	91	9	1314	1803	1	473	2e-88	  329
EMCGIT00000000946	TR34327_c4_g6_i1	82.52	309	32	7	390	698	425	711	3e-80	  302
EMCGIT00000000946	TR27970_c0_g1_i1	83.28	287	43	3	857	1141	2	285	1e-77	  293
EMCGIT00000000946	TR33405_c2_g1_i6	80.13	312	46	3	1084	1395	1	296	7e-75	  284
EMCGIT00000000946	TR33405_c2_g1_i6	70.45	132	20	4	1453	1583	322	435	4e-08	62.6
EMCGIT00000000946	TR33405_c2_g1_i3	72.03	572	114	18	1566	2131	1	532	5e-71	  271
EMCGIT00000000946	TR33405_c2_g1_i2	77.75	364	74	6	1541	1901	1	360	5e-71	  271
EMCGIT00000000946	TR27970_c0_g2_i4	80.55	293	38	5	927	1217	10	285	2e-69	  266
EMCGIT00000000946	TR27970_c0_g2_i2	79.64	329	60	7	844	1169	4	328	2e-69	  266
EMCGIT00000000946	TR33405_c2_g1_i9	70.18	550	91	14	1084	1627	1	483	4e-66	  255
EMCGIT00000000946	TR33405_c2_g1_i11	73.17	451	83	14	1684	2131	47	462	3e-61	  239
EMCGIT00000000946	TR33405_c2_g1_i1	79.37	286	49	6	1566	1848	1	279	4e-59	  232
EMCGIT00000000946	TR33405_c2_g1_i1	86.30	73	10	0	2010	2082	411	483	1e-15	87.8
EMCGIT00000000946	TR33405_c2_g1_i12	72.55	419	79	12	1716	2131	25	410	3e-54	  215
EMCGIT00000000946	TR33405_c2_g1_i7	88.27	162	19	0	1234	1395	25	186	2e-51	  206
EMCGIT00000000946	TR33405_c2_g1_i7	70.45	132	20	4	1453	1583	212	325	4e-08	62.6
EMCGIT00000000946	TR33405_c2_g1_i4	87.88	165	18	2	1684	1848	47	209	7e-50	  201
EMCGIT00000000946	TR33405_c2_g1_i4	86.30	73	10	0	2010	2082	342	414	1e-15	87.8
EMCGIT00000000946	TR33405_c2_g1_i14	74.75	301	54	5	1084	1381	1	282	8e-49	  197
EMCGIT00000000946	TR33405_c2_g1_i17	85.80	169	22	1	1680	1848	1	167	1e-47	  194
EMCGIT00000000946	TR33405_c2_g1_i17	85.45	55	8	0	2010	2064	299	353	1e-08	64.4
EMCGIT00000000946	TR33405_c2_g1_i16	70.65	460	97	14	1663	2118	22	447	4e-47	  192
EMCGIT00000000946	TR33405_c2_g1_i5	90.44	136	13	0	1713	1848	18	153	2e-45	  187
EMCGIT00000000946	TR33405_c2_g1_i5	86.30	73	10	0	2010	2082	286	358	1e-15	87.8
EMCGIT00000000946	TR33405_c2_g1_i10	91.94	124	10	0	1281	1404	1	124	2e-43	  179
EMCGIT00000000946	TR43939_c0_g1_i1	75.37	272	60	4	1524	1791	2	270	8e-43	  178
EMCGIT00000000946	TR33405_c2_g1_i19	89.47	133	14	0	1716	1848	25	157	8e-43	  178
EMCGIT00000000946	TR33405_c2_g1_i19	86.30	73	10	0	2010	2082	290	362	1e-15	87.8
EMCGIT00000000946	TR30866_c0_g2_i3	90.91	132	10	2	2284	2414	1	131	8e-43	  178
EMCGIT00000000946	TR30866_c0_g2_i2	90.91	132	10	2	2284	2414	1	131	8e-43	  178
EMCGIT00000000946	TR33405_c2_g1_i18	90.00	130	13	0	1719	1848	25	154	3e-42	  176
EMCGIT00000000946	TR33405_c2_g1_i18	85.45	55	8	0	2010	2064	286	340	1e-08	64.4
EMCGIT00000000946	TR30866_c0_g1_i1	88.64	132	11	3	2284	2414	1	129	6e-38	  161
EMCGIT00000000946	TR16478_c0_g1_i1	83.44	151	21	1	2268	2414	528	378	2e-37	  159
EMCGIT00000000946	TR34327_c4_g1_i1	72.10	276	39	6	423	698	735	972	7e-37	  158
EMCGIT00000000946	TR30866_c0_g4_i1	87.40	127	16	0	2284	2410	1	127	7e-37	  158
EMCGIT00000000946	TR34327_c4_g1_i7	70.61	279	46	7	420	698	613	855	8e-30	  134
EMCGIT00000000946	TR34327_c4_g2_i2	69.29	280	49	6	420	698	622	865	2e-26	  123
EMCGIT00000000946	TR30866_c0_g2_i1	85.23	88	12	1	2327	2414	1	87	2e-18	96.9
EMCGIT00000000946	TR34327_c4_g2_i1	81.48	81	10	2	420	499	622	698	7e-12	75.2
EMCGIT00000000946	TR43142_c3_g2_i9	84.38	64	9	1	113	176	225	163	1e-09	68.0
EMCGIT00000000946	TR37471_c5_g1_i15	73.58	106	28	0	2150	2255	1	106	4e-09	66.2
EMCGIT00000000946	TR39849_c4_g4_i1	85.96	57	6	1	564	620	170	224	1e-08	64.4
EMCGIT00000000946	TR43142_c3_g3_i1	90.91	44	4	0	1	44	1002	1045	4e-08	62.6
EMCGIT00000000946	TR33405_c2_g2_i1	75.86	87	21	0	1541	1627	155	241	4e-08	62.6
EMCGIT00000000946	TR33405_c2_g2_i1	80.33	61	12	0	1334	1394	1	61	2e-06	57.2
EMCGIT00000002499	TR43142_c3_g2_i8	88.59	2988	260	41	629	3583	2992	53	0.0	 3739
EMCGIT00000002499	TR43142_c3_g2_i11	90.46	2610	189	21	1011	3583	2639	53	0.0	 3544
EMCGIT00000002499	TR43142_c3_g2_i1	93.35	1053	44	7	2429	3481	1027	1	0.0	 1575
EMCGIT00000002499	TR43142_c3_g3_i1	86.92	474	57	4	88	560	576	1045	3e-158	  562
EMCGIT00000002499	TR16478_c0_g1_i1	82.71	538	48	10	2784	3286	528	1	6e-154	  547
EMCGIT00000002499	TR16329_c0_g1_i1	80.10	618	103	8	1973	2584	74	677	3e-152	  542
EMCGIT00000002499	TR33405_c2_g1_i8	70.81	1069	190	25	1600	2659	1	956	3e-145	  518
EMCGIT00000002499	TR43142_c3_g2_i4	95.89	316	13	0	3129	3444	316	1	4e-143	  511
EMCGIT00000002499	TR27970_c0_g2_i1	79.47	604	94	14	1250	1848	1	579	3e-138	  495
EMCGIT00000002499	TR43142_c3_g2_i3	97.93	290	4	1	3294	3583	325	38	1e-137	  493
EMCGIT00000002499	TR27970_c0_g2_i3	79.25	588	96	11	1250	1834	1	565	6e-135	  484
EMCGIT00000002499	TR33405_c2_g1_i15	72.44	820	152	15	1600	2417	1	748	2e-127	  459
EMCGIT00000002499	TR30866_c0_g2_i2	82.20	472	69	7	2800	3270	1	458	3e-126	  455
EMCGIT00000002499	TR30866_c0_g2_i3	81.99	472	68	8	2800	3270	1	456	4e-124	  448
EMCGIT00000002499	TR30866_c0_g1_i1	80.52	503	77	8	2800	3300	1	484	4e-124	  448
EMCGIT00000002499	TR43142_c3_g2_i10	95.39	282	11	2	3294	3575	280	1	2e-122	  443
EMCGIT00000002499	TR43142_c3_g2_i7	86.81	364	38	4	1011	1371	357	1	3e-119	  432
EMCGIT00000002499	TR30866_c0_g2_i1	81.44	458	69	7	2843	3300	1	442	1e-117	  426
EMCGIT00000002499	TR43142_c3_g2_i5	95.31	256	12	0	3189	3444	256	1	4e-112	  408
EMCGIT00000002499	TR43142_c3_g2_i2	95.80	238	10	0	2666	2903	248	11	4e-105	  385
EMCGIT00000002499	TR43142_c3_g2_i6	95.73	234	10	0	3129	3362	234	1	7e-103	  378
EMCGIT00000002499	TR43142_c3_g2_i12	95.44	241	9	2	2666	2905	240	1	7e-103	  378
EMCGIT00000002499	TR33405_c2_g1_i13	71.04	770	141	18	1600	2365	1	692	2e-102	  376
EMCGIT00000002499	TR43142_c3_g1_i1	93.00	243	17	0	2510	2752	243	1	5e-98	  361
EMCGIT00000002499	TR21246_c0_g1_i1	75.10	498	91	9	1830	2319	1	473	3e-88	  329
EMCGIT00000002499	TR27970_c0_g3_i1	85.52	290	40	2	1342	1631	1	288	1e-87	  327
EMCGIT00000002499	TR30866_c0_g4_i1	77.56	401	80	3	2800	3200	1	391	2e-83	  313
EMCGIT00000002499	TR16672_c0_g1_i1	75.68	477	101	9	99	565	550	79	8e-83	  311
EMCGIT00000002499	TR34327_c4_g6_i1	82.85	309	31	7	906	1214	425	711	1e-81	  307
EMCGIT00000002499	TR34327_c4_g6_i1	89.22	102	11	0	454	555	1	102	1e-29	  134
EMCGIT00000002499	TR30866_c0_g1_i2	83.27	281	45	2	3022	3300	35	315	9e-76	  288
EMCGIT00000002499	TR27970_c0_g1_i1	82.58	287	45	3	1373	1657	2	285	1e-74	  284
EMCGIT00000002499	TR33405_c2_g1_i6	79.81	312	47	3	1600	1911	1	296	1e-73	  280
EMCGIT00000002499	TR33405_c2_g1_i6	70.45	132	20	4	1969	2099	322	435	7e-08	62.6
EMCGIT00000002499	TR33405_c2_g1_i3	72.03	572	114	18	2082	2647	1	532	7e-71	  271
EMCGIT00000002499	TR33405_c2_g1_i2	77.75	364	74	6	2057	2417	1	360	7e-71	  271
EMCGIT00000002499	TR43142_c0_g1_i1	81.14	281	40	5	2918	3191	275	1	2e-66	  257
EMCGIT00000002499	TR27970_c0_g2_i4	79.86	293	40	5	1443	1733	10	285	2e-66	  257
EMCGIT00000002499	TR27970_c0_g2_i2	78.72	329	63	7	1360	1685	4	328	2e-65	  253
EMCGIT00000002499	TR33405_c2_g1_i9	70.00	550	92	14	1600	2143	1	483	7e-65	  251
EMCGIT00000002499	TR16672_c0_g1_i2	86.96	207	26	1	360	565	285	79	8e-64	  248
EMCGIT00000002499	TR33405_c2_g1_i11	73.17	451	83	14	2200	2647	47	462	4e-61	  239
EMCGIT00000002499	TR33405_c2_g1_i1	79.37	286	49	6	2082	2364	1	279	6e-59	  232
EMCGIT00000002499	TR33405_c2_g1_i1	86.30	73	10	0	2526	2598	411	483	2e-15	87.8
EMCGIT00000002499	TR33405_c2_g1_i12	72.55	419	79	12	2232	2647	25	410	5e-54	  215
EMCGIT00000002499	TR43142_c3_g2_i9	94.16	137	8	0	399	535	1	137	6e-53	  212
EMCGIT00000002499	TR43142_c3_g2_i9	84.38	64	9	1	629	692	225	163	2e-09	68.0
EMCGIT00000002499	TR19935_c1_g1_i2	83.01	206	31	2	3378	3583	1	202	7e-52	  208
EMCGIT00000002499	TR33405_c2_g1_i7	88.27	162	19	0	1750	1911	25	186	2e-51	  206
EMCGIT00000002499	TR33405_c2_g1_i7	70.45	132	20	4	1969	2099	212	325	7e-08	62.6
EMCGIT00000002499	TR19935_c1_g1_i1	82.04	206	33	1	3378	3583	1	202	8e-51	  205
EMCGIT00000002499	TR34327_c4_g1_i8	71.63	430	104	9	98	520	2	420	1e-49	  201
EMCGIT00000002499	TR33405_c2_g1_i4	87.88	165	18	2	2200	2364	47	209	1e-49	  201
EMCGIT00000002499	TR33405_c2_g1_i4	86.30	73	10	0	2526	2598	342	414	2e-15	87.8
EMCGIT00000002499	TR30866_c0_g3_i1	74.69	320	68	6	2885	3200	4	314	1e-48	  197
EMCGIT00000002499	TR33405_c2_g1_i17	85.80	169	22	1	2196	2364	1	167	2e-47	  194
EMCGIT00000002499	TR33405_c2_g1_i17	85.45	55	8	0	2526	2580	299	353	2e-08	64.4
EMCGIT00000002499	TR33405_c2_g1_i14	74.42	301	55	5	1600	1897	1	282	2e-47	  194
EMCGIT00000002499	TR33405_c2_g1_i16	70.65	460	97	14	2179	2634	22	447	5e-47	  192
EMCGIT00000002499	TR24679_c2_g1_i1	81.73	197	34	1	3387	3583	1	195	2e-46	  190
EMCGIT00000002499	TR6380_c0_g1_i1	91.04	134	12	0	3450	3583	10	143	7e-46	  188
EMCGIT00000002499	TR34327_c4_g2_i2	71.76	393	90	9	117	503	6	383	2e-45	  187
EMCGIT00000002499	TR34327_c4_g2_i2	69.29	280	49	6	936	1214	622	865	2e-26	  123
EMCGIT00000002499	TR34327_c4_g2_i1	71.76	393	90	9	117	503	6	383	2e-45	  187
EMCGIT00000002499	TR34327_c4_g2_i1	81.48	81	10	2	936	1015	622	698	1e-11	75.2
EMCGIT00000002499	TR33405_c2_g1_i5	90.44	136	13	0	2229	2364	18	153	2e-45	  187
EMCGIT00000002499	TR33405_c2_g1_i5	86.30	73	10	0	2526	2598	286	358	2e-15	87.8
EMCGIT00000002499	TR33405_c2_g1_i10	91.94	124	10	0	1797	1920	1	124	3e-43	  179
EMCGIT00000002499	TR43939_c0_g1_i1	75.37	272	60	4	2040	2307	2	270	1e-42	  178
EMCGIT00000002499	TR33405_c2_g1_i19	89.47	133	14	0	2232	2364	25	157	1e-42	  178
EMCGIT00000002499	TR33405_c2_g1_i19	86.30	73	10	0	2526	2598	290	362	2e-15	87.8
EMCGIT00000002499	TR34327_c4_g1_i5	84.38	160	25	0	361	520	74	233	4e-42	  176
EMCGIT00000002499	TR33405_c2_g1_i18	90.00	130	13	0	2235	2364	25	154	4e-42	  176
EMCGIT00000002499	TR33405_c2_g1_i18	85.45	55	8	0	2526	2580	286	340	2e-08	64.4
EMCGIT00000002499	TR10415_c0_g1_i1	80.85	188	32	2	3397	3583	1	185	5e-41	  172
EMCGIT00000002499	TR43142_c0_g2_i1	78.37	208	32	5	2918	3118	221	20	9e-38	  161
EMCGIT00000002499	TR34327_c4_g2_i3	84.62	143	22	0	361	503	74	216	3e-37	  159
EMCGIT00000002499	TR34327_c4_g1_i2	81.88	160	29	0	361	520	213	372	1e-36	  158
EMCGIT00000002499	TR34327_c4_g1_i2	93.55	62	4	0	136	197	1	62	1e-17	95.1
EMCGIT00000002499	TR34327_c4_g1_i1	72.10	276	39	6	939	1214	735	972	1e-36	  158
EMCGIT00000002499	TR34327_c4_g1_i1	83.92	143	22	1	361	503	341	482	2e-34	  150
EMCGIT00000002499	TR34327_c4_g1_i1	87.50	104	13	0	94	197	80	183	5e-28	  129
EMCGIT00000002499	TR34327_c4_g5_i1	71.08	370	82	13	106	465	3	357	6e-34	  149
EMCGIT00000002499	TR34327_c4_g1_i7	82.52	143	25	0	361	503	252	394	7e-33	  145
EMCGIT00000002499	TR34327_c4_g1_i7	70.61	279	46	7	936	1214	613	855	1e-29	  134
EMCGIT00000002499	TR34327_c4_g1_i7	82.00	100	18	0	98	197	2	101	3e-19	  100
EMCGIT00000002499	TR34327_c4_g4_i1	82.71	133	23	0	371	503	1	133	4e-30	  136
EMCGIT00000002499	TR34327_c4_g3_i1	83.19	119	20	0	361	479	227	345	7e-27	  125
EMCGIT00000002499	TR34327_c4_g3_i1	87.10	62	8	0	136	197	1	62	3e-12	77.0
EMCGIT00000002499	TR58_c0_g1_i1	82.30	113	20	0	90	202	115	227	1e-23	  114
EMCGIT00000002499	TR26360_c2_g1_i2	100.00	57	0	0	3527	3583	1	57	2e-20	  104
EMCGIT00000002499	TR26360_c2_g1_i1	100.00	57	0	0	3527	3583	1	57	2e-20	  104
EMCGIT00000002499	TR34327_c4_g1_i4	82.00	100	18	0	98	197	2	101	3e-19	  100
EMCGIT00000002499	TR34327_c4_g1_i3	82.00	100	18	0	98	197	2	101	3e-19	  100
EMCGIT00000002499	TR34327_c4_g1_i9	86.42	81	11	0	117	197	6	86	3e-18	96.9
EMCGIT00000002499	TR34327_c4_g1_i6	86.42	81	11	0	117	197	6	86	3e-18	96.9
EMCGIT00000002499	TR39126_c1_g2_i1	81.44	97	17	1	410	505	204	300	1e-16	91.5
EMCGIT00000002499	TR37471_c5_g1_i15	73.58	106	28	0	2666	2771	1	106	5e-09	66.2
EMCGIT00000002499	TR43130_c5_g2_i1	73.04	115	30	1	3042	3156	96	209	2e-08	64.4
EMCGIT00000002499	TR39849_c4_g4_i1	85.96	57	6	1	1080	1136	170	224	2e-08	64.4
EMCGIT00000002499	TR33405_c2_g2_i1	75.86	87	21	0	2057	2143	155	241	7e-08	62.6
EMCGIT00000002499	TR33405_c2_g2_i1	80.33	61	12	0	1850	1910	1	61	3e-06	57.2
EMCGIT00000002499	TR32807_c5_g4_i4	85.96	57	6	2	410	465	312	367	2e-07	60.8
EMCGIT00000002499	TR12303_c0_g1_i1	78.87	71	15	0	3358	3428	280	210	2e-07	60.8
EMCGIT00000002499	TR33289_c1_g2_i2	72.64	106	28	1	3052	3157	241	137	3e-06	57.2
EMCGIT00000002499	TR28157_c4_g1_i1	79.69	64	13	0	410	473	172	235	3e-06	57.2
EMCGIT00000000503	TR43142_c2_g1_i2	91.92	1807	127	14	22	1816	1	1800	0.0	 2554
EMCGIT00000000503	TR43142_c2_g1_i4	91.87	1808	127	14	22	1816	1	1801	0.0	 2553
EMCGIT00000000503	TR43142_c2_g1_i1	93.26	1291	76	9	22	1305	1	1287	0.0	 1905
EMCGIT00000000503	TR43142_c2_g1_i1	100.00	52	0	0	1243	1294	1318	1369	6e-18	95.1
EMCGIT00000000503	TR43142_c2_g1_i6	92.50	933	64	6	363	1292	1	930	0.0	 1346
EMCGIT00000000503	TR31699_c4_g3_i7	77.63	1055	197	15	89	1138	1	1021	0.0	  807
EMCGIT00000000503	TR31699_c4_g3_i3	79.96	928	163	14	237	1157	22	933	0.0	  792
EMCGIT00000000503	TR31699_c4_g3_i5	81.82	825	132	13	338	1157	7	818	0.0	  769
EMCGIT00000000503	TR31699_c4_g3_i6	81.55	824	136	12	338	1157	7	818	0.0	  762
EMCGIT00000000503	TR31699_c4_g3_i4	77.53	970	163	12	89	1049	1	924	0.0	  762
EMCGIT00000000503	TR31699_c4_g3_i10	80.25	805	142	12	338	1138	7	798	0.0	  697
EMCGIT00000000503	TR31699_c4_g3_i1	79.98	804	146	11	338	1138	12	803	0.0	  688
EMCGIT00000000503	TR12914_c0_g1_i1	85.35	621	79	8	554	1168	1	615	0.0	  684
EMCGIT00000000503	TR31699_c4_g3_i11	80.31	716	125	11	338	1049	7	710	2e-176	  621
EMCGIT00000000503	TR31699_c4_g3_i2	79.94	713	133	8	338	1049	7	710	3e-174	  614
EMCGIT00000000503	TR5274_c0_g1_i1	88.73	408	36	6	8	407	406	1	2e-143	  511
EMCGIT00000000503	TR31699_c4_g1_i1	87.06	371	43	5	791	1157	6	375	1e-120	  435
EMCGIT00000000503	TR43142_c2_g1_i3	96.09	256	10	0	363	618	1	256	4e-115	  417
EMCGIT00000000503	TR31699_c4_g3_i12	79.49	468	84	8	432	896	1	459	6e-106	  387
EMCGIT00000000503	TR43142_c2_g1_i5	91.80	256	21	0	363	618	1	256	6e-100	  367
EMCGIT00000000503	TR31699_c4_g4_i1	91.85	233	19	0	1092	1324	233	1	3e-90	  334
EMCGIT00000000503	TR31699_c4_g2_i1	91.42	233	20	0	1092	1324	233	1	4e-89	  331
EMCGIT00000000503	TR31699_c4_g3_i9	76.47	442	90	9	458	896	3	433	7e-80	  300
EMCGIT00000000503	TR3128_c0_g1_i1	85.32	218	30	2	1385	1600	223	6	2e-62	  242
EMCGIT00000000503	TR944_c0_g1_i1	74.17	360	86	5	762	1118	1	356	8e-54	  214
EMCGIT00000000503	TR25458_c0_g1_i2	80.82	245	42	5	1287	1527	1	244	3e-53	  212
EMCGIT00000000503	TR25458_c0_g1_i7	77.57	272	57	4	1287	1555	1	271	5e-50	  201
EMCGIT00000000503	TR25458_c0_g1_i6	82.11	218	34	5	1287	1500	1	217	2e-49	  199
EMCGIT00000000503	TR25458_c0_g1_i5	78.69	244	49	3	1287	1527	1	244	2e-48	  196
EMCGIT00000000503	TR25458_c0_g1_i3	79.72	217	41	3	1287	1500	1	217	1e-44	  183
EMCGIT00000000503	TR31699_c3_g1_i1	77.51	249	44	11	83	327	241	1	6e-37	  158
EMCGIT00000000503	TR31699_c4_g3_i8	78.00	150	26	5	750	896	124	269	3e-21	  105
EMCGIT00000000503	TR31558_c1_g2_i1	100.00	54	0	0	1	54	54	1	5e-19	98.7
EMCGIT00000000503	TR19992_c0_g1_i1	68.09	235	36	8	127	323	9	242	3e-15	86.0
EMCGIT00000000503	TR19992_c0_g2_i1	66.81	238	37	7	127	323	9	245	1e-13	80.6
EMCGIT00000000503	TR39699_c10_g3_i1	80.95	63	12	0	1306	1368	63	1	1e-07	60.8
EMCGIT00000000352	TR43142_c2_g1_i2	92.66	1525	98	11	1	1517	282	1800	0.0	 2208
EMCGIT00000000352	TR43142_c2_g1_i4	92.60	1526	98	11	1	1517	282	1801	0.0	 2206
EMCGIT00000000352	TR43142_c2_g1_i1	94.75	1009	47	6	1	1006	282	1287	0.0	 1559
EMCGIT00000000352	TR43142_c2_g1_i1	100.00	52	0	0	944	995	1318	1369	5e-18	95.1
EMCGIT00000000352	TR43142_c2_g1_i6	92.50	933	64	6	64	993	1	930	0.0	 1346
EMCGIT00000000352	TR31699_c4_g3_i3	80.90	864	145	12	1	858	84	933	0.0	  778
EMCGIT00000000352	TR31699_c4_g3_i5	81.74	827	129	14	39	858	7	818	0.0	  767
EMCGIT00000000352	TR31699_c4_g3_i6	81.55	824	136	12	39	858	7	818	0.0	  762
EMCGIT00000000352	TR31699_c4_g3_i7	79.38	844	155	11	1	839	192	1021	0.0	  706
EMCGIT00000000352	TR31699_c4_g3_i10	80.17	807	139	13	39	839	7	798	0.0	  695
EMCGIT00000000352	TR31699_c4_g3_i1	79.98	804	146	11	39	839	12	803	0.0	  688
EMCGIT00000000352	TR12914_c0_g1_i1	85.19	621	80	8	255	869	1	615	0.0	  681
EMCGIT00000000352	TR31699_c4_g3_i4	79.58	759	120	8	1	750	192	924	0.0	  666
EMCGIT00000000352	TR31699_c4_g3_i11	80.22	718	122	12	39	750	7	710	5e-176	  619
EMCGIT00000000352	TR31699_c4_g3_i2	79.94	713	133	8	39	750	7	710	2e-174	  614
EMCGIT00000000352	TR31699_c4_g1_i1	87.06	371	43	5	492	858	6	375	1e-120	  435
EMCGIT00000000352	TR43142_c2_g1_i3	96.09	256	10	0	64	319	1	256	3e-115	  417
EMCGIT00000000352	TR31699_c4_g3_i12	79.49	468	84	8	133	597	1	459	5e-106	  387
EMCGIT00000000352	TR43142_c2_g1_i5	91.80	256	21	0	64	319	1	256	5e-100	  367
EMCGIT00000000352	TR31699_c4_g4_i1	91.85	233	19	0	793	1025	233	1	3e-90	  334
EMCGIT00000000352	TR31699_c4_g2_i1	91.42	233	20	0	793	1025	233	1	4e-89	  331
EMCGIT00000000352	TR31699_c4_g3_i9	76.47	442	90	9	159	597	3	433	6e-80	  300
EMCGIT00000000352	TR3128_c0_g1_i1	85.32	218	30	2	1086	1301	223	6	1e-62	  242
EMCGIT00000000352	TR944_c0_g1_i1	74.17	360	86	5	463	819	1	356	7e-54	  214
EMCGIT00000000352	TR25458_c0_g1_i2	80.82	245	42	5	988	1228	1	244	2e-53	  212
EMCGIT00000000352	TR25458_c0_g1_i7	77.57	272	57	4	988	1256	1	271	4e-50	  201
EMCGIT00000000352	TR25458_c0_g1_i6	82.11	218	34	5	988	1201	1	217	2e-49	  199
EMCGIT00000000352	TR25458_c0_g1_i5	78.69	244	49	3	988	1228	1	244	2e-48	  196
EMCGIT00000000352	TR25458_c0_g1_i3	79.72	217	41	3	988	1201	1	217	1e-44	  183
EMCGIT00000000352	TR5274_c0_g1_i1	94.50	109	5	1	1	108	109	1	9e-40	  167
EMCGIT00000000352	TR31699_c4_g3_i8	78.00	150	26	5	451	597	124	269	3e-21	  105
EMCGIT00000000352	TR39699_c10_g3_i1	80.95	63	12	0	1007	1069	63	1	1e-07	60.8
EMCGIT00000002299	TR43142_c2_g1_i2	93.36	1355	79	9	26	1373	1	1351	0.0	 2008
EMCGIT00000002299	TR43142_c2_g1_i4	93.29	1356	79	9	26	1373	1	1352	0.0	 2006
EMCGIT00000002299	TR43142_c2_g1_i1	93.18	1291	77	9	26	1309	1	1287	0.0	 1902
EMCGIT00000002299	TR43142_c2_g1_i1	100.00	52	0	0	1247	1298	1318	1369	4e-18	95.1
EMCGIT00000002299	TR43142_c2_g1_i6	92.39	933	65	6	367	1296	1	930	0.0	 1341
EMCGIT00000002299	TR31699_c4_g3_i7	77.54	1055	198	15	93	1142	1	1021	0.0	  801
EMCGIT00000002299	TR31699_c4_g3_i3	79.85	928	164	14	241	1161	22	933	0.0	  789
EMCGIT00000002299	TR31699_c4_g3_i5	81.70	825	133	13	342	1161	7	818	0.0	  765
EMCGIT00000002299	TR31699_c4_g3_i4	77.42	970	164	12	93	1053	1	924	0.0	  758
EMCGIT00000002299	TR31699_c4_g3_i6	81.43	824	137	12	342	1161	7	818	0.0	  756
EMCGIT00000002299	TR31699_c4_g3_i10	80.12	805	143	12	342	1142	7	798	0.0	  691
EMCGIT00000002299	TR31699_c4_g3_i1	79.85	804	147	11	342	1142	12	803	0.0	  684
EMCGIT00000002299	TR12914_c0_g1_i1	85.19	621	80	8	558	1172	1	615	0.0	  681
EMCGIT00000002299	TR31699_c4_g3_i11	80.17	716	126	11	342	1053	7	710	5e-175	  616
EMCGIT00000002299	TR31699_c4_g3_i2	79.80	713	134	8	342	1053	7	710	2e-173	  610
EMCGIT00000002299	TR5274_c0_g1_i1	88.73	408	36	6	12	411	406	1	2e-143	  511
EMCGIT00000002299	TR31699_c4_g1_i1	86.79	371	44	5	795	1161	6	375	4e-119	  430
EMCGIT00000002299	TR43142_c2_g1_i3	96.09	256	10	0	367	622	1	256	3e-115	  417
EMCGIT00000002299	TR31699_c4_g3_i12	79.49	468	84	8	436	900	1	459	5e-106	  387
EMCGIT00000002299	TR43142_c2_g1_i5	91.80	256	21	0	367	622	1	256	4e-100	  367
EMCGIT00000002299	TR31699_c4_g4_i1	91.85	233	19	0	1096	1328	233	1	3e-90	  334
EMCGIT00000002299	TR31699_c4_g2_i1	91.42	233	20	0	1096	1328	233	1	3e-89	  331
EMCGIT00000002299	TR31699_c4_g3_i9	76.47	442	90	9	462	900	3	433	5e-80	  300
EMCGIT00000002299	TR944_c0_g1_i1	73.89	360	87	5	766	1122	1	356	8e-53	  210
EMCGIT00000002299	TR31699_c3_g1_i1	77.51	249	44	11	87	331	241	1	4e-37	  158
EMCGIT00000002299	TR31699_c4_g3_i8	78.00	150	26	5	754	900	124	269	2e-21	  105
EMCGIT00000002299	TR31558_c1_g2_i1	100.00	58	0	0	1	58	58	1	2e-21	  105
EMCGIT00000002299	TR25458_c0_g1_i7	90.41	73	7	0	1291	1363	1	73	1e-19	  100
EMCGIT00000002299	TR25458_c0_g1_i6	90.41	73	7	0	1291	1363	1	73	1e-19	  100
EMCGIT00000002299	TR25458_c0_g1_i5	90.41	73	7	0	1291	1363	1	73	1e-19	  100
EMCGIT00000002299	TR25458_c0_g1_i3	90.41	73	7	0	1291	1363	1	73	1e-19	  100
EMCGIT00000002299	TR25458_c0_g1_i2	90.41	73	7	0	1291	1363	1	73	1e-19	  100
EMCGIT00000002299	TR19992_c0_g1_i1	68.09	235	36	8	131	327	9	242	2e-15	86.0
EMCGIT00000002299	TR19992_c0_g2_i1	66.81	238	37	7	131	327	9	245	9e-14	80.6
EMCGIT00000002299	TR39699_c10_g3_i1	80.95	63	12	0	1310	1372	63	1	9e-08	60.8
EMCGIT00000001485	TR28518_c1_g1_i4	75.00	88	22	0	22	109	198	111	6e-09	60.8
EMCGIT00000001485	TR28518_c1_g1_i3	75.00	88	22	0	22	109	142	55	6e-09	60.8
EMCGIT00000001485	TR28518_c1_g1_i2	75.00	88	22	0	22	109	151	64	6e-09	60.8
EMCGIT00000001485	TR28518_c1_g1_i1	75.00	88	22	0	22	109	198	111	6e-09	60.8
EMCGIT00000000882	TR30097_c1_g1_i4	90.67	193	18	0	1	193	263	71	4e-71	  268
EMCGIT00000000882	TR30097_c1_g1_i1	90.67	193	18	0	1	193	255	63	4e-71	  268
EMCGIT00000000882	TR30097_c1_g1_i5	92.78	180	13	0	8	187	180	1	1e-70	  266
EMCGIT00000000882	TR30097_c1_g1_i5	90.78	141	13	0	34	174	318	178	2e-49	  196
EMCGIT00000000882	TR30097_c1_g1_i2	90.37	187	18	0	1	187	210	24	7e-68	  257
EMCGIT00000000882	TR30097_c1_g1_i3	89.78	186	19	0	8	193	242	57	1e-65	  250
EMCGIT00000001531	TR18608_c0_g1_i1	100.00	28	0	0	1	28	213	240	2e-06	51.8
EMCGIT00000001897	TR30097_c1_g1_i4	90.67	193	18	0	1	193	263	71	4e-71	  268
EMCGIT00000001897	TR30097_c1_g1_i1	90.67	193	18	0	1	193	255	63	4e-71	  268
EMCGIT00000001897	TR30097_c1_g1_i5	92.78	180	13	0	8	187	180	1	1e-70	  266
EMCGIT00000001897	TR30097_c1_g1_i5	90.78	141	13	0	34	174	318	178	2e-49	  196
EMCGIT00000001897	TR30097_c1_g1_i2	90.37	187	18	0	1	187	210	24	7e-68	  257
EMCGIT00000001897	TR30097_c1_g1_i3	89.78	186	19	0	8	193	242	57	1e-65	  250
EMCGIT00000001705	TR43142_c2_g1_i2	91.92	1807	127	14	26	1820	1	1800	0.0	 2554
EMCGIT00000001705	TR43142_c2_g1_i4	91.87	1808	127	14	26	1820	1	1801	0.0	 2553
EMCGIT00000001705	TR43142_c2_g1_i1	93.26	1291	76	9	26	1309	1	1287	0.0	 1905
EMCGIT00000001705	TR43142_c2_g1_i1	100.00	52	0	0	1247	1298	1318	1369	6e-18	95.1
EMCGIT00000001705	TR43142_c2_g1_i6	92.50	933	64	6	367	1296	1	930	0.0	 1346
EMCGIT00000001705	TR31699_c4_g3_i7	77.63	1055	197	15	93	1142	1	1021	0.0	  807
EMCGIT00000001705	TR31699_c4_g3_i3	79.96	928	163	14	241	1161	22	933	0.0	  792
EMCGIT00000001705	TR31699_c4_g3_i5	81.82	825	132	13	342	1161	7	818	0.0	  769
EMCGIT00000001705	TR31699_c4_g3_i6	81.55	824	136	12	342	1161	7	818	0.0	  762
EMCGIT00000001705	TR31699_c4_g3_i4	77.53	970	163	12	93	1053	1	924	0.0	  762
EMCGIT00000001705	TR31699_c4_g3_i10	80.25	805	142	12	342	1142	7	798	0.0	  697
EMCGIT00000001705	TR31699_c4_g3_i1	79.98	804	146	11	342	1142	12	803	0.0	  688
EMCGIT00000001705	TR12914_c0_g1_i1	85.35	621	79	8	558	1172	1	615	0.0	  684
EMCGIT00000001705	TR31699_c4_g3_i11	80.31	716	125	11	342	1053	7	710	2e-176	  621
EMCGIT00000001705	TR31699_c4_g3_i2	79.94	713	133	8	342	1053	7	710	3e-174	  614
EMCGIT00000001705	TR5274_c0_g1_i1	88.73	408	36	6	12	411	406	1	2e-143	  511
EMCGIT00000001705	TR31699_c4_g1_i1	87.06	371	43	5	795	1161	6	375	1e-120	  435
EMCGIT00000001705	TR43142_c2_g1_i3	96.09	256	10	0	367	622	1	256	4e-115	  417
EMCGIT00000001705	TR31699_c4_g3_i12	79.49	468	84	8	436	900	1	459	6e-106	  387
EMCGIT00000001705	TR43142_c2_g1_i5	91.80	256	21	0	367	622	1	256	6e-100	  367
EMCGIT00000001705	TR31699_c4_g4_i1	91.85	233	19	0	1096	1328	233	1	4e-90	  334
EMCGIT00000001705	TR31699_c4_g2_i1	91.42	233	20	0	1096	1328	233	1	4e-89	  331
EMCGIT00000001705	TR31699_c4_g3_i9	76.47	442	90	9	462	900	3	433	7e-80	  300
EMCGIT00000001705	TR3128_c0_g1_i1	85.32	218	30	2	1389	1604	223	6	2e-62	  242
EMCGIT00000001705	TR944_c0_g1_i1	74.17	360	86	5	766	1122	1	356	8e-54	  214
EMCGIT00000001705	TR25458_c0_g1_i2	80.82	245	42	5	1291	1531	1	244	3e-53	  212
EMCGIT00000001705	TR25458_c0_g1_i7	77.57	272	57	4	1291	1559	1	271	5e-50	  201
EMCGIT00000001705	TR25458_c0_g1_i6	82.11	218	34	5	1291	1504	1	217	2e-49	  199
EMCGIT00000001705	TR25458_c0_g1_i5	78.69	244	49	3	1291	1531	1	244	2e-48	  196
EMCGIT00000001705	TR25458_c0_g1_i3	79.72	217	41	3	1291	1504	1	217	1e-44	  183
EMCGIT00000001705	TR31699_c3_g1_i1	77.51	249	44	11	87	331	241	1	6e-37	  158
EMCGIT00000001705	TR31699_c4_g3_i8	78.00	150	26	5	754	900	124	269	3e-21	  105
EMCGIT00000001705	TR31558_c1_g2_i1	100.00	58	0	0	1	58	58	1	3e-21	  105
EMCGIT00000001705	TR19992_c0_g1_i1	68.09	235	36	8	131	327	9	242	3e-15	86.0
EMCGIT00000001705	TR19992_c0_g2_i1	66.81	238	37	7	131	327	9	245	1e-13	80.6
EMCGIT00000001705	TR39699_c10_g3_i1	80.95	63	12	0	1310	1372	63	1	1e-07	60.8
EMCGIT00000002124	TR28518_c1_g1_i4	90.72	97	9	0	21	117	202	106	3e-31	  134
EMCGIT00000002124	TR28518_c1_g1_i3	90.72	97	9	0	21	117	146	50	3e-31	  134
EMCGIT00000002124	TR28518_c1_g1_i2	90.72	97	9	0	21	117	155	59	3e-31	  134
EMCGIT00000002124	TR28518_c1_g1_i1	90.72	97	9	0	21	117	202	106	3e-31	  134
EMCGIT00000001526	TR38058_c1_g1_i1	83.93	112	18	0	165	276	8	119	6e-27	  122
EMCGIT00000001526	TR38058_c1_g1_i1	80.18	111	22	0	179	289	1	111	6e-21	  102
EMCGIT00000001526	TR38058_c1_g1_i1	83.52	91	15	0	201	291	2	92	2e-19	96.9
EMCGIT00000001526	TR38058_c1_g1_i1	81.44	97	18	0	16	112	119	23	8e-19	95.1
EMCGIT00000001526	TR38058_c1_g1_i1	82.42	91	16	0	1	91	92	2	3e-18	93.3
EMCGIT00000001526	TR38058_c1_g1_i1	78.18	110	24	0	3	112	111	2	1e-17	91.5
EMCGIT00000001526	TR38058_c1_g1_i1	83.10	71	12	0	221	291	1	71	8e-13	75.2
EMCGIT00000001526	TR38058_c1_g1_i1	77.27	88	18	1	58	143	119	32	4e-10	66.2
EMCGIT00000001666	TR38058_c1_g1_i1	83.93	112	18	0	16	127	119	8	6e-27	  122
EMCGIT00000001666	TR38058_c1_g1_i1	80.18	111	22	0	3	113	111	1	6e-21	  102
EMCGIT00000001666	TR38058_c1_g1_i1	83.52	91	15	0	1	91	92	2	2e-19	96.9
EMCGIT00000001666	TR38058_c1_g1_i1	81.44	97	18	0	180	276	23	119	8e-19	95.1
EMCGIT00000001666	TR38058_c1_g1_i1	82.42	91	16	0	201	291	2	92	3e-18	93.3
EMCGIT00000001666	TR38058_c1_g1_i1	78.18	110	24	0	180	289	2	111	1e-17	91.5
EMCGIT00000001666	TR38058_c1_g1_i1	83.10	71	12	0	1	71	71	1	8e-13	75.2
EMCGIT00000001666	TR38058_c1_g1_i1	77.27	88	18	1	149	234	32	119	4e-10	66.2
EMCGIT00000000045	TR28518_c1_g1_i4	93.86	114	7	0	1	114	219	106	4e-43	  174
EMCGIT00000000045	TR28518_c1_g1_i3	93.86	114	7	0	1	114	163	50	4e-43	  174
EMCGIT00000000045	TR28518_c1_g1_i2	93.86	114	7	0	1	114	172	59	4e-43	  174
EMCGIT00000000045	TR28518_c1_g1_i1	93.86	114	7	0	1	114	219	106	4e-43	  174
EMCGIT00000000963	TR43142_c2_g1_i2	80.42	1670	278	27	26	1663	1	1653	0.0	 1460
EMCGIT00000000963	TR43142_c2_g1_i4	80.37	1671	278	27	26	1663	1	1654	0.0	 1458
EMCGIT00000000963	TR31699_c4_g3_i7	90.85	1038	76	6	95	1130	1	1021	0.0	 1434
EMCGIT00000000963	TR31699_c4_g3_i1	97.51	803	19	1	329	1130	1	803	0.0	 1355
EMCGIT00000000963	TR31699_c4_g3_i10	97.49	798	19	1	334	1130	1	798	0.0	 1346
EMCGIT00000000963	TR31699_c4_g3_i6	92.55	819	57	4	334	1149	1	818	0.0	 1187
EMCGIT00000000963	TR31699_c4_g3_i3	89.29	906	93	4	247	1149	29	933	0.0	 1182
EMCGIT00000000963	TR31699_c4_g3_i5	92.31	819	59	4	334	1149	1	818	0.0	 1178
EMCGIT00000000963	TR31699_c4_g3_i11	93.72	764	47	1	334	1096	1	764	0.0	 1159
EMCGIT00000000963	TR43142_c2_g1_i1	80.75	1299	211	22	26	1297	1	1287	0.0	 1151
EMCGIT00000000963	TR43142_c2_g1_i1	94.23	52	3	0	1235	1286	1318	1369	1e-13	80.6
EMCGIT00000000963	TR31699_c4_g3_i2	93.19	764	51	1	334	1096	1	764	0.0	 1141
EMCGIT00000000963	TR31699_c4_g3_i4	81.27	1009	151	17	95	1096	1	978	0.0	  926
EMCGIT00000000963	TR43142_c2_g1_i6	81.58	939	145	15	365	1284	1	930	0.0	  872
EMCGIT00000000963	TR31699_c4_g3_i12	91.29	459	37	3	434	889	1	459	0.0	  637
EMCGIT00000000963	TR31699_c4_g3_i9	92.59	432	29	3	460	889	3	433	1e-177	  625
EMCGIT00000000963	TR12914_c0_g1_i1	79.07	621	110	14	554	1160	1	615	7e-137	  489
EMCGIT00000000963	TR31699_c4_g3_i8	95.54	269	12	0	621	889	1	269	2e-119	  432
EMCGIT00000000963	TR25458_c0_g1_i5	98.77	244	3	0	1279	1522	1	244	7e-118	  426
EMCGIT00000000963	TR31699_c3_g1_i1	98.77	243	3	0	87	329	243	1	2e-117	  425
EMCGIT00000000963	TR25458_c0_g1_i7	91.61	298	23	2	1279	1575	1	297	4e-115	  417
EMCGIT00000000963	TR31699_c4_g4_i1	97.53	243	6	0	1074	1316	243	1	2e-113	  412
EMCGIT00000000963	TR25458_c0_g1_i2	95.70	256	10	1	1279	1533	1	256	2e-112	  408
EMCGIT00000000963	TR25458_c0_g1_i3	94.92	256	12	1	1279	1534	1	255	1e-109	  399
EMCGIT00000000963	TR31699_c4_g2_i1	96.30	243	9	0	1074	1316	243	1	3e-109	  398
EMCGIT00000000963	TR25458_c0_g1_i6	92.58	256	18	1	1279	1534	1	255	1e-101	  372
EMCGIT00000000963	TR43142_c2_g1_i3	91.80	256	19	2	365	618	1	256	8e-98	  360
EMCGIT00000000963	TR43142_c2_g1_i5	89.45	256	25	2	365	618	1	256	1e-89	  333
EMCGIT00000000963	TR5274_c0_g1_i1	79.09	416	59	14	12	409	406	1	7e-86	  320
EMCGIT00000000963	TR944_c0_g1_i1	79.66	354	71	1	758	1110	3	356	4e-83	  311
EMCGIT00000000963	TR31699_c4_g1_i1	76.97	356	75	7	800	1149	21	375	4e-64	  248
EMCGIT00000000963	TR3128_c0_g1_i1	72.77	224	57	4	1374	1595	227	6	6e-24	  114
EMCGIT00000000963	TR31558_c1_g2_i1	100.00	55	0	0	3	57	56	2	1e-19	  100
EMCGIT00000000963	TR19992_c0_g2_i1	79.01	81	15	2	247	325	165	245	3e-08	62.6
EMCGIT00000000963	TR19992_c0_g2_i1	88.64	44	5	0	130	173	7	50	1e-06	57.2
EMCGIT00000000963	TR19992_c0_g1_i1	79.01	81	15	2	247	325	162	242	3e-08	62.6
EMCGIT00000000963	TR19992_c0_g1_i1	88.64	44	5	0	130	173	7	50	1e-06	57.2
EMCGIT00000000158	TR37096_c7_g3_i1	80.30	66	11	2	8	72	167	231	5e-07	53.6
EMCGIT00000000158	TR37096_c7_g2_i1	78.79	66	12	2	8	72	167	231	6e-06	50.0
EMCGIT00000000158	TR37096_c7_g1_i5	78.79	66	12	2	8	72	288	352	6e-06	50.0
EMCGIT00000000158	TR37096_c7_g1_i3	78.79	66	12	2	8	72	175	239	6e-06	50.0
EMCGIT00000000158	TR37096_c7_g1_i2	78.79	66	12	2	8	72	317	381	6e-06	50.0
EMCGIT00000000158	TR37096_c7_g1_i1	78.79	66	12	2	8	72	95	159	6e-06	50.0
EMCGIT00000002282	TR43142_c3_g2_i8	90.74	2106	162	15	1	2088	2464	374	0.0	 2881
EMCGIT00000002282	TR43142_c3_g2_i11	89.88	2124	164	16	1	2088	2482	374	0.0	 2836
EMCGIT00000002282	TR43142_c3_g2_i1	92.43	832	39	6	1257	2088	1027	220	0.0	 1211
EMCGIT00000002282	TR16329_c0_g1_i1	78.40	699	118	13	725	1412	1	677	3e-155	  551
EMCGIT00000002282	TR33405_c2_g1_i8	71.52	1064	185	27	434	1487	1	956	2e-151	  538
EMCGIT00000002282	TR27970_c0_g2_i1	79.80	604	92	14	84	682	1	579	4e-141	  504
EMCGIT00000002282	TR16478_c0_g1_i1	81.84	512	48	10	1612	2088	528	27	5e-140	  500
EMCGIT00000002282	TR27970_c0_g2_i3	79.59	588	94	11	84	668	1	565	7e-138	  493
EMCGIT00000002282	TR33405_c2_g1_i15	73.37	815	147	17	434	1245	1	748	1e-133	  479
EMCGIT00000002282	TR30866_c0_g2_i2	81.82	462	69	7	1628	2088	1	448	5e-121	  437
EMCGIT00000002282	TR30866_c0_g2_i3	81.60	462	68	8	1628	2088	1	446	7e-119	  430
EMCGIT00000002282	TR33405_c2_g1_i13	71.47	764	142	17	434	1193	1	692	7e-106	  387
EMCGIT00000002282	TR43142_c3_g2_i2	95.80	238	10	0	1494	1731	248	11	3e-105	  385
EMCGIT00000002282	TR43142_c3_g2_i12	95.44	241	9	2	1494	1733	240	1	4e-103	  378
EMCGIT00000002282	TR30866_c0_g1_i1	78.83	463	77	8	1628	2088	1	444	1e-102	  376
EMCGIT00000002282	TR43142_c3_g1_i1	93.00	243	17	0	1338	1580	243	1	3e-98	  361
EMCGIT00000002282	TR30866_c0_g2_i1	79.67	418	69	7	1671	2088	1	402	4e-96	  354
EMCGIT00000002282	TR21246_c0_g1_i1	76.02	492	91	9	664	1147	1	473	9e-92	  340
EMCGIT00000002282	TR27970_c0_g3_i1	86.21	290	38	2	176	465	1	288	1e-90	  336
EMCGIT00000002282	TR30866_c0_g4_i1	77.56	401	80	3	1628	2028	1	391	1e-83	  313
EMCGIT00000002282	TR27970_c0_g1_i1	83.28	287	43	3	207	491	2	285	1e-77	  293
EMCGIT00000002282	TR33405_c2_g1_i6	72.73	495	74	11	434	927	1	435	2e-76	  289
EMCGIT00000002282	TR33405_c2_g1_i3	72.03	572	114	18	910	1475	1	532	4e-71	  271
EMCGIT00000002282	TR33405_c2_g1_i2	77.75	364	74	6	885	1245	1	360	4e-71	  271
EMCGIT00000002282	TR27970_c0_g2_i4	80.55	293	38	5	277	567	10	285	2e-69	  266
EMCGIT00000002282	TR33405_c2_g1_i9	70.77	544	92	14	434	971	1	483	2e-68	  262
EMCGIT00000002282	TR27970_c0_g2_i2	79.33	329	61	7	194	519	4	328	2e-68	  262
EMCGIT00000002282	TR43142_c3_g2_i7	87.80	205	20	1	1	205	200	1	9e-67	  257
EMCGIT00000002282	TR43142_c0_g1_i1	81.14	281	40	5	1746	2019	275	1	9e-67	  257
EMCGIT00000002282	TR33405_c2_g1_i11	73.17	451	83	14	1028	1475	47	462	2e-61	  239
EMCGIT00000002282	TR33405_c2_g1_i1	79.37	286	49	6	910	1192	1	279	4e-59	  232
EMCGIT00000002282	TR33405_c2_g1_i1	86.30	73	10	0	1354	1426	411	483	1e-15	87.8
EMCGIT00000002282	TR33405_c2_g1_i12	72.55	419	79	12	1060	1475	25	410	3e-54	  215
EMCGIT00000002282	TR30866_c0_g1_i2	80.50	241	45	2	1850	2088	35	275	3e-54	  215
EMCGIT00000002282	TR33405_c2_g1_i7	73.33	345	47	8	584	927	25	325	3e-53	  212
EMCGIT00000002282	TR33405_c2_g1_i4	87.88	165	18	2	1028	1192	47	209	6e-50	  201
EMCGIT00000002282	TR33405_c2_g1_i4	86.30	73	10	0	1354	1426	342	414	1e-15	87.8
EMCGIT00000002282	TR43142_c3_g2_i6	93.18	132	9	0	1957	2088	234	103	7e-49	  197
EMCGIT00000002282	TR33405_c2_g1_i14	74.75	301	54	5	434	731	1	282	7e-49	  197
EMCGIT00000002282	TR30866_c0_g3_i1	74.69	320	68	6	1713	2028	4	314	7e-49	  197
EMCGIT00000002282	TR43142_c3_g2_i4	92.42	132	10	0	1957	2088	316	185	9e-48	  194
EMCGIT00000002282	TR33405_c2_g1_i17	85.80	169	22	1	1024	1192	1	167	9e-48	  194
EMCGIT00000002282	TR33405_c2_g1_i17	85.45	55	8	0	1354	1408	299	353	1e-08	64.4
EMCGIT00000002282	TR33405_c2_g1_i16	70.65	460	97	14	1007	1462	22	447	3e-47	  192
EMCGIT00000002282	TR33405_c2_g1_i5	90.44	136	13	0	1057	1192	18	153	1e-45	  187
EMCGIT00000002282	TR33405_c2_g1_i5	86.30	73	10	0	1354	1426	286	358	1e-15	87.8
EMCGIT00000002282	TR33405_c2_g1_i10	91.94	124	10	0	631	754	1	124	2e-43	  179
EMCGIT00000002282	TR43939_c0_g1_i1	75.37	272	60	4	868	1135	2	270	7e-43	  178
EMCGIT00000002282	TR33405_c2_g1_i19	89.47	133	14	0	1060	1192	25	157	7e-43	  178
EMCGIT00000002282	TR33405_c2_g1_i19	86.30	73	10	0	1354	1426	290	362	1e-15	87.8
EMCGIT00000002282	TR33405_c2_g1_i18	90.00	130	13	0	1063	1192	25	154	2e-42	  176
EMCGIT00000002282	TR33405_c2_g1_i18	85.45	55	8	0	1354	1408	286	340	1e-08	64.4
EMCGIT00000002282	TR43142_c0_g2_i1	78.37	208	32	5	1746	1946	221	20	5e-38	  161
EMCGIT00000002282	TR43142_c3_g2_i5	87.50	72	9	0	2017	2088	256	185	3e-16	89.7
EMCGIT00000002282	TR34327_c4_g6_i1	91.67	48	4	0	1	48	664	711	3e-10	69.8
EMCGIT00000002282	TR34327_c4_g2_i2	91.67	48	4	0	1	48	818	865	3e-10	69.8
EMCGIT00000002282	TR34327_c4_g1_i7	91.67	48	4	0	1	48	808	855	3e-10	69.8
EMCGIT00000002282	TR34327_c4_g1_i1	91.67	48	4	0	1	48	925	972	3e-10	69.8
EMCGIT00000002282	TR37471_c5_g1_i15	73.58	106	28	0	1494	1599	1	106	3e-09	66.2
EMCGIT00000002282	TR43130_c5_g2_i1	73.04	115	30	1	1870	1984	96	209	1e-08	64.4
EMCGIT00000002282	TR33405_c2_g2_i1	75.86	87	21	0	885	971	155	241	4e-08	62.6
EMCGIT00000002282	TR33405_c2_g2_i1	80.33	61	12	0	684	744	1	61	2e-06	57.2
EMCGIT00000002282	TR33289_c1_g2_i2	72.64	106	28	1	1880	1985	241	137	2e-06	57.2
