EMCGIT00000001674	Control_contig_4_(0)_consensus	90.36	1172	87	11	1196	2354	2114	956	0.0	 1579
EMCGIT00000001674	Control_contig_4_(1)_consensus	90.17	814	67	9	328	1132	810	1	0.0	 1079
EMCGIT00000001674	Control_contig_16104_consensus	98.88	178	2	0	2036	2213	178	1	8e-84	  313
EMCGIT00000001674	Control_contig_16104_consensus	97.40	77	2	0	2250	2326	253	177	5e-29	  131
EMCGIT00000001674	Control_contig_589_(0)_consensus	78.93	318	42	10	1295	1602	3	305	8e-65	  250
EMCGIT00000001674	Control_contig_589_(1)_consensus	88.07	176	21	0	1559	1734	1	176	1e-56	  223
EMCGIT00000001674	Control_contig_5_consensus	85.47	172	21	1	2187	2354	1	172	4e-49	  197
EMCGIT00000001674	Control_contig_33972_consensus	72.89	343	70	8	1393	1733	117	438	3e-45	  185
EMCGIT00000001674	Control_contig_14374_consensus	93.86	114	5	1	2241	2354	5	116	2e-41	  172
EMCGIT00000001674	Control_contig_22914_consensus	74.73	277	63	6	1391	1662	82	356	9e-39	  163
EMCGIT00000001674	Control_contig_23614_consensus	84.40	141	22	0	538	678	133	273	1e-36	  156
EMCGIT00000000946	Control_contig_4_(0)_consensus	90.43	1170	86	11	1258	2414	2114	958	0.0	 1579
EMCGIT00000000946	Control_contig_4_(1)_consensus	90.04	813	70	8	390	1194	810	1	0.0	 1076
EMCGIT00000000946	Control_contig_16104_consensus	98.88	178	2	0	2098	2275	178	1	8e-84	  313
EMCGIT00000000946	Control_contig_16104_consensus	97.40	77	2	0	2312	2388	253	177	6e-29	  131
EMCGIT00000000946	Control_contig_589_(0)_consensus	78.93	318	42	10	1357	1664	3	305	8e-65	  250
EMCGIT00000000946	Control_contig_589_(1)_consensus	88.64	176	20	0	1621	1796	1	176	3e-58	  228
EMCGIT00000000946	Control_contig_5_consensus	85.29	170	21	1	2249	2414	1	170	6e-48	  194
EMCGIT00000000946	Control_contig_33972_consensus	72.89	343	70	8	1455	1795	117	438	3e-45	  185
EMCGIT00000000946	Control_contig_14374_consensus	93.75	112	5	1	2303	2414	5	114	2e-40	  168
EMCGIT00000000946	Control_contig_22914_consensus	74.73	277	63	6	1453	1724	82	356	9e-39	  163
EMCGIT00000000946	Control_contig_23614_consensus	84.40	141	22	0	600	740	133	273	1e-36	  156
EMCGIT00000002499	Control_contig_4_(0)_consensus	92.21	1823	110	13	1774	3583	2114	311	0.0	 2617
EMCGIT00000002499	Control_contig_4_(1)_consensus	89.93	814	69	9	906	1710	810	1	0.0	 1070
EMCGIT00000002499	Control_contig_4_(1)_consensus	81.88	607	90	12	90	692	1642	1052	4e-159	  563
EMCGIT00000002499	Control_contig_14374_consensus	89.96	269	21	2	2819	3087	5	267	9e-98	  360
EMCGIT00000002499	Control_contig_746_consensus	83.89	329	46	5	172	498	324	1	3e-91	  338
EMCGIT00000002499	Control_contig_5_consensus	82.73	330	36	9	2765	3083	1	320	1e-84	  316
EMCGIT00000002499	Control_contig_16104_consensus	98.88	178	2	0	2614	2791	178	1	1e-83	  313
EMCGIT00000002499	Control_contig_16104_consensus	97.40	77	2	0	2828	2904	253	177	8e-29	  131
EMCGIT00000002499	Control_contig_589_(0)_consensus	78.93	318	42	10	1873	2180	3	305	1e-64	  250
EMCGIT00000002499	Control_contig_589_(1)_consensus	88.64	176	20	0	2137	2312	1	176	4e-58	  228
EMCGIT00000002499	Control_contig_33972_consensus	72.89	343	70	8	1971	2311	117	438	4e-45	  185
EMCGIT00000002499	Control_contig_15206_(0)_consensus	80.42	189	36	1	3085	3272	1	189	9e-41	  170
EMCGIT00000002499	Control_contig_22914_consensus	74.73	277	63	6	1969	2240	82	356	1e-38	  163
EMCGIT00000002499	Control_contig_23614_consensus	84.40	141	22	0	1116	1256	133	273	2e-36	  156
EMCGIT00000002499	Control_contig_4446_(0)_consensus	83.92	143	22	1	361	503	403	262	9e-35	  150
EMCGIT00000002499	Control_contig_15206_(1)_consensus	78.05	164	34	1	3420	3583	1	162	8e-29	  131
EMCGIT00000002499	Control_contig_15205_(1)_consensus	77.91	163	32	2	3422	3583	174	15	1e-27	  127
EMCGIT00000002499	Control_contig_2006_consensus	83.64	110	18	0	405	514	190	299	5e-25	  118
EMCGIT00000002499	Control_contig_68254_consensus	90.00	80	8	0	123	202	252	173	3e-22	  109
EMCGIT00000000503	Control_contig_129_consensus	93.08	1257	76	9	1	1250	1253	1	0.0	 1844
EMCGIT00000000503	Control_contig_9782_consensus	80.85	376	61	7	618	987	371	1	7e-90	  333
EMCGIT00000000503	Control_contig_32502_consensus	84.91	285	41	2	832	1115	284	1	6e-84	  313
EMCGIT00000000503	Control_contig_18149_consensus	88.09	235	26	2	1462	1695	1	234	2e-77	  291
EMCGIT00000000503	Control_contig_7082_(1)_consensus	87.50	232	24	4	762	988	232	1	2e-72	  275
EMCGIT00000000503	Control_contig_22538_(1)_consensus	92.39	184	8	2	1266	1443	184	1	8e-70	  266
EMCGIT00000000503	Control_contig_14795_consensus	80.13	302	57	3	750	1049	304	4	3e-69	  264
EMCGIT00000000503	Control_contig_4363_(0)_consensus	92.26	155	11	1	1436	1589	1	155	9e-57	  223
EMCGIT00000000503	Control_contig_7082_(0)_consensus	82.48	137	22	2	1007	1142	136	1	1e-29	  132
EMCGIT00000000352	Control_contig_129_consensus	94.44	954	47	6	1	951	951	1	0.0	 1460
EMCGIT00000000352	Control_contig_9782_consensus	80.59	376	62	7	319	688	371	1	2e-88	  327
EMCGIT00000000352	Control_contig_32502_consensus	84.91	285	41	2	533	816	284	1	5e-84	  313
EMCGIT00000000352	Control_contig_18149_consensus	88.09	235	26	2	1163	1396	1	234	2e-77	  291
EMCGIT00000000352	Control_contig_7082_(1)_consensus	87.50	232	24	4	463	689	232	1	1e-72	  275
EMCGIT00000000352	Control_contig_22538_(1)_consensus	92.39	184	8	2	967	1144	184	1	7e-70	  266
EMCGIT00000000352	Control_contig_14795_consensus	80.13	302	57	3	451	750	304	4	2e-69	  264
EMCGIT00000000352	Control_contig_4363_(0)_consensus	92.26	155	11	1	1137	1290	1	155	7e-57	  223
EMCGIT00000000352	Control_contig_7082_(0)_consensus	82.48	137	22	2	708	843	136	1	1e-29	  132
EMCGIT00000002299	Control_contig_129_consensus	93.02	1261	77	9	1	1254	1257	1	0.0	 1847
EMCGIT00000002299	Control_contig_9782_consensus	80.59	376	62	7	622	991	371	1	2e-88	  327
EMCGIT00000002299	Control_contig_32502_consensus	84.56	285	42	2	836	1119	284	1	6e-83	  309
EMCGIT00000002299	Control_contig_7082_(1)_consensus	87.07	232	25	4	766	992	232	1	5e-71	  269
EMCGIT00000002299	Control_contig_14795_consensus	79.80	302	58	3	754	1053	304	4	9e-68	  259
EMCGIT00000002299	Control_contig_22538_(1)_consensus	98.08	104	2	0	1270	1373	184	81	7e-44	  179
EMCGIT00000002299	Control_contig_7082_(0)_consensus	82.48	137	22	2	1011	1146	136	1	9e-30	  132
EMCGIT00000001705	Control_contig_129_consensus	93.10	1261	76	9	1	1254	1257	1	0.0	 1851
EMCGIT00000001705	Control_contig_9782_consensus	80.85	376	61	7	622	991	371	1	7e-90	  333
EMCGIT00000001705	Control_contig_32502_consensus	84.91	285	41	2	836	1119	284	1	6e-84	  313
EMCGIT00000001705	Control_contig_18149_consensus	88.09	235	26	2	1466	1699	1	234	2e-77	  291
EMCGIT00000001705	Control_contig_7082_(1)_consensus	87.50	232	24	4	766	992	232	1	2e-72	  275
EMCGIT00000001705	Control_contig_22538_(1)_consensus	92.39	184	8	2	1270	1447	184	1	8e-70	  266
EMCGIT00000001705	Control_contig_14795_consensus	80.13	302	57	3	754	1053	304	4	3e-69	  264
EMCGIT00000001705	Control_contig_4363_(0)_consensus	92.26	155	11	1	1440	1593	1	155	9e-57	  223
EMCGIT00000001705	Control_contig_7082_(0)_consensus	82.48	137	22	2	1011	1146	136	1	1e-29	  132
EMCGIT00000001526	Control_contig_54095_(1)_consensus	83.93	112	18	0	165	276	809	698	3e-27	  122
EMCGIT00000001526	Control_contig_54095_(1)_consensus	83.33	114	19	0	178	291	838	725	1e-26	  120
EMCGIT00000001526	Control_contig_54095_(1)_consensus	80.80	125	24	0	165	289	830	706	4e-26	  118
EMCGIT00000001526	Control_contig_54095_(1)_consensus	82.14	112	20	0	1	112	725	836	2e-24	  113
EMCGIT00000001526	Control_contig_69707_consensus	84.85	99	15	0	178	276	1	99	6e-24	  111
EMCGIT00000001526	Control_contig_69707_consensus	83.51	97	16	0	16	112	99	3	9e-22	  104
EMCGIT00000001666	Control_contig_54095_(1)_consensus	83.93	112	18	0	16	127	698	809	3e-27	  122
EMCGIT00000001666	Control_contig_54095_(1)_consensus	83.33	114	19	0	1	114	725	838	1e-26	  120
EMCGIT00000001666	Control_contig_54095_(1)_consensus	80.80	125	24	0	3	127	706	830	4e-26	  118
EMCGIT00000001666	Control_contig_54095_(1)_consensus	82.14	112	20	0	180	291	836	725	2e-24	  113
EMCGIT00000001666	Control_contig_69707_consensus	84.85	99	15	0	16	114	99	1	6e-24	  111
EMCGIT00000001666	Control_contig_69707_consensus	83.51	97	16	0	180	276	3	99	9e-22	  104
EMCGIT00000000963	Control_contig_129_consensus	80.48	1260	217	19	3	1240	1255	3	0.0	 1104
EMCGIT00000000963	Control_contig_14795_consensus	81.97	305	51	4	744	1045	304	1	2e-76	  288
EMCGIT00000000963	Control_contig_65690_(0)_consensus	98.67	150	0	1	1436	1583	1	150	1e-67	  259
EMCGIT00000000963	Control_contig_32502_consensus	77.11	284	63	2	826	1107	284	1	1e-53	  212
EMCGIT00000000963	Control_contig_18149_consensus	82.55	212	35	2	1457	1667	1	211	2e-52	  208
EMCGIT00000000963	Control_contig_9782_consensus	73.33	375	84	10	618	980	371	1	1e-48	  196
EMCGIT00000000963	Control_contig_7082_(1)_consensus	77.49	231	44	6	758	981	230	1	7e-39	  163
EMCGIT00000000963	Control_contig_22538_(1)_consensus	77.49	191	26	4	1258	1438	184	1	1e-34	  149
EMCGIT00000000963	Control_contig_4363_(0)_consensus	75.48	155	37	1	1431	1584	1	155	2e-21	  105
EMCGIT00000002282	Control_contig_4_(0)_consensus	90.91	1496	108	11	608	2088	2114	632	0.0	 2060
EMCGIT00000002282	Control_contig_4_(1)_consensus	91.59	547	41	4	1	544	545	1	0.0	  765
EMCGIT00000002282	Control_contig_14374_consensus	89.96	269	21	2	1647	1915	5	267	5e-98	  360
EMCGIT00000002282	Control_contig_5_consensus	82.73	330	36	9	1593	1911	1	320	6e-85	  316
EMCGIT00000002282	Control_contig_16104_consensus	98.88	178	2	0	1442	1619	178	1	7e-84	  313
EMCGIT00000002282	Control_contig_16104_consensus	97.40	77	2	0	1656	1732	253	177	5e-29	  131
EMCGIT00000002282	Control_contig_589_(0)_consensus	79.87	313	42	9	707	1008	3	305	1e-67	  259
EMCGIT00000002282	Control_contig_589_(1)_consensus	88.64	176	20	0	965	1140	1	176	2e-58	  228
EMCGIT00000002282	Control_contig_33972_consensus	72.89	343	70	8	799	1139	117	438	2e-45	  185
EMCGIT00000002282	Control_contig_22914_consensus	70.67	375	84	8	701	1068	1	356	2e-40	  168
EMCGIT00000002282	Control_contig_15206_(0)_consensus	79.10	177	36	1	1913	2088	1	177	2e-34	  149
