Control_contig_10978_(1)_consensus	scaffold43708	81.45	221	30	4	196	414	80832	80621	1e-51	206
Control_contig_10978_(1)_consensus	scaffold43708	92.20	141	8	1	274	414	81231	81094	1e-50	203
Control_contig_10978_(1)_consensus	scaffold40154	80.54	221	32	5	196	414	71035	70824	3e-47	192
Control_contig_10978_(1)_consensus	scaffold40154	90.07	141	11	1	274	414	71298	71161	9e-47	190
Control_contig_16023_(1)_consensus	scaffold40154	83.91	174	19	2	461	634	68931	69095	3e-45	187
Control_contig_16023_(1)_consensus	scaffold43708	82.18	174	17	3	461	634	79246	79405	2e-41	174
Control_contig_17045_consensus	scaffold40154	77.16	324	35	7	66	355	71298	70980	4e-66	255
Control_contig_17045_consensus	scaffold40154	74.93	347	53	9	30	346	71178	70836	7e-57	224
Control_contig_17045_consensus	scaffold43708	85.14	222	27	4	128	346	80851	80633	3e-61	239
Control_contig_17045_consensus	scaffold43708	80.62	258	27	5	66	313	81231	80987	3e-61	239
Control_contig_23712_(0)_consensus	scaffold586	75.99	354	54	10	6	349	8330	7998	5e-61	239
Control_contig_3871_(0)_consensus	scaffold43708	84.93	637	37	11	1010	1602	80137	79516	0.0	720
Control_contig_3871_(0)_consensus	scaffold40154	82.91	667	53	10	999	1621	69822	69173	0.0	699
Control_contig_39685_consensus	scaffold40154	77.95	322	39	4	469	761	70980	71298	8e-71	271
Control_contig_39685_consensus	scaffold40154	75.19	395	54	9	484	846	70843	71225	3e-70	269
Control_contig_39685_consensus	scaffold40154	78.07	269	46	5	576	838	70774	71035	8e-52	208
Control_contig_39685_consensus	scaffold43708	86.43	221	22	3	546	761	81014	81231	2e-66	257
Control_contig_39685_consensus	scaffold43708	79.55	269	42	5	576	838	80571	80832	3e-57	226
Control_contig_39685_consensus	scaffold43708	83.33	222	23	5	484	700	80640	80852	1e-56	224
Control_contig_4106_consensus	scaffold40154	74.08	463	81	7	1181	1616	70775	71225	2e-78	298
Control_contig_4106_consensus	scaffold40154	77.12	354	53	3	1202	1530	70948	71298	1e-74	286
Control_contig_4106_consensus	scaffold40154	79.26	270	46	5	1341	1608	70774	71035	5e-55	221
Control_contig_4106_consensus	scaffold43708	80.97	289	46	2	1181	1469	80572	80851	9e-71	273
Control_contig_4106_consensus	scaffold43708	83.71	221	32	2	1311	1530	81014	81231	3e-58	232
Control_contig_4106_consensus	scaffold43708	79.63	270	45	4	1341	1608	80571	80832	9e-58	230
Control_contig_4627_consensus	scaffold40154	74.74	479	65	8	272	710	71298	70836	3e-89	333
Control_contig_4627_consensus	scaffold40154	71.90	459	75	9	185	604	71225	70782	7e-66	255
Control_contig_4627_consensus	scaffold40154	77.74	274	44	7	193	463	71035	70776	4e-50	203
Control_contig_4627_consensus	scaffold43708	83.73	252	29	4	272	518	81231	80987	5e-68	262
Control_contig_4627_consensus	scaffold43708	76.45	293	46	3	332	612	80852	80571	1e-56	224
Control_contig_4627_consensus	scaffold43708	78.10	274	43	7	193	463	80832	80573	9e-52	208
Control_contig_4627_consensus	scaffold43708	68.94	557	111	17	185	710	81158	80633	1e-50	205
Control_contig_46663_(1)_consensus	scaffold461	93.86	293	18	0	1	293	455695	455987	1e-124	448
Control_contig_46663_(1)_consensus	scaffold885	93.52	293	19	0	1	293	919969	920261	6e-123	443
Control_contig_46663_(1)_consensus	scaffold43794	93.17	293	20	0	1	293	186324	186032	7e-122	439
Control_contig_46663_(1)_consensus	scaffold498	93.20	294	19	1	1	293	230938	230645	3e-121	437
Control_contig_46663_(1)_consensus	scaffold322	93.49	292	18	1	2	293	163344	163634	3e-121	437
Control_contig_46663_(1)_consensus	scaffold552	93.17	293	18	2	1	293	101215	101505	1e-119	432
Control_contig_46663_(1)_consensus	scaffold38306	92.52	294	20	2	1	293	4158	4450	2e-117	425
Control_contig_46663_(1)_consensus	scaffold835	92.15	293	22	1	1	293	368737	369028	2e-116	421
Control_contig_46663_(1)_consensus	scaffold43388	91.81	293	22	1	1	293	111931	112221	2e-115	417
Control_contig_46663_(1)_consensus	scaffold40154	91.47	293	24	1	1	293	72995	73286	1e-113	412
Control_contig_46663_(1)_consensus	scaffold321	91.16	294	25	1	1	293	569845	569552	4e-113	410
Control_contig_46663_(1)_consensus	scaffold1428	90.33	300	22	3	1	293	8974	8675	5e-111	403
Control_contig_46663_(1)_consensus	scaffold191	90.20	296	22	2	1	293	199152	198861	2e-110	401
