Control_contig_10195_consensus	SRR1598943_1_(paired)_contig_19	69.91	339	62	24	106	441	2366	2065	2e-23	103
Control_contig_10235_(0)_consensus	SRR1598943_1_(paired)_contig_34	75.92	245	41	12	62	296	3944	3708	4e-35	141
Control_contig_10240_consensus	SRR1598943_1_(paired)_contig_19	74.52	208	47	6	8	213	2475	2678	5e-27	116
Control_contig_10284_consensus	SRR1598943_1_(paired)_contig_17	81.75	126	20	3	452	576	9127	9250	2e-24	108
Control_contig_1036_consensus	SRR1598943_1_(paired)_contig_28	75.27	275	33	16	348	592	9168	9437	5e-34	140
Control_contig_1038_consensus	SRR1598943_1_(paired)_contig_28	75.94	187	31	6	3	175	9243	9429	4e-25	108
Control_contig_10531_(0)_consensus	SRR1598943_1_(paired)_contig_6	80.00	155	22	4	194	340	12318	12471	6e-28	118
Control_contig_10629_consensus	SRR1598943_1_(paired)_contig_28	75.45	167	31	6	96	252	9338	9172	4e-21	95.9
Control_contig_10630_consensus	SRR1598943_1_(paired)_contig_28	77.84	167	27	6	119	275	9338	9172	7e-26	111
Control_contig_10650_consensus	SRR1598943_1_(paired)_contig_1	76.36	220	46	5	54	267	3610	3391	1e-34	140
Control_contig_10678_(2)_consensus	SRR1598943_1_(paired)_contig_25	78.93	242	44	4	126	362	242	3	5e-46	178
Control_contig_1069_(1)_consensus	SRR1598943_1_(paired)_contig_6	76.92	182	25	7	152	317	12293	12473	1e-25	110
Control_contig_10792_(1)_consensus	SRR1598943_1_(paired)_contig_20	79.66	236	37	2	121	346	8910	9144	1e-45	176
Control_contig_10852_(0)_consensus	SRR1598943_1_(paired)_contig_20	77.13	328	47	15	1	317	9208	8898	3e-53	202
Control_contig_10858_consensus	SRR1598943_1_(paired)_contig_2	74.73	368	37	30	78	400	7102	6746	4e-44	172
Control_contig_11335_(2)_consensus	SRR1598943_1_(paired)_contig_17	82.09	134	20	4	149	280	9123	9254	2e-27	116
Control_contig_1150_(1)_consensus	SRR1598943_1_(paired)_contig_6	78.41	176	26	7	195	364	12300	12469	6e-29	121
Control_contig_11629_(0)_consensus	SRR1598943_1_(paired)_contig_6	74.01	177	38	4	3	172	12473	12298	6e-21	94.3
Control_contig_11723_consensus	SRR1598943_1_(paired)_contig_19	73.08	234	52	11	67	297	2065	2290	1e-26	114
Control_contig_11724_consensus	SRR1598943_1_(paired)_contig_19	79.30	256	40	12	134	385	2043	2289	6e-49	187
Control_contig_12351_(1)_consensus	SRR1598943_1_(paired)_contig_19	74.04	208	48	5	1846	2051	2475	2678	9e-26	113
Control_contig_12816_(0)_consensus	SRR1598943_1_(paired)_contig_19	75.26	194	40	7	753	944	2678	2491	3e-26	113
Control_contig_13301_consensus	SRR1598943_1_(paired)_contig_28	75.17	286	34	13	1195	1443	9429	9144	2e-35	145
Control_contig_13301_consensus	SRR1598943_1_(paired)_contig_6	75.96	183	36	3	73	249	12293	12473	2e-25	111
Control_contig_13356_consensus	SRR1598943_1_(paired)_contig_19	77.85	149	28	5	759	906	2466	2610	2e-23	103
Control_contig_13475_(1)_consensus	SRR1598943_1_(paired)_contig_19	78.44	167	29	6	1	165	2517	2678	7e-28	118
Control_contig_13544_(1)_consensus	SRR1598943_1_(paired)_contig_1	93.55	93	6	0	649	741	9103	9195	4e-30	126
Control_contig_13575_consensus	SRR1598943_1_(paired)_contig_1	79.33	179	27	7	866	1038	8884	8710	4e-31	130
Control_contig_13576_consensus	SRR1598943_1_(paired)_contig_1	79.21	178	28	6	861	1032	8884	8710	3e-31	130
Control_contig_13709_consensus	SRR1598943_1_(paired)_contig_19	74.59	181	38	8	245	421	2502	2678	2e-22	100
Control_contig_13739_consensus	SRR1598943_1_(paired)_contig_2	77.64	161	17	11	65	211	7893	8048	2e-22	99.1
Control_contig_13741_(1)_consensus	SRR1598943_1_(paired)_contig_2	75.31	239	27	7	388	594	7810	8048	9e-29	121
Control_contig_13792_consensus	SRR1598943_1_(paired)_contig_28	79.47	263	43	3	640	891	9430	9168	7e-51	195
Control_contig_14091_consensus	SRR1598943_1_(paired)_contig_6	78.77	179	31	4	92	263	12295	12473	8e-31	129
Control_contig_14176_consensus	SRR1598943_1_(paired)_contig_6	74.47	188	37	5	366	546	12294	12477	1e-22	100
Control_contig_14467_consensus	SRR1598943_1_(paired)_contig_15	98.36	61	1	0	1	61	15564	15504	5e-21	94.3
Control_contig_14756_(3)_consensus	SRR1598943_1_(paired)_contig_15	82.14	168	18	5	17	184	8716	8561	2e-34	140
Control_contig_14915_(1)_consensus	SRR1598943_1_(paired)_contig_4	69.90	289	68	14	763	1041	9777	10056	3e-22	100
Control_contig_15372_consensus	SRR1598943_1_(paired)_contig_19	75.12	213	37	9	373	574	2676	2469	4e-27	116
Control_contig_15655_consensus	SRR1598943_1_(paired)_contig_20	82.14	112	19	1	267	378	7351	7241	8e-22	99.1
Control_contig_15753_(1)_consensus	SRR1598943_1_(paired)_contig_20	84.91	106	14	2	1400	1504	7245	7349	1e-23	105
Control_contig_15765_consensus	SRR1598943_1_(paired)_contig_20	83.96	106	15	2	163	267	7349	7245	6e-23	100
Control_contig_15865_consensus	SRR1598943_1_(paired)_contig_28	75.36	276	43	16	62	315	9163	9435	1e-37	149
Control_contig_16546_consensus	SRR1598943_1_(paired)_contig_6	76.24	181	33	8	45	217	12293	12471	1e-25	110
Control_contig_16553_consensus	SRR1598943_1_(paired)_contig_1	72.73	253	60	6	360	604	8710	8961	5e-29	122
Control_contig_16730_consensus	SRR1598943_1_(paired)_contig_4	68.23	384	97	19	117	485	9791	10164	1e-24	106
Control_contig_16737_consensus	SRR1598943_1_(paired)_contig_20	81.98	111	19	1	472	581	7241	7351	1e-21	97.5
Control_contig_17062_consensus	SRR1598943_1_(paired)_contig_19	75.60	209	31	10	261	453	2679	2475	2e-26	114
Control_contig_17063_consensus	SRR1598943_1_(paired)_contig_19	80.27	147	26	3	837	981	2468	2613	1e-27	118
Control_contig_17269_(0)_consensus	SRR1598943_1_(paired)_contig_27	79.89	184	31	5	542	723	5518	5697	8e-35	141
Control_contig_17655_(1)_consensus	SRR1598943_1_(paired)_contig_15	91.18	34	2	1	313	345	13424	13391	5e-35	141
Control_contig_17655_(1)_consensus	SRR1598943_1_(paired)_contig_15	82.99	147	19	5	368	513	13398	13257	1e-31	130
Control_contig_18165_(0)_consensus	SRR1598943_1_(paired)_contig_19	76.61	218	43	7	784	997	2678	2465	1e-33	138
Control_contig_18687_consensus	SRR1598943_1_(paired)_contig_27	76.47	170	37	3	227	395	5518	5685	1e-25	110
Control_contig_18792_(0)_consensus	SRR1598943_1_(paired)_contig_20	71.71	251	48	14	303	540	6570	6330	4e-22	100
Control_contig_18792_(0)_consensus	SRR1598943_1_(paired)_contig_20	77.55	147	29	4	636	782	6626	6484	4e-22	100
Control_contig_18792_(0)_consensus	SRR1598943_1_(paired)_contig_20	71.37	241	54	11	300	530	6723	6488	1e-21	99.1
Control_contig_1885_consensus	SRR1598943_1_(paired)_contig_19	73.71	213	45	7	116	326	2475	2678	2e-24	108
Control_contig_19111_(0)_consensus	SRR1598943_1_(paired)_contig_1	72.12	226	44	11	446	661	9081	8865	6e-21	95.9
Control_contig_19189_consensus	SRR1598943_1_(paired)_contig_6	76.50	183	31	7	162	338	12476	12300	5e-26	111
Control_contig_19258_(0)_consensus	SRR1598943_1_(paired)_contig_1	83.65	104	11	1	2	99	8838	8941	7e-21	94.3
Control_contig_1930_(2)_consensus	SRR1598943_1_(paired)_contig_19	85.62	153	17	4	1054	1205	2465	2613	5e-38	153
Control_contig_19714_consensus	SRR1598943_1_(paired)_contig_4	73.02	189	44	6	312	496	9776	9961	9e-21	94.3
Control_contig_20303_consensus	SRR1598943_1_(paired)_contig_28	83.05	118	20	0	575	692	9169	9286	2e-25	110
Control_contig_2047_consensus	SRR1598943_1_(paired)_contig_15	85.07	134	13	5	114	245	14133	14261	2e-31	129
Control_contig_20661_(0)_consensus	SRR1598943_1_(paired)_contig_1	78.98	157	30	3	189	344	5113	5267	7e-28	118
Control_contig_21232_(0)_consensus	SRR1598943_1_(paired)_contig_33	80.87	115	22	0	680	794	7302	7416	2e-21	97.5
Control_contig_21485_consensus	SRR1598943_1_(paired)_contig_6	78.02	182	32	7	204	378	12293	12473	2e-30	126
Control_contig_21802_consensus	SRR1598943_1_(paired)_contig_19	82.53	166	23	6	2	164	2627	2465	4e-36	145
Control_contig_22416_consensus	SRR1598943_1_(paired)_contig_6	78.95	152	20	9	1	142	12443	12294	8e-25	106
Control_contig_22455_(0)_consensus	SRR1598943_1_(paired)_contig_1	86.67	135	12	3	1	129	8853	8987	9e-35	140
Control_contig_22455_(0)_consensus	SRR1598943_1_(paired)_contig_19	82.58	132	19	2	1	129	4883	4753	5e-29	121
Control_contig_22455_(0)_consensus	SRR1598943_1_(paired)_contig_4	80.33	122	16	5	9	122	7974	8095	7e-21	94.3
Control_contig_22484_(1)_consensus	SRR1598943_1_(paired)_contig_20	70.33	492	126	17	918	1399	6765	6284	2e-48	187
Control_contig_22484_(1)_consensus	SRR1598943_1_(paired)_contig_20	73.84	344	73	14	927	1265	6608	6277	5e-45	176
Control_contig_22484_(1)_consensus	SRR1598943_1_(paired)_contig_20	70.95	389	76	25	982	1345	6861	6485	2e-34	141
Control_contig_23712_(0)_consensus	SRR1598943_1_(paired)_contig_1	78.11	233	42	6	1	226	8795	9025	5e-41	162
Control_contig_23712_(0)_consensus	SRR1598943_1_(paired)_contig_19	77.11	201	38	6	10	206	4933	4737	7e-33	135
Control_contig_23781_(1)_consensus	SRR1598943_1_(paired)_contig_11	90.83	109	9	1	143	250	4325	4433	1e-32	133
Control_contig_23781_(1)_consensus	SRR1598943_1_(paired)_contig_11	87.04	108	13	1	310	416	4325	4432	2e-27	116
Control_contig_23781_(1)_consensus	SRR1598943_1_(paired)_contig_11	83.02	106	17	1	1	105	4350	4455	1e-21	97.5
Control_contig_2428_(0)_consensus	SRR1598943_1_(paired)_contig_19	80.56	216	37	5	177	390	2465	2677	2e-44	173
Control_contig_24317_(0)_consensus	SRR1598943_1_(paired)_contig_19	72.10	233	57	8	15	246	2065	2290	3e-24	106
Control_contig_24388_(1)_consensus	SRR1598943_1_(paired)_contig_15	77.12	153	20	11	216	363	13247	13389	8e-21	94.3
Control_contig_24496_consensus	SRR1598943_1_(paired)_contig_6	75.98	179	35	6	938	1109	12473	12296	1e-24	108
Control_contig_24659_(0)_consensus	SRR1598943_1_(paired)_contig_19	79.91	224	36	9	270	490	2679	2462	4e-44	172
Control_contig_24659_(0)_consensus	SRR1598943_1_(paired)_contig_17	84.62	117	14	4	64	177	1547	1662	2e-26	113
Control_contig_24788_consensus	SRR1598943_1_(paired)_contig_6	78.19	188	24	10	21	200	12293	12471	2e-29	124
Control_contig_24890_(1)_consensus	SRR1598943_1_(paired)_contig_20	84.68	111	16	1	449	558	7241	7351	3e-25	110
Control_contig_24891_(0)_consensus	SRR1598943_1_(paired)_contig_20	86.92	107	14	0	2712	2818	7245	7351	1e-26	116
Control_contig_24907_consensus	SRR1598943_1_(paired)_contig_19	75.00	204	42	9	149	347	2678	2479	2e-27	116
Control_contig_25418_consensus	SRR1598943_1_(paired)_contig_11	85.71	91	12	1	149	239	11911	11822	5e-21	94.3
Control_contig_26178_consensus	SRR1598943_1_(paired)_contig_15	85.65	209	21	4	1	201	6935	7142	2e-54	206
Control_contig_26178_consensus	SRR1598943_1_(paired)_contig_15	80.14	146	26	3	197	342	7277	7419	3e-27	116
Control_contig_2633_consensus	SRR1598943_1_(paired)_contig_15	95.10	102	1	1	1	102	13364	13267	4e-34	140
Control_contig_26615_(0)_consensus	SRR1598943_1_(paired)_contig_4	74.09	328	61	15	329	635	9791	10115	6e-42	165
Control_contig_26615_(0)_consensus	SRR1598943_1_(paired)_contig_1	80.43	138	20	5	656	790	8841	8708	1e-24	108
Control_contig_26615_(0)_consensus	SRR1598943_1_(paired)_contig_19	79.39	131	24	3	656	783	9170	9300	2e-22	100
Control_contig_26621_(1)_consensus	SRR1598943_1_(paired)_contig_4	69.96	283	63	18	60	331	10074	9803	2e-21	95.9
Control_contig_267_(1)_consensus	SRR1598943_1_(paired)_contig_1	75.00	248	44	12	272	505	9081	8838	7e-33	135
Control_contig_267_(1)_consensus	SRR1598943_1_(paired)_contig_19	75.00	172	29	9	345	506	4733	4900	6e-21	95.9
Control_contig_26899_consensus	SRR1598943_1_(paired)_contig_9	71.98	496	88	29	324	794	3731	4200	2e-51	197
Control_contig_2720_consensus	SRR1598943_1_(paired)_contig_28	76.67	270	49	10	97	353	9436	9168	1e-42	168
Control_contig_27394_consensus	SRR1598943_1_(paired)_contig_6	74.42	172	38	5	123	291	12308	12476	2e-21	95.9
Control_contig_2763_(0)_consensus	SRR1598943_1_(paired)_contig_19	79.46	185	31	7	1	182	2498	2678	2e-34	138
Control_contig_27677_(0)_consensus	SRR1598943_1_(paired)_contig_1	83.58	134	16	6	1	129	8843	8711	2e-29	122
Control_contig_28205_consensus	SRR1598943_1_(paired)_contig_6	87.50	88	10	1	229	316	12472	12386	6e-22	97.5
Control_contig_28208_consensus	SRR1598943_1_(paired)_contig_4	70.57	316	65	18	28	322	10163	9855	1e-25	111
Control_contig_28330_(1)_consensus	SRR1598943_1_(paired)_contig_19	74.88	207	45	5	384	587	2475	2677	8e-28	118
Control_contig_2899_consensus	SRR1598943_1_(paired)_contig_19	76.87	147	32	2	107	252	2468	2613	5e-22	99.1
Control_contig_29283_consensus	SRR1598943_1_(paired)_contig_6	77.42	155	26	5	1	147	12446	12293	5e-23	102
Control_contig_30032_consensus	SRR1598943_1_(paired)_contig_25	77.57	214	44	4	149	360	243	32	1e-36	148
Control_contig_30449_consensus	SRR1598943_1_(paired)_contig_8	79.45	219	32	4	1	219	206	1	1e-40	160
Control_contig_30650_consensus	SRR1598943_1_(paired)_contig_19	74.11	197	38	8	158	351	2654	2468	3e-23	102
Control_contig_3077_consensus	SRR1598943_1_(paired)_contig_17	87.39	111	11	3	1171	1280	9254	9146	6e-28	119
Control_contig_3078_consensus	SRR1598943_1_(paired)_contig_17	87.13	101	10	3	642	741	9146	9244	1e-24	108
Control_contig_30992_consensus	SRR1598943_1_(paired)_contig_8	79.19	221	33	4	2	222	208	1	2e-40	159
Control_contig_31647_consensus	SRR1598943_1_(paired)_contig_6	77.55	147	27	5	1	141	12324	12470	5e-22	99.1
Control_contig_32633_consensus	SRR1598943_1_(paired)_contig_15	81.53	157	10	5	483	639	13425	13288	1e-28	121
Control_contig_32896_consensus	SRR1598943_1_(paired)_contig_15	82.31	130	13	6	11	138	14140	14261	3e-25	108
Control_contig_33253_consensus	SRR1598943_1_(paired)_contig_6	80.45	179	27	4	86	257	12473	12296	6e-35	140
Control_contig_33528_consensus	SRR1598943_1_(paired)_contig_6	75.81	186	30	13	12	187	12293	12473	2e-24	106
Control_contig_33528_consensus	SRR1598943_1_(paired)_contig_17	85.15	101	13	1	186	284	1647	1547	1e-22	100
Control_contig_33613_(1)_consensus	SRR1598943_1_(paired)_contig_19	83.33	138	20	3	231	366	2475	2611	6e-31	127
Control_contig_34669_consensus	SRR1598943_1_(paired)_contig_6	76.92	182	37	4	597	773	12293	12474	4e-28	119
Control_contig_35222_consensus	SRR1598943_1_(paired)_contig_6	76.04	192	32	7	131	315	12477	12293	1e-26	113
Control_contig_35255_consensus	SRR1598943_1_(paired)_contig_15	84.05	163	13	8	57	213	14263	14108	1e-36	146
Control_contig_3561_(2)_consensus	SRR1598943_1_(paired)_contig_6	75.98	179	25	8	88	248	12295	12473	9e-23	100
Control_contig_3562_(1)_consensus	SRR1598943_1_(paired)_contig_11	86.11	108	14	1	1000	1106	4432	4325	7e-26	113
Control_contig_35812_consensus	SRR1598943_1_(paired)_contig_34	98.32	179	2	1	133	310	7078	7256	6e-75	273
Control_contig_36272_consensus	SRR1598943_1_(paired)_contig_15	73.32	491	81	27	14	492	7560	7108	3e-59	222
Control_contig_37071_consensus	SRR1598943_1_(paired)_contig_6	78.98	157	25	3	94	243	12473	12318	6e-26	113
Control_contig_37475_consensus	SRR1598943_1_(paired)_contig_15	78.85	156	14	8	269	412	14112	14260	1e-23	103
Control_contig_38249_consensus	SRR1598943_1_(paired)_contig_6	78.67	150	18	8	52	187	12317	12466	2e-23	102
Control_contig_38542_consensus	SRR1598943_1_(paired)_contig_6	77.40	177	30	5	395	563	12295	12469	3e-27	116
Control_contig_39471_(1)_consensus	SRR1598943_1_(paired)_contig_20	70.71	280	58	18	725	995	10328	10592	9e-23	102
Control_contig_39471_(1)_consensus	SRR1598943_1_(paired)_contig_20	70.28	286	62	15	698	974	9933	10204	3e-22	100
Control_contig_39472_consensus	SRR1598943_1_(paired)_contig_20	67.58	401	108	19	52	444	9760	10146	4e-24	105
Control_contig_39933_consensus	SRR1598943_1_(paired)_contig_19	80.25	157	27	4	259	413	2475	2629	7e-30	124
Control_contig_424_consensus	SRR1598943_1_(paired)_contig_28	76.72	262	45	9	1311	1556	9428	9167	2e-40	162
Control_contig_424_consensus	SRR1598943_1_(paired)_contig_15	78.91	147	21	8	2268	2413	14126	14263	1e-22	103
Control_contig_42618_consensus	SRR1598943_1_(paired)_contig_19	80.47	169	28	5	146	312	2679	2514	2e-33	135
Control_contig_42762_consensus	SRR1598943_1_(paired)_contig_6	74.86	175	37	6	122	290	12300	12473	2e-22	99.1
Control_contig_4298_(1)_consensus	SRR1598943_1_(paired)_contig_15	82.71	133	11	9	513	643	14260	14138	1e-25	111
Control_contig_43404_consensus	SRR1598943_1_(paired)_contig_4	87.36	87	9	1	1	85	6485	6399	5e-21	94.3
Control_contig_4365_(1)_consensus	SRR1598943_1_(paired)_contig_28	77.82	266	47	5	583	837	9168	9432	3e-46	179
Control_contig_43663_consensus	SRR1598943_1_(paired)_contig_15	82.25	169	25	1	80	243	7573	7741	8e-37	146
Control_contig_43663_consensus	SRR1598943_1_(paired)_contig_15	83.82	136	16	2	80	210	6773	6907	1e-30	126
Control_contig_43663_consensus	SRR1598943_1_(paired)_contig_4	77.14	175	23	4	75	243	10286	10449	7e-25	106
Control_contig_44470_(1)_consensus	SRR1598943_1_(paired)_contig_28	78.66	164	26	5	231	385	9337	9174	2e-27	116
Control_contig_45666_(1)_consensus	SRR1598943_1_(paired)_contig_28	78.68	258	39	5	1	242	9172	9429	2e-46	179
Control_contig_4601_(6)_consensus	SRR1598943_1_(paired)_contig_19	72.90	214	46	7	38	249	2475	2678	5e-23	102
Control_contig_46409_consensus	SRR1598943_1_(paired)_contig_17	99.32	146	0	1	140	285	1085	1229	1e-61	229
Control_contig_46706_consensus	SRR1598943_1_(paired)_contig_11	78.01	141	26	2	81	216	6065	6205	3e-22	99.1
Control_contig_47_consensus	SRR1598943_1_(paired)_contig_6	77.18	149	28	3	398	540	12293	12441	4e-22	99.1
Control_contig_4788_consensus	SRR1598943_1_(paired)_contig_28	75.00	268	49	9	163	418	9168	9429	2e-36	146
Control_contig_47992_consensus	SRR1598943_1_(paired)_contig_19	88.54	96	10	1	481	576	2465	2559	2e-25	110
Control_contig_48190_consensus	SRR1598943_1_(paired)_contig_17	85.26	95	13	1	185	279	9245	9152	2e-21	95.9
Control_contig_48215_consensus	SRR1598943_1_(paired)_contig_20	70.79	291	69	13	1	285	10744	10464	9e-27	113
Control_contig_48215_consensus	SRR1598943_1_(paired)_contig_20	70.66	242	59	9	49	285	10888	10654	5e-21	94.3
Control_contig_49689_consensus	SRR1598943_1_(paired)_contig_6	80.89	157	23	4	137	287	12473	12318	1e-30	126
Control_contig_50340_consensus	SRR1598943_1_(paired)_contig_19	80.69	145	24	4	2	144	2536	2678	3e-28	118
Control_contig_51782_consensus	SRR1598943_1_(paired)_contig_15	88.17	93	5	2	1	93	14174	14260	1e-22	100
Control_contig_5279_consensus	SRR1598943_1_(paired)_contig_6	81.94	155	22	3	17	165	12319	12473	3e-32	132
