Control_contig_10235_(0)_consensus	SRR1598943_1_(paired)_contig_34	75.69	218	32	5	62	270	3944	3739	7e-38	150
Control_contig_10240_consensus	SRR1598943_1_(paired)_contig_19	74.04	208	48	5	8	213	2475	2678	1e-26	114
Control_contig_10284_consensus	SRR1598943_1_(paired)_contig_17	80.80	125	23	1	452	576	9127	9250	2e-26	114
Control_contig_1036_consensus	SRR1598943_1_(paired)_contig_28	74.06	266	35	7	348	583	9168	9429	1e-42	168
Control_contig_1038_consensus	SRR1598943_1_(paired)_contig_28	75.94	187	31	4	3	175	9243	9429	2e-31	129
Control_contig_10531_(0)_consensus	SRR1598943_1_(paired)_contig_6	80.00	155	22	3	194	340	12318	12471	6e-33	134
Control_contig_10629_consensus	SRR1598943_1_(paired)_contig_28	74.25	167	33	3	96	252	9338	9172	1e-23	104
Control_contig_10630_consensus	SRR1598943_1_(paired)_contig_28	76.65	167	29	3	119	275	9338	9172	6e-29	122
Control_contig_10639_consensus	SRR1598943_1_(paired)_contig_28	79.09	110	23	0	3	112	9281	9172	5e-21	95.1
Control_contig_10650_consensus	SRR1598943_1_(paired)_contig_1	76.36	220	46	5	54	267	3610	3391	3e-36	145
Control_contig_10678_(2)_consensus	SRR1598943_1_(paired)_contig_25	78.93	242	44	4	126	362	242	3	2e-51	196
Control_contig_1069_(1)_consensus	SRR1598943_1_(paired)_contig_6	75.82	182	27	4	152	317	12293	12473	8e-31	127
Control_contig_10792_(1)_consensus	SRR1598943_1_(paired)_contig_20	79.66	236	37	2	121	346	8910	9144	8e-56	210
Control_contig_10852_(0)_consensus	SRR1598943_1_(paired)_contig_20	75.84	327	53	6	1	317	9208	8898	1e-61	230
Control_contig_10858_consensus	SRR1598943_1_(paired)_contig_2	68.86	472	61	18	1	400	7203	6746	4e-48	185
Control_contig_11335_(2)_consensus	SRR1598943_1_(paired)_contig_17	81.20	133	23	2	149	280	9123	9254	1e-28	120
Control_contig_1150_(1)_consensus	SRR1598943_1_(paired)_contig_6	77.27	176	28	3	195	364	12300	12469	6e-33	134
Control_contig_11629_(0)_consensus	SRR1598943_1_(paired)_contig_6	74.01	177	38	3	3	172	12473	12298	2e-24	105
Control_contig_11723_consensus	SRR1598943_1_(paired)_contig_19	71.43	231	61	5	67	297	2065	2290	1e-22	102
Control_contig_11724_consensus	SRR1598943_1_(paired)_contig_19	77.87	253	49	4	134	385	2043	2289	3e-50	192
Control_contig_12351_(1)_consensus	SRR1598943_1_(paired)_contig_19	74.04	208	48	5	1846	2051	2475	2678	3e-26	114
Control_contig_12816_(0)_consensus	SRR1598943_1_(paired)_contig_19	74.23	194	42	5	753	944	2678	2491	5e-25	109
Control_contig_12986_consensus	SRR1598943_1_(paired)_contig_12	83.51	97	8	2	3	98	9655	9744	5e-23	102
Control_contig_13301_consensus	SRR1598943_1_(paired)_contig_28	74.52	263	33	5	1195	1423	9429	9167	2e-46	181
Control_contig_13301_consensus	SRR1598943_1_(paired)_contig_6	75.41	183	37	2	73	249	12293	12473	1e-29	125
Control_contig_13356_consensus	SRR1598943_1_(paired)_contig_19	77.03	148	31	3	759	906	2466	2610	2e-23	104
Control_contig_13475_(1)_consensus	SRR1598943_1_(paired)_contig_19	77.84	167	30	5	1	165	2517	2678	5e-28	118
Control_contig_13544_(1)_consensus	SRR1598943_1_(paired)_contig_1	93.55	93	6	0	649	741	9103	9195	7e-35	141
Control_contig_13575_consensus	SRR1598943_1_(paired)_contig_1	79.10	177	29	5	866	1036	8884	8710	2e-33	138
Control_contig_13575_consensus	SRR1598943_1_(paired)_contig_19	76.58	158	22	6	888	1031	9145	9301	1e-23	105
Control_contig_13576_consensus	SRR1598943_1_(paired)_contig_1	78.98	176	30	4	861	1030	8884	8710	5e-34	140
Control_contig_13576_consensus	SRR1598943_1_(paired)_contig_19	75.80	157	24	5	883	1025	9145	9301	1e-22	102
Control_contig_13739_consensus	SRR1598943_1_(paired)_contig_2	79.07	129	12	4	97	211	7921	8048	4e-25	107
Control_contig_13741_(1)_consensus	SRR1598943_1_(paired)_contig_2	74.90	239	28	6	388	594	7810	8048	2e-41	163
Control_contig_13792_consensus	SRR1598943_1_(paired)_contig_28	79.47	263	43	3	640	891	9430	9168	1e-60	228
Control_contig_13875_consensus	SRR1598943_1_(paired)_contig_4	77.44	133	25	3	226	355	6404	6534	1e-21	96.9
Control_contig_14091_consensus	SRR1598943_1_(paired)_contig_6	78.77	179	31	2	92	263	12295	12473	8e-37	149
Control_contig_14176_consensus	SRR1598943_1_(paired)_contig_6	73.40	188	39	3	366	546	12294	12477	9e-26	111
Control_contig_1434_consensus	SRR1598943_1_(paired)_contig_1	95.00	60	3	0	1	60	9162	9103	4e-21	95.1
Control_contig_14467_consensus	SRR1598943_1_(paired)_contig_15	98.36	61	1	0	1	61	15564	15504	2e-24	105
Control_contig_14756_(3)_consensus	SRR1598943_1_(paired)_contig_15	78.06	196	21	3	1	184	8746	8561	2e-42	167
Control_contig_14756_(3)_consensus	SRR1598943_1_(paired)_contig_1	88.31	77	8	1	76	152	7490	7565	9e-21	95.1
Control_contig_14915_(1)_consensus	SRR1598943_1_(paired)_contig_4	69.49	272	70	7	763	1027	9777	10042	3e-21	96.9
Control_contig_14972_(1)_consensus	SRR1598943_1_(paired)_contig_15	90.79	76	7	0	1428	1503	15502	15577	1e-23	105
Control_contig_15372_consensus	SRR1598943_1_(paired)_contig_19	73.58	212	42	5	373	574	2676	2469	3e-28	120
Control_contig_15655_consensus	SRR1598943_1_(paired)_contig_20	82.14	112	19	1	267	378	7351	7241	6e-25	109
Control_contig_15753_(1)_consensus	SRR1598943_1_(paired)_contig_20	83.81	105	17	0	1400	1504	7245	7349	7e-26	113
Control_contig_15765_consensus	SRR1598943_1_(paired)_contig_20	82.86	105	18	0	163	267	7349	7245	1e-25	109
Control_contig_15865_consensus	SRR1598943_1_(paired)_contig_28	75.00	272	44	6	65	315	9167	9435	1e-46	179
Control_contig_16209_consensus	SRR1598943_1_(paired)_contig_6	74.84	155	33	1	645	793	12471	12317	1e-23	105
Control_contig_16304_consensus	SRR1598943_1_(paired)_contig_15	82.69	104	12	2	1	104	13362	13265	2e-23	104
Control_contig_16546_consensus	SRR1598943_1_(paired)_contig_6	74.30	179	40	2	45	217	12293	12471	1e-26	113
Control_contig_16553_consensus	SRR1598943_1_(paired)_contig_1	72.73	253	60	6	360	604	8710	8961	2e-30	127
Control_contig_16737_consensus	SRR1598943_1_(paired)_contig_20	81.98	111	19	1	472	581	7241	7351	1e-24	107
Control_contig_16737_consensus	SRR1598943_1_(paired)_contig_15	71.02	245	46	9	111	339	8554	8789	2e-23	104
Control_contig_17062_consensus	SRR1598943_1_(paired)_contig_19	74.16	209	34	5	261	453	2679	2475	7e-31	129
Control_contig_17063_consensus	SRR1598943_1_(paired)_contig_19	74.65	213	35	5	837	1031	2468	2679	4e-33	136
Control_contig_17269_(0)_consensus	SRR1598943_1_(paired)_contig_27	81.37	161	28	2	563	723	5539	5697	5e-37	149
Control_contig_17655_(1)_consensus	SRR1598943_1_(paired)_contig_15	76.02	196	13	3	318	513	13418	13257	2e-40	159
Control_contig_1768_consensus	SRR1598943_1_(paired)_contig_6	79.34	121	19	2	92	206	12455	12335	2e-23	102
Control_contig_18165_(0)_consensus	SRR1598943_1_(paired)_contig_19	76.61	218	43	7	784	997	2678	2465	4e-34	140
Control_contig_18687_consensus	SRR1598943_1_(paired)_contig_27	78.15	151	31	2	245	395	5537	5685	1e-27	116
Control_contig_18792_(0)_consensus	SRR1598943_1_(paired)_contig_20	77.62	143	29	3	636	778	6626	6487	4e-23	104
Control_contig_18792_(0)_consensus	SRR1598943_1_(paired)_contig_11	91.30	69	6	0	196	264	4324	4256	2e-21	98.7
Control_contig_1885_consensus	SRR1598943_1_(paired)_contig_19	73.24	213	46	6	116	326	2475	2678	3e-25	111
Control_contig_19111_(0)_consensus	SRR1598943_1_(paired)_contig_1	76.92	143	24	4	527	661	9006	8865	3e-22	100
Control_contig_19189_consensus	SRR1598943_1_(paired)_contig_6	76.09	184	30	4	162	338	12476	12300	3e-31	129
Control_contig_19258_(0)_consensus	SRR1598943_1_(paired)_contig_1	83.65	104	11	1	2	99	8838	8941	2e-26	113
Control_contig_20303_consensus	SRR1598943_1_(paired)_contig_28	83.05	118	20	0	575	692	9169	9286	2e-29	123
Control_contig_20309_consensus	SRR1598943_1_(paired)_contig_28	81.08	111	21	0	786	896	9277	9167	6e-24	105
Control_contig_2047_consensus	SRR1598943_1_(paired)_contig_15	81.94	155	16	6	98	245	14112	14261	3e-34	138
Control_contig_20661_(0)_consensus	SRR1598943_1_(paired)_contig_1	78.21	156	33	1	189	344	5113	5267	4e-30	125
Control_contig_21232_(0)_consensus	SRR1598943_1_(paired)_contig_33	80.87	115	22	0	680	794	7302	7416	5e-25	109
Control_contig_21485_consensus	SRR1598943_1_(paired)_contig_6	76.24	181	37	2	204	378	12293	12473	2e-31	129
Control_contig_21563_consensus	SRR1598943_1_(paired)_contig_27	84.04	94	12	2	1	94	5618	5708	2e-21	96.9
Control_contig_21802_consensus	SRR1598943_1_(paired)_contig_19	81.10	164	29	2	2	164	2627	2465	2e-37	149
Control_contig_21858_consensus	SRR1598943_1_(paired)_contig_6	82.52	103	18	0	152	254	12371	12473	5e-24	105
Control_contig_22084_consensus	SRR1598943_1_(paired)_contig_11	91.30	69	6	0	136	204	4256	4324	5e-22	98.7
Control_contig_22416_consensus	SRR1598943_1_(paired)_contig_6	76.00	150	28	2	1	142	12443	12294	5e-25	107
Control_contig_22455_(0)_consensus	SRR1598943_1_(paired)_contig_1	85.82	134	14	1	1	129	8854	8987	1e-39	156
Control_contig_22455_(0)_consensus	SRR1598943_1_(paired)_contig_19	82.58	132	19	2	1	129	4883	4753	5e-33	134
Control_contig_22455_(0)_consensus	SRR1598943_1_(paired)_contig_4	79.66	118	17	3	12	122	7978	8095	3e-22	98.7
Control_contig_22484_(1)_consensus	SRR1598943_1_(paired)_contig_20	69.45	491	132	10	918	1399	6765	6284	2e-46	181
Control_contig_22484_(1)_consensus	SRR1598943_1_(paired)_contig_20	72.89	343	78	10	927	1265	6608	6277	1e-42	168
Control_contig_22484_(1)_consensus	SRR1598943_1_(paired)_contig_20	68.98	374	86	11	982	1333	6861	6496	1e-30	129
Control_contig_22614_(0)_consensus	SRR1598943_1_(paired)_contig_15	86.75	83	8	1	254	336	14414	14335	3e-22	98.7
Control_contig_22617_consensus	SRR1598943_1_(paired)_contig_15	83.70	92	10	2	300	391	13278	13364	7e-21	95.1
Control_contig_23712_(0)_consensus	SRR1598943_1_(paired)_contig_1	77.68	233	43	4	1	226	8795	9025	4e-45	176
Control_contig_23712_(0)_consensus	SRR1598943_1_(paired)_contig_19	76.50	200	41	4	10	206	4933	4737	8e-35	141
Control_contig_23781_(1)_consensus	SRR1598943_1_(paired)_contig_11	90.83	109	9	1	143	250	4325	4433	3e-37	149
Control_contig_23781_(1)_consensus	SRR1598943_1_(paired)_contig_11	87.04	108	13	1	310	416	4325	4432	3e-31	129
Control_contig_23781_(1)_consensus	SRR1598943_1_(paired)_contig_11	83.02	106	17	1	1	105	4350	4455	9e-25	107
Control_contig_23877_consensus	SRR1598943_1_(paired)_contig_11	84.78	92	12	2	432	521	11822	11913	3e-21	96.9
Control_contig_2428_(0)_consensus	SRR1598943_1_(paired)_contig_19	80.09	216	38	4	177	390	2465	2677	2e-47	183
Control_contig_24317_(0)_consensus	SRR1598943_1_(paired)_contig_19	71.12	232	61	4	15	246	2065	2290	2e-23	104
Control_contig_24496_consensus	SRR1598943_1_(paired)_contig_6	74.86	179	37	2	938	1109	12473	12296	1e-27	118
Control_contig_24659_(0)_consensus	SRR1598943_1_(paired)_contig_19	79.00	219	40	5	270	486	2679	2465	9e-44	170
Control_contig_24659_(0)_consensus	SRR1598943_1_(paired)_contig_17	83.62	116	17	2	64	177	1547	1662	2e-27	116
Control_contig_24709_(1)_consensus	SRR1598943_1_(paired)_contig_19	76.69	133	28	2	228	360	4807	4936	7e-21	95.1
Control_contig_24788_consensus	SRR1598943_1_(paired)_contig_6	77.25	189	24	7	21	200	12293	12471	6e-32	132
Control_contig_24890_(1)_consensus	SRR1598943_1_(paired)_contig_20	84.40	109	17	0	450	558	7243	7351	3e-28	120
Control_contig_24891_(0)_consensus	SRR1598943_1_(paired)_contig_20	86.92	107	14	0	2712	2818	7245	7351	5e-31	131
Control_contig_24907_consensus	SRR1598943_1_(paired)_contig_19	73.89	203	46	6	149	347	2678	2479	9e-25	107
Control_contig_25418_consensus	SRR1598943_1_(paired)_contig_11	85.71	91	12	1	149	239	11911	11822	2e-23	102
Control_contig_25418_consensus	SRR1598943_1_(paired)_contig_11	81.31	107	19	1	122	228	11475	11580	7e-23	100
Control_contig_26178_consensus	SRR1598943_1_(paired)_contig_15	85.17	209	22	3	1	201	6935	7142	5e-62	232
Control_contig_26178_consensus	SRR1598943_1_(paired)_contig_15	75.12	209	32	3	198	406	7277	7465	2e-36	147
Control_contig_2633_consensus	SRR1598943_1_(paired)_contig_15	95.10	102	1	1	1	102	13364	13267	1e-40	161
Control_contig_26615_(0)_consensus	SRR1598943_1_(paired)_contig_4	72.70	326	69	9	329	635	9791	10115	8e-42	165
Control_contig_26615_(0)_consensus	SRR1598943_1_(paired)_contig_1	79.56	137	20	3	656	788	8841	8709	1e-26	114
Control_contig_26615_(0)_consensus	SRR1598943_1_(paired)_contig_19	78.95	133	26	2	656	786	9170	9302	2e-24	107
Control_contig_267_(1)_consensus	SRR1598943_1_(paired)_contig_1	73.28	247	50	7	272	505	9081	8838	2e-31	131
Control_contig_26899_consensus	SRR1598943_1_(paired)_contig_9	70.45	494	99	17	324	794	3731	4200	4e-52	199
Control_contig_2720_consensus	SRR1598943_1_(paired)_contig_28	75.19	262	54	3	103	353	9429	9168	8e-45	176
Control_contig_27394_consensus	SRR1598943_1_(paired)_contig_6	74.40	168	38	4	123	287	12308	12473	1e-21	96.9
Control_contig_2763_(0)_consensus	SRR1598943_1_(paired)_contig_19	78.26	184	35	4	1	182	2498	2678	3e-34	138
Control_contig_27677_(0)_consensus	SRR1598943_1_(paired)_contig_1	82.31	130	18	3	1	125	8843	8714	4e-29	122
Control_contig_28205_consensus	SRR1598943_1_(paired)_contig_6	87.50	88	10	1	229	316	12472	12386	2e-24	105
Control_contig_28310_(0)_consensus	SRR1598943_1_(paired)_contig_20	88.61	79	8	1	3	80	6296	6374	4e-22	98.7
Control_contig_28330_(1)_consensus	SRR1598943_1_(paired)_contig_19	74.88	207	45	5	384	587	2475	2677	1e-29	123
Control_contig_2899_consensus	SRR1598943_1_(paired)_contig_19	76.87	147	32	2	107	252	2468	2613	4e-24	105
Control_contig_29283_consensus	SRR1598943_1_(paired)_contig_6	76.62	154	29	3	1	147	12446	12293	3e-25	109
Control_contig_29960_consensus	SRR1598943_1_(paired)_contig_15	83.50	103	11	3	311	412	13363	13266	3e-23	102
Control_contig_30032_consensus	SRR1598943_1_(paired)_contig_25	77.00	213	47	2	149	360	243	32	4e-39	156
Control_contig_30264_(1)_consensus	SRR1598943_1_(paired)_contig_34	80.91	110	19	2	867	975	3371	3479	3e-21	96.9
Control_contig_30449_consensus	SRR1598943_1_(paired)_contig_8	79.00	219	33	2	1	219	206	1	2e-49	190
Control_contig_30650_consensus	SRR1598943_1_(paired)_contig_19	72.12	226	39	9	140	351	2683	2468	3e-24	105
Control_contig_3077_consensus	SRR1598943_1_(paired)_contig_17	86.36	110	14	1	1171	1280	9254	9146	3e-30	127
Control_contig_3078_consensus	SRR1598943_1_(paired)_contig_17	86.00	100	13	1	642	741	9146	9244	1e-26	114
Control_contig_30992_consensus	SRR1598943_1_(paired)_contig_8	78.73	221	34	2	2	222	208	1	6e-50	190
Control_contig_31647_consensus	SRR1598943_1_(paired)_contig_6	76.87	147	28	2	1	141	12324	12470	3e-25	109
Control_contig_32633_consensus	SRR1598943_1_(paired)_contig_15	80.89	157	11	4	483	639	13425	13288	2e-36	147
Control_contig_32896_consensus	SRR1598943_1_(paired)_contig_15	81.54	130	14	5	11	138	14140	14261	1e-26	113
Control_contig_33253_consensus	SRR1598943_1_(paired)_contig_6	79.21	178	31	1	86	257	12473	12296	1e-39	156
Control_contig_33493_consensus	SRR1598943_1_(paired)_contig_15	71.78	202	35	7	142	329	8596	8789	2e-21	96.9
Control_contig_33528_consensus	SRR1598943_1_(paired)_contig_17	85.15	101	13	1	186	284	1647	1547	2e-26	113
Control_contig_33528_consensus	SRR1598943_1_(paired)_contig_6	74.46	184	36	5	12	187	12293	12473	1e-24	107
Control_contig_33613_(1)_consensus	SRR1598943_1_(paired)_contig_19	83.33	138	20	3	231	366	2475	2611	5e-33	134
Control_contig_34333_(0)_consensus	SRR1598943_1_(paired)_contig_25	75.00	152	33	3	6	153	2690	2840	3e-21	95.1
Control_contig_34374_(0)_consensus	SRR1598943_1_(paired)_contig_6	75.00	148	30	2	116	257	12471	12325	2e-22	98.7
Control_contig_34669_consensus	SRR1598943_1_(paired)_contig_6	75.96	183	37	2	597	773	12293	12474	5e-31	129
Control_contig_35163_(0)_consensus	SRR1598943_1_(paired)_contig_6	77.52	129	21	3	364	485	12324	12451	2e-21	96.9
Control_contig_35222_consensus	SRR1598943_1_(paired)_contig_6	74.35	191	37	2	131	315	12477	12293	3e-30	125
Control_contig_35250_consensus	SRR1598943_1_(paired)_contig_15	84.21	95	9	2	464	557	14144	14233	2e-22	100
Control_contig_35255_consensus	SRR1598943_1_(paired)_contig_15	82.10	162	18	4	57	213	14263	14108	4e-39	154
Control_contig_3561_(2)_consensus	SRR1598943_1_(paired)_contig_6	75.42	179	26	4	88	248	12295	12473	9e-30	123
Control_contig_3562_(1)_consensus	SRR1598943_1_(paired)_contig_11	86.11	108	14	1	1000	1106	4432	4325	5e-29	123
Control_contig_3562_(1)_consensus	SRR1598943_1_(paired)_contig_11	91.78	73	6	0	679	751	4447	4375	1e-23	105
Control_contig_3562_(1)_consensus	SRR1598943_1_(paired)_contig_11	87.06	85	10	1	1177	1260	4409	4325	5e-22	100
Control_contig_35812_consensus	SRR1598943_1_(paired)_contig_34	98.32	179	2	1	133	310	7078	7256	1e-84	306
Control_contig_36215_consensus	SRR1598943_1_(paired)_contig_15	75.66	152	21	6	200	348	13418	13280	6e-21	95.1
Control_contig_36272_consensus	SRR1598943_1_(paired)_contig_15	71.57	489	93	14	14	492	7560	7108	4e-63	235
Control_contig_36782_consensus	SRR1598943_1_(paired)_contig_6	86.75	83	11	0	1	83	12391	12473	1e-22	100
Control_contig_37071_consensus	SRR1598943_1_(paired)_contig_6	78.98	157	25	3	94	243	12473	12318	9e-31	129
Control_contig_37475_consensus	SRR1598943_1_(paired)_contig_15	78.21	156	15	7	269	412	14112	14260	6e-27	114
Control_contig_38249_consensus	SRR1598943_1_(paired)_contig_6	76.67	150	21	4	52	187	12317	12466	6e-25	107
Control_contig_38542_consensus	SRR1598943_1_(paired)_contig_6	76.00	175	36	1	395	563	12295	12469	1e-30	127
Control_contig_38565_consensus	SRR1598943_1_(paired)_contig_11	84.04	94	14	1	702	795	11913	11821	2e-21	98.7
Control_contig_38742_consensus	SRR1598943_1_(paired)_contig_11	72.97	185	34	6	417	594	9923	9748	3e-21	96.9
Control_contig_39933_consensus	SRR1598943_1_(paired)_contig_19	78.36	171	30	4	259	427	2475	2640	7e-32	131
Control_contig_41224_(1)_consensus	SRR1598943_1_(paired)_contig_15	81.42	113	12	4	184	295	14159	14263	2e-22	100
Control_contig_424_consensus	SRR1598943_1_(paired)_contig_28	75.57	262	48	4	1311	1556	9428	9167	4e-46	181
Control_contig_424_consensus	SRR1598943_1_(paired)_contig_15	76.67	150	19	6	2268	2413	14126	14263	1e-21	100
Control_contig_42618_consensus	SRR1598943_1_(paired)_contig_19	79.88	169	29	4	146	312	2679	2514	3e-34	138
Control_contig_42762_consensus	SRR1598943_1_(paired)_contig_6	73.71	175	39	3	122	290	12300	12473	2e-23	102
Control_contig_4298_(1)_consensus	SRR1598943_1_(paired)_contig_15	82.50	120	12	5	513	630	14260	14148	2e-24	107
Control_contig_43404_consensus	SRR1598943_1_(paired)_contig_4	87.36	87	9	1	1	85	6485	6399	2e-24	105
Control_contig_4365_(1)_consensus	SRR1598943_1_(paired)_contig_28	77.48	262	48	3	583	833	9168	9429	3e-53	203
Control_contig_43663_consensus	SRR1598943_1_(paired)_contig_15	82.25	169	25	1	80	243	7573	7741	5e-44	170
Control_contig_43663_consensus	SRR1598943_1_(paired)_contig_15	83.82	136	16	2	80	210	6773	6907	7e-36	143
Control_contig_43663_consensus	SRR1598943_1_(paired)_contig_4	76.57	175	24	2	75	243	10286	10449	3e-34	138
Control_contig_44470_(1)_consensus	SRR1598943_1_(paired)_contig_28	77.44	164	28	2	231	385	9337	9174	3e-31	129
Control_contig_45666_(1)_consensus	SRR1598943_1_(paired)_contig_28	77.91	258	41	3	1	242	9172	9429	1e-55	210
Control_contig_4601_(6)_consensus	SRR1598943_1_(paired)_contig_19	72.43	214	47	6	38	249	2475	2678	2e-23	104
Control_contig_46409_consensus	SRR1598943_1_(paired)_contig_17	99.32	146	0	1	140	285	1085	1229	2e-69	255
Control_contig_46706_consensus	SRR1598943_1_(paired)_contig_11	78.01	141	26	2	81	216	6065	6205	6e-26	111
Control_contig_46706_consensus	SRR1598943_1_(paired)_contig_17	82.35	102	17	1	41	141	1552	1653	1e-22	100
Control_contig_47_consensus	SRR1598943_1_(paired)_contig_6	76.51	149	29	1	398	540	12293	12441	2e-26	113
Control_contig_4788_consensus	SRR1598943_1_(paired)_contig_28	74.25	268	51	6	163	418	9168	9429	5e-41	161
Control_contig_48190_consensus	SRR1598943_1_(paired)_contig_17	85.26	95	13	1	185	279	9245	9152	2e-24	105
Control_contig_49689_consensus	SRR1598943_1_(paired)_contig_6	79.62	157	25	2	137	287	12473	12318	1e-33	136
Control_contig_50340_consensus	SRR1598943_1_(paired)_contig_19	80.00	145	25	3	2	144	2536	2678	2e-29	122
Control_contig_51782_consensus	SRR1598943_1_(paired)_contig_15	88.17	93	5	2	1	93	14174	14260	5e-27	114
Control_contig_5279_consensus	SRR1598943_1_(paired)_contig_6	81.29	155	23	1	17	165	12319	12473	8e-38	150
