Control_contig_10978_(1)_consensus	scaffold43708	81.98	222	27	8	196	414	80832	80621	5e-45	184
Control_contig_10978_(1)_consensus	scaffold43708	92.20	141	8	1	274	414	81231	81094	1e-43	179
Control_contig_10978_(1)_consensus	scaffold43708	78.38	185	23	10	189	370	81157	80987	2e-26	122
Control_contig_10978_(1)_consensus	scaffold40154	81.08	222	29	8	196	414	71035	70824	1e-42	176
Control_contig_10978_(1)_consensus	scaffold40154	90.07	141	11	1	274	414	71298	71161	9e-40	167
Control_contig_10978_(1)_consensus	scaffold40154	74.41	254	32	11	189	414	71224	70976	6e-26	121
Control_contig_12344_(1)_consensus	scaffold186	72.36	275	60	7	1143	1404	279985	280256	4e-26	124
Control_contig_12344_(1)_consensus	scaffold42726	71.48	277	75	4	1140	1414	15104	15378	4e-26	124
Control_contig_12344_(1)_consensus	scaffold1770	71.64	275	72	6	1143	1414	104778	105049	4e-26	124
Control_contig_12344_(1)_consensus	scaffold471	70.98	286	78	5	1132	1414	1268026	1268309	1e-25	122
Control_contig_12344_(1)_consensus	scaffold1705	73.99	223	54	4	1142	1362	84246	84026	1e-25	122
Control_contig_12344_(1)_consensus	C30226	71.43	273	74	4	1144	1414	2069	2339	1e-25	122
Control_contig_12344_(1)_consensus	scaffold43442	71.53	274	71	7	1144	1414	11126	10857	4e-25	121
Control_contig_12344_(1)_consensus	scaffold550	71.17	274	74	5	1143	1414	78895	79165	1e-24	119
Control_contig_12344_(1)_consensus	scaffold1527	71.84	277	62	7	1141	1404	38674	38947	1e-24	119
Control_contig_12344_(1)_consensus	scaffold1100	73.73	236	48	9	1144	1377	81785	82008	1e-24	119
Control_contig_12344_(1)_consensus	scaffold421	71.90	274	61	7	1144	1404	114682	114412	3e-24	118
Control_contig_12344_(1)_consensus	scaffold43702	71.68	279	63	7	1139	1404	166148	166423	3e-24	118
Control_contig_12344_(1)_consensus	scaffold42836	71.90	274	61	7	1144	1404	77131	76861	3e-24	118
Control_contig_12344_(1)_consensus	scaffold34596	70.71	280	78	4	1137	1414	15402	15679	3e-24	118
Control_contig_12344_(1)_consensus	scaffold425	71.58	278	63	7	1146	1410	705897	706171	1e-23	116
Control_contig_12344_(1)_consensus	scaffold1097	73.42	222	55	4	1142	1361	137464	137245	1e-23	116
Control_contig_12344_(1)_consensus	scaffold591	71.28	282	65	9	1136	1404	576259	576537	3e-23	114
Control_contig_12344_(1)_consensus	scaffold544	70.85	271	75	4	1146	1414	295944	295676	3e-23	114
Control_contig_12344_(1)_consensus	scaffold472	73.54	223	51	8	1144	1362	209408	209626	3e-23	114
Control_contig_12344_(1)_consensus	C34496	71.69	272	61	7	1146	1404	9240	9508	3e-23	114
Control_contig_12344_(1)_consensus	scaffold915	71.17	281	65	7	1137	1404	8284	8561	9e-23	113
Control_contig_12344_(1)_consensus	scaffold21998	74.13	201	50	2	1144	1343	1382	1183	9e-23	113
Control_contig_12344_(1)_consensus	scaffold1009	71.10	263	68	8	1146	1404	1239330	1239072	3e-22	111
Control_contig_12344_(1)_consensus	scaffold1017	71.33	279	61	11	1140	1404	913267	913540	3e-22	111
Control_contig_12344_(1)_consensus	scaffold280	70.79	291	67	8	1138	1413	380904	381191	3e-22	111
Control_contig_12344_(1)_consensus	scaffold1018	71.03	290	63	12	1132	1404	595542	595257	3e-22	111
Control_contig_12344_(1)_consensus	scaffold266	71.02	283	64	9	1135	1404	85764	85487	3e-22	111
Control_contig_12344_(1)_consensus	scaffold711	71.27	275	63	7	1143	1404	198726	198455	3e-22	111
Control_contig_12344_(1)_consensus	scaffold1749	70.70	273	72	8	1146	1414	2739	2471	3e-22	111
Control_contig_12344_(1)_consensus	scaffold1570	70.48	271	76	4	1146	1414	8564	8832	3e-22	111
Control_contig_12344_(1)_consensus	scaffold710	70.29	276	78	4	1141	1414	4537	4810	3e-22	111
Control_contig_12344_(1)_consensus	scaffold501	71.59	264	59	7	1154	1404	113087	112827	8e-22	110
Control_contig_12344_(1)_consensus	scaffold53	70.72	263	73	4	1154	1414	1042099	1042359	8e-22	110
Control_contig_12344_(1)_consensus	scaffold383	71.17	274	63	7	1144	1404	266232	266502	8e-22	110
Control_contig_12344_(1)_consensus	scaffold631	70.46	281	73	8	1129	1404	43110	42835	8e-22	110
Control_contig_12344_(1)_consensus	scaffold867	74.09	193	48	2	1144	1335	407430	407239	2e-21	108
Control_contig_12344_(1)_consensus	scaffold709	72.52	222	57	4	1143	1362	553767	553548	2e-21	108
Control_contig_12344_(1)_consensus	C30110	70.91	275	64	8	1143	1404	3336	3607	2e-21	108
Control_contig_12344_(1)_consensus	scaffold257	70.80	274	64	7	1144	1404	969840	970110	7e-21	106
Control_contig_12344_(1)_consensus	scaffold814	70.80	274	64	7	1144	1404	143573	143843	7e-21	106
Control_contig_12344_(1)_consensus	scaffold1477	70.97	248	68	4	1154	1399	24894	25139	7e-21	106
Control_contig_12344_(1)_consensus	scaffold36036	70.91	275	62	9	1144	1404	21770	21500	7e-21	106
Control_contig_12677_(2)_consensus	scaffold1267	74.07	428	71	38	232	638	811838	811430	5e-52	208
Control_contig_12677_(2)_consensus	scaffold1267	74.00	427	71	38	232	637	811792	811385	2e-51	206
Control_contig_12677_(2)_consensus	scaffold1267	73.77	427	72	38	232	637	811631	811224	1e-50	203
Control_contig_12677_(2)_consensus	scaffold1267	73.71	426	74	36	232	637	811746	811339	1e-50	203
Control_contig_12677_(2)_consensus	scaffold1267	73.41	440	75	40	220	637	811965	811546	4e-50	202
Control_contig_12677_(2)_consensus	scaffold1267	73.60	428	73	38	232	638	811677	811269	1e-49	200
Control_contig_12677_(2)_consensus	scaffold1267	73.35	424	79	34	232	637	811585	811178	4e-49	199
Control_contig_12677_(2)_consensus	scaffold1267	73.54	427	73	38	232	637	811907	811500	4e-49	199
Control_contig_12677_(2)_consensus	scaffold1267	72.47	425	83	32	232	638	811470	811062	8e-45	184
Control_contig_12677_(2)_consensus	scaffold1267	74.79	353	57	30	302	637	811952	811615	2e-44	183
Control_contig_12677_(2)_consensus	scaffold1267	73.07	401	72	34	232	613	811539	811156	7e-44	181
Control_contig_12677_(2)_consensus	scaffold1267	73.89	337	59	27	317	637	812007	811684	1e-38	164
Control_contig_12677_(2)_consensus	scaffold1267	70.15	392	69	41	232	591	811309	810934	1e-25	121
Control_contig_12677_(2)_consensus	scaffold1267	70.78	332	69	28	321	637	812071	811753	1e-25	121
Control_contig_13575_consensus	scaffold586	80.79	177	24	10	867	1037	8247	8419	6e-31	140
Control_contig_13576_consensus	scaffold586	80.68	176	25	9	862	1031	8247	8419	2e-30	138
Control_contig_14091_consensus	scaffold591	74.77	218	45	9	52	264	30587	30799	2e-25	121
Control_contig_14091_consensus	scaffold1710	74.55	220	42	11	52	264	338944	339156	2e-24	118
Control_contig_14091_consensus	scaffold588	73.91	230	47	11	52	277	269493	269273	2e-24	118
Control_contig_14091_consensus	scaffold1584	74.21	221	45	11	49	263	323653	323439	6e-24	116
Control_contig_14091_consensus	scaffold20	74.07	216	46	9	53	263	281373	281163	2e-23	114
Control_contig_14091_consensus	scaffold1700	73.97	219	46	11	52	264	29069	29282	2e-23	114
Control_contig_14091_consensus	scaffold1736	73.54	223	49	9	47	264	655098	655315	5e-23	113
Control_contig_14091_consensus	scaffold43526	73.97	219	45	11	52	264	104372	104584	5e-23	113
Control_contig_14091_consensus	scaffold1017	73.83	214	47	8	55	263	265992	266201	2e-22	111
Control_contig_14091_consensus	scaffold808	73.61	216	49	7	52	263	538558	538347	2e-22	111
Control_contig_14091_consensus	scaffold747	73.61	216	49	8	52	263	7294	7505	2e-22	111
Control_contig_14091_consensus	scaffold395	73.09	223	52	7	48	266	329260	329042	2e-22	111
Control_contig_14091_consensus	scaffold790	73.73	217	46	11	52	263	259230	259440	2e-22	111
Control_contig_14091_consensus	scaffold683	73.73	217	47	9	53	264	196847	197058	2e-22	111
Control_contig_14091_consensus	scaffold43170	73.42	222	49	9	52	268	43511	43295	2e-22	111
Control_contig_14091_consensus	scaffold894	73.61	216	49	7	52	263	92868	92657	2e-22	111
Control_contig_14091_consensus	scaffold39634	73.42	222	48	10	47	263	49592	49377	2e-22	111
Control_contig_14091_consensus	C34948	73.97	219	43	9	52	263	11342	11131	2e-22	111
Control_contig_14091_consensus	scaffold393	73.85	218	43	11	53	263	1009231	1009021	5e-22	110
Control_contig_14091_consensus	scaffold1360	73.09	223	50	9	46	263	402773	402990	5e-22	110
Control_contig_14091_consensus	scaffold630	73.49	215	49	7	53	263	153025	152815	5e-22	110
Control_contig_14091_consensus	scaffold556	73.85	218	43	12	53	263	450751	450541	5e-22	110
Control_contig_14091_consensus	scaffold531	72.36	246	52	15	52	290	283422	283658	5e-22	110
Control_contig_14091_consensus	scaffold585	73.52	219	46	11	51	263	68144	67932	5e-22	110
Control_contig_14091_consensus	scaffold40982	73.21	224	48	11	47	264	92278	92061	5e-22	110
Control_contig_14091_consensus	scaffold38568	72.69	238	50	13	53	283	25036	25265	5e-22	110
Control_contig_14091_consensus	scaffold301	72.94	218	52	7	50	263	365996	365782	1e-21	108
Control_contig_14091_consensus	scaffold156	73.15	216	50	8	52	263	338242	338031	1e-21	108
Control_contig_14091_consensus	scaffold107	73.15	216	50	7	52	263	751880	752091	1e-21	108
Control_contig_14091_consensus	scaffold343	73.52	219	44	11	52	263	427310	427099	1e-21	108
Control_contig_14091_consensus	scaffold157	73.15	216	50	7	52	263	590006	589795	1e-21	108
Control_contig_14091_consensus	scaffold1899	73.15	216	50	8	52	263	125561	125350	1e-21	108
Control_contig_14091_consensus	scaffold1637	73.15	216	50	7	48	259	284	495	1e-21	108
Control_contig_14091_consensus	scaffold1560	72.50	240	50	13	46	278	226254	226024	1e-21	108
Control_contig_14091_consensus	scaffold141	72.94	218	52	7	50	263	57581	57367	1e-21	108
Control_contig_14091_consensus	scaffold38190	73.27	217	48	9	52	263	34463	34674	1e-21	108
Control_contig_14091_consensus	scaffold37788	73.18	220	49	9	49	263	44391	44605	1e-21	108
Control_contig_14091_consensus	C34340	73.30	221	46	12	51	264	14397	14183	1e-21	108
Control_contig_14091_consensus	scaffold22	71.97	239	56	10	52	283	1051734	1051968	4e-21	106
Control_contig_14091_consensus	scaffold419	73.15	216	49	9	52	263	406128	406338	4e-21	106
Control_contig_14091_consensus	scaffold257	72.53	233	51	12	47	271	1408397	1408624	4e-21	106
Control_contig_14091_consensus	scaffold471	71.60	250	59	10	40	284	1177020	1177262	4e-21	106
Control_contig_14091_consensus	scaffold226	73.06	219	49	9	53	266	974494	974707	4e-21	106
Control_contig_14091_consensus	scaffold1149	72.81	228	49	11	51	271	554674	554895	4e-21	106
Control_contig_14091_consensus	scaffold976	73.09	223	47	11	49	264	370903	370687	4e-21	106
Control_contig_14091_consensus	scaffold43844	73.09	223	46	11	48	263	58610	58825	4e-21	106
Control_contig_14091_consensus	scaffold1448	73.27	217	47	11	52	263	88954	88744	4e-21	106
Control_contig_14091_consensus	scaffold39716	73.15	216	49	8	53	263	56385	56174	4e-21	106
Control_contig_14100_(1)_consensus	scaffold189	75.46	216	38	13	682	888	51230	51021	5e-26	122
Control_contig_14100_(1)_consensus	scaffold36108	78.92	166	26	7	729	888	1650	1488	5e-25	119
Control_contig_14100_(1)_consensus	scaffold1402	76.44	191	32	11	706	888	15542	15727	4e-24	116
Control_contig_14100_(1)_consensus	scaffold42556	77.05	183	30	10	713	888	41439	41616	4e-24	116
Control_contig_14100_(1)_consensus	scaffold156	78.31	166	27	7	729	888	996035	996197	1e-23	114
Control_contig_14100_(1)_consensus	scaffold175	76.80	181	32	8	715	888	293779	293956	1e-23	114
Control_contig_14100_(1)_consensus	scaffold1077	78.31	166	27	7	729	888	103924	104086	1e-23	114
Control_contig_14100_(1)_consensus	scaffold1603	77.59	174	28	7	722	888	148101	147932	1e-23	114
Control_contig_14100_(1)_consensus	scaffold122	76.32	190	30	11	727	908	288103	288285	4e-23	113
Control_contig_14100_(1)_consensus	scaffold42896	78.75	160	25	7	729	882	126939	127095	4e-23	113
Control_contig_14100_(1)_consensus	scaffold1189	77.71	166	28	7	729	888	410890	411052	1e-22	111
Control_contig_14100_(1)_consensus	scaffold396	77.71	166	28	7	729	888	19015	19177	1e-22	111
Control_contig_14100_(1)_consensus	scaffold756	78.98	157	22	6	720	869	254741	254589	1e-22	111
Control_contig_14100_(1)_consensus	scaffold43956	77.33	172	29	8	724	888	198622	198790	1e-22	111
Control_contig_14100_(1)_consensus	scaffold1237	74.09	220	41	13	677	888	28546	28335	1e-22	111
Control_contig_14100_(1)_consensus	scaffold33132	77.71	166	28	7	729	888	10647	10485	1e-22	111
Control_contig_14100_(1)_consensus	scaffold43	76.22	185	30	10	706	886	536764	536938	3e-22	110
Control_contig_14100_(1)_consensus	scaffold1896	77.91	163	27	7	732	888	93643	93484	3e-22	110
Control_contig_14100_(1)_consensus	scaffold368	77.38	168	28	8	727	888	109793	109630	3e-22	110
Control_contig_14100_(1)_consensus	scaffold368	77.30	163	28	7	732	888	108989	108830	3e-21	106
Control_contig_14100_(1)_consensus	scaffold42530	75.62	201	29	14	720	908	171831	171639	3e-22	110
Control_contig_14100_(1)_consensus	scaffold947	78.85	156	23	9	720	869	72640	72791	3e-22	110
Control_contig_14100_(1)_consensus	scaffold1438	76.19	189	28	11	729	908	17911	18091	3e-22	110
Control_contig_14100_(1)_consensus	scaffold854	74.75	198	38	10	729	920	647848	648039	1e-21	108
Control_contig_14100_(1)_consensus	scaffold829	76.57	175	30	9	729	897	158815	158984	1e-21	108
Control_contig_14100_(1)_consensus	scaffold1322	76.34	186	26	12	732	908	583310	583486	1e-21	108
Control_contig_14100_(1)_consensus	scaffold324	77.51	169	24	8	729	888	243129	242966	1e-21	108
Control_contig_14100_(1)_consensus	scaffold42726	79.59	147	20	7	727	867	33792	33650	1e-21	108
Control_contig_14100_(1)_consensus	scaffold40226	76.40	178	30	10	719	888	10129	10302	1e-21	108
Control_contig_14100_(1)_consensus	scaffold337	77.44	164	26	8	732	888	821453	821612	3e-21	106
Control_contig_14100_(1)_consensus	scaffold469	73.39	218	44	11	680	888	895591	895803	3e-21	106
Control_contig_14100_(1)_consensus	scaffold1816	76.30	173	32	7	722	888	47646	47815	3e-21	106
Control_contig_14100_(1)_consensus	scaffold1805	73.85	218	38	14	677	882	40973	41183	3e-21	106
Control_contig_14100_(1)_consensus	scaffold596	75.13	197	32	11	704	888	223345	223536	3e-21	106
Control_contig_14100_(1)_consensus	scaffold1688	76.24	181	28	9	718	888	136016	135841	3e-21	106
Control_contig_14100_(1)_consensus	scaffold1418	75.98	179	33	8	716	888	4890	5064	3e-21	106
Control_contig_14100_(1)_consensus	scaffold750	76.61	171	28	9	727	888	373368	373201	9e-21	105
Control_contig_14100_(1)_consensus	scaffold1372	75.26	190	32	11	727	908	197312	197130	9e-21	105
Control_contig_14100_(1)_consensus	scaffold43536	74.75	198	34	12	719	908	84067	83878	9e-21	105
Control_contig_14100_(1)_consensus	scaffold76	76.92	169	26	8	729	888	52195	52031	9e-21	105
Control_contig_14100_(1)_consensus	C34792	75.00	200	31	14	717	908	1704	1516	9e-21	105
Control_contig_16023_(1)_consensus	scaffold40154	84.48	174	18	3	461	634	68931	69095	2e-38	164
Control_contig_16023_(1)_consensus	scaffold43708	82.76	174	16	4	461	634	79246	79405	1e-33	148
Control_contig_16546_consensus	scaffold780	74.89	235	39	16	7	232	398150	398373	6e-27	124
Control_contig_16546_consensus	scaffold48	74.25	233	44	13	2	226	595213	595437	5e-26	121
Control_contig_16546_consensus	scaffold43272	74.17	240	43	15	8	239	100970	101198	5e-26	121
Control_contig_16546_consensus	scaffold1572	74.34	226	42	12	8	226	112081	112297	5e-25	118
Control_contig_16546_consensus	scaffold1806	73.36	244	49	13	2	238	91958	92192	5e-25	118
Control_contig_16546_consensus	scaffold1467	74.77	222	39	13	8	220	33863	34076	5e-25	118
Control_contig_16546_consensus	scaffold38310	74.66	221	40	12	9	221	2558	2770	5e-25	118
Control_contig_16546_consensus	scaffold34182	73.17	246	51	12	5	243	15848	15611	5e-25	118
Control_contig_16546_consensus	scaffold40556	74.55	220	40	12	9	220	79913	80124	1e-24	116
Control_contig_16546_consensus	scaffold35200	74.55	220	40	13	9	220	8507	8718	1e-24	116
Control_contig_16546_consensus	scaffold873	74.43	219	40	13	7	217	179869	179659	4e-24	114
Control_contig_16546_consensus	scaffold1468	74.21	221	42	13	8	220	83639	83426	4e-24	114
Control_contig_16546_consensus	scaffold42112	74.34	226	39	16	9	224	101271	101487	4e-24	114
Control_contig_16546_consensus	scaffold29078	74.12	228	40	15	1	217	5512	5731	4e-24	114
Control_contig_16546_consensus	scaffold271	74.09	220	43	11	8	220	185510	185298	1e-23	113
Control_contig_16546_consensus	scaffold271	73.39	218	42	13	8	217	323618	323409	3e-21	105
Control_contig_16546_consensus	scaffold1897	73.87	222	44	11	7	221	489350	489564	1e-23	113
Control_contig_16546_consensus	scaffold376	74.32	222	39	13	8	221	20093	20304	1e-23	113
Control_contig_16546_consensus	scaffold1127	73.99	223	42	14	7	221	144944	145158	1e-23	113
Control_contig_16546_consensus	scaffold1094	73.85	218	44	10	9	220	158524	158734	4e-23	111
Control_contig_16546_consensus	scaffold853	73.78	225	43	13	5	221	467599	467815	4e-23	111
Control_contig_16546_consensus	scaffold1838	73.85	218	44	9	8	221	265085	264877	4e-23	111
Control_contig_16546_consensus	scaffold1054	73.97	219	43	11	3	214	68003	68214	4e-23	111
Control_contig_16546_consensus	scaffold577	73.78	225	42	14	5	221	176000	176215	4e-23	111
Control_contig_16546_consensus	scaffold711	74.21	221	39	15	6	217	230513	230724	4e-23	111
Control_contig_16546_consensus	scaffold102	73.64	220	44	11	5	217	562304	562092	1e-22	110
Control_contig_16546_consensus	scaffold1836	72.80	239	48	14	8	237	1012405	1012175	1e-22	110
Control_contig_16546_consensus	scaffold541	73.66	224	43	13	9	224	450327	450542	1e-22	110
Control_contig_16546_consensus	scaffold85	72.73	242	48	15	8	240	541937	541705	1e-22	110
Control_contig_16546_consensus	scaffold37944	72.54	244	50	15	2	236	38405	38170	1e-22	110
Control_contig_16546_consensus	scaffold82	73.13	227	46	12	1	220	771581	771799	3e-22	108
Control_contig_16546_consensus	scaffold192	72.93	229	48	11	9	230	764643	764864	3e-22	108
Control_contig_16546_consensus	scaffold626	72.69	238	48	14	6	234	210219	209990	3e-22	108
Control_contig_16546_consensus	scaffold422	73.85	218	41	12	8	217	66921	66712	3e-22	108
Control_contig_16546_consensus	scaffold786	73.73	217	43	11	8	217	113796	113587	3e-22	108
Control_contig_16546_consensus	scaffold200	73.09	223	48	9	8	224	131566	131782	3e-22	108
Control_contig_16546_consensus	scaffold41588	72.03	261	50	17	8	260	87022	86777	3e-22	108
Control_contig_16546_consensus	scaffold1770	73.76	221	40	15	9	220	26815	26604	3e-22	108
Control_contig_16546_consensus	scaffold39074	73.36	229	42	16	7	227	48453	48670	3e-22	108
Control_contig_16546_consensus	scaffold1009	73.61	216	43	13	9	217	899975	900183	1e-21	106
Control_contig_16546_consensus	scaffold485	73.33	225	42	15	8	220	635872	635654	1e-21	106
Control_contig_16546_consensus	scaffold580	73.39	218	44	11	7	217	28643	28433	1e-21	106
Control_contig_16546_consensus	scaffold925	72.65	234	48	13	8	233	144481	144706	1e-21	106
Control_contig_16546_consensus	scaffold43894	73.52	219	42	13	7	217	279046	279256	1e-21	106
Control_contig_16546_consensus	scaffold43878	73.61	216	43	12	9	217	276030	275822	1e-21	106
Control_contig_16546_consensus	scaffold43396	72.80	239	45	16	8	238	188155	187929	1e-21	106
Control_contig_16546_consensus	scaffold143	73.64	220	40	13	7	217	181156	180946	1e-21	106
Control_contig_16546_consensus	scaffold3	73.09	223	45	13	3	217	1231044	1231259	3e-21	105
Control_contig_16546_consensus	scaffold1785	72.73	231	47	14	8	231	95249	95470	3e-21	105
Control_contig_16546_consensus	scaffold1258	73.49	215	43	12	9	216	453031	453238	3e-21	105
Control_contig_16546_consensus	scaffold1345	73.39	218	42	13	8	217	171598	171389	3e-21	105
Control_contig_16546_consensus	scaffold1144	73.39	218	42	14	8	217	118645	118436	3e-21	105
Control_contig_16546_consensus	scaffold43634	73.30	221	43	13	8	220	8012	7800	3e-21	105
Control_contig_16546_consensus	scaffold43366	73.01	226	45	13	9	226	205347	205564	3e-21	105
Control_contig_16546_consensus	scaffold1503	73.27	217	44	12	8	217	146278	146069	3e-21	105
Control_contig_16546_consensus	scaffold42922	70.99	262	63	12	5	260	5001	4747	3e-21	105
Control_contig_16546_consensus	scaffold870	72.65	234	46	13	9	231	22237	22463	3e-21	105
Control_contig_16546_consensus	scaffold40380	73.39	218	42	13	8	217	24181	24390	3e-21	105
Control_contig_16546_consensus	scaffold145	72.89	225	45	13	7	223	599644	599428	9e-21	103
Control_contig_16546_consensus	scaffold1402	72.81	228	45	13	7	226	446345	446127	9e-21	103
Control_contig_16546_consensus	scaffold681	72.85	221	46	11	8	221	206767	206980	9e-21	103
Control_contig_16546_consensus	scaffold209	73.18	220	43	13	9	220	102837	102626	9e-21	103
Control_contig_16546_consensus	scaffold43630	73.52	219	39	15	8	217	80711	80919	9e-21	103
Control_contig_16546_consensus	scaffold1892	73.01	226	43	15	3	220	28253	28468	9e-21	103
Control_contig_16546_consensus	scaffold41896	73.15	216	44	11	9	217	46919	46711	9e-21	103
Control_contig_16546_consensus	scaffold41816	72.77	224	46	13	6	223	43834	43620	9e-21	103
Control_contig_16546_consensus	scaffold40950	72.53	233	46	14	7	231	53970	53748	9e-21	103
Control_contig_16546_consensus	scaffold34544	73.15	216	45	10	8	217	3730	3522	9e-21	103
Control_contig_16553_consensus	scaffold586	75.76	264	52	12	359	618	8419	8164	2e-36	157
Control_contig_17045_consensus	scaffold43708	84.91	232	26	8	128	354	80851	80624	9e-57	224
Control_contig_17045_consensus	scaffold43708	81.78	258	24	8	66	313	81231	80987	2e-51	206
Control_contig_17045_consensus	scaffold43708	75.95	262	39	14	1	249	80817	80567	8e-34	148
Control_contig_17045_consensus	scaffold43708	81.94	144	19	5	215	357	81233	81096	1e-25	121
Control_contig_17045_consensus	scaffold40154	83.19	232	30	8	128	354	71054	70827	5e-52	208
Control_contig_17045_consensus	scaffold40154	77.78	324	33	13	66	355	71298	70980	4e-49	199
Control_contig_17045_consensus	scaffold40154	74.43	262	43	14	1	249	71020	70770	5e-29	132
Control_contig_17045_consensus	scaffold40154	80.60	134	20	4	224	357	71290	71163	2e-21	106
Control_contig_17045_consensus	scaffold34542	72.81	228	49	7	118	345	8622	8836	2e-21	106
Control_contig_19111_(0)_consensus	scaffold586	73.80	229	40	14	437	661	8053	8265	1e-22	111
Control_contig_19258_(0)_consensus	scaffold586	88.89	108	8	2	1	105	8293	8187	2e-26	122
Control_contig_1985_(1)_consensus	scaffold43708	81.82	132	20	2	744	875	81096	81223	5e-23	113
Control_contig_1993_(1)_consensus	scaffold43708	79.33	150	24	5	129	275	81241	81096	5e-23	111
Control_contig_21485_consensus	scaffold489	70.90	268	68	9	151	412	123651	123914	2e-22	110
Control_contig_21485_consensus	scaffold3	72.89	225	51	9	158	378	1231043	1231261	5e-22	108
Control_contig_21485_consensus	scaffold226	72.41	232	54	9	162	386	375475	375703	5e-22	108
Control_contig_21485_consensus	scaffold925	71.49	249	62	8	146	389	498287	498531	5e-22	108
Control_contig_21485_consensus	scaffold37516	72.29	231	57	7	151	379	3905	4130	5e-22	108
Control_contig_21485_consensus	scaffold168	72.73	220	52	7	162	378	809965	809751	1e-21	106
Control_contig_21485_consensus	scaffold424	71.78	241	58	9	162	397	204490	204725	1e-21	106
Control_contig_21485_consensus	scaffold1144	72.65	223	52	8	163	380	118649	118431	1e-21	106
Control_contig_21485_consensus	scaffold1641	72.12	226	58	5	167	390	248750	248528	1e-21	106
Control_contig_21485_consensus	scaffold1127	73.27	217	47	9	167	378	144946	145156	1e-21	106
Control_contig_21485_consensus	scaffold1687	72.65	223	53	8	165	384	144887	145104	1e-21	106
Control_contig_21485_consensus	C29260	71.85	238	59	7	147	381	5853	6085	1e-21	106
Control_contig_21485_consensus	scaffold867	72.69	216	52	6	166	378	587400	587189	4e-21	105
Control_contig_21485_consensus	scaffold681	72.12	226	56	6	164	385	206764	206986	4e-21	105
Control_contig_21485_consensus	scaffold43396	71.55	239	60	7	153	388	188168	187935	4e-21	105
Control_contig_2224_consensus	scaffold1675	93.67	79	5	0	120	198	1110	1032	3e-21	106
Control_contig_2225_consensus	scaffold1895	88.79	107	9	3	61	164	159351	159245	2e-25	121
Control_contig_2225_consensus	scaffold1428	82.01	139	18	3	20	152	12629	12492	1e-24	118
Control_contig_2225_consensus	scaffold1675	90.70	86	8	0	74	159	1113	1028	3e-21	106
Control_contig_22455_(0)_consensus	scaffold586	91.26	103	7	1	1	101	8276	8174	7e-28	127
Control_contig_23016_(1)_consensus	scaffold502	79.80	198	34	6	485	677	915224	915028	5e-35	153
Control_contig_23016_(1)_consensus	scaffold12	80.32	188	31	6	485	667	474378	474564	1e-33	148
Control_contig_23016_(1)_consensus	scaffold1818	80.32	188	31	6	485	667	18473	18659	1e-33	148
Control_contig_23016_(1)_consensus	scaffold433	79.19	197	33	8	477	667	489543	489737	1e-32	145
Control_contig_23016_(1)_consensus	scaffold569	79.79	188	32	6	485	667	166474	166660	1e-32	145
Control_contig_23016_(1)_consensus	scaffold32922	79.79	188	32	6	485	667	11322	11136	1e-32	145
Control_contig_23016_(1)_consensus	scaffold714	78.39	199	37	6	485	678	107944	107747	1e-31	141
Control_contig_23016_(1)_consensus	scaffold505	79.37	189	32	7	485	667	36268	36455	1e-31	141
Control_contig_23016_(1)_consensus	scaffold191	79.26	188	33	6	485	667	100614	100800	3e-31	140
Control_contig_23016_(1)_consensus	scaffold340	79.26	188	33	6	485	667	158654	158468	3e-31	140
Control_contig_23016_(1)_consensus	scaffold1108	79.89	179	30	6	494	667	449951	449774	1e-30	138
Control_contig_23016_(1)_consensus	scaffold43442	78.17	197	37	6	485	676	51331	51136	1e-30	138
Control_contig_23016_(1)_consensus	scaffold1210	78.72	188	34	6	485	667	293848	293662	3e-30	137
Control_contig_23016_(1)_consensus	scaffold39482	78.72	188	34	6	485	667	66619	66805	3e-30	137
Control_contig_23016_(1)_consensus	C29320	79.03	186	33	6	485	665	3043	3227	3e-30	137
Control_contig_23016_(1)_consensus	scaffold280	78.19	188	35	6	485	667	48079	48265	8e-29	132
Control_contig_23016_(1)_consensus	scaffold413	78.31	189	33	8	485	667	319453	319267	8e-29	132
Control_contig_23016_(1)_consensus	scaffold413	75.68	185	32	11	498	674	607347	607526	4e-21	106
Control_contig_23016_(1)_consensus	scaffold492	76.85	203	39	8	481	679	514543	514345	2e-28	130
Control_contig_23016_(1)_consensus	scaffold1583	77.78	189	35	7	485	667	491346	491159	7e-28	129
Control_contig_23016_(1)_consensus	scaffold756	77.66	188	36	6	485	667	368863	369049	7e-28	129
Control_contig_23016_(1)_consensus	scaffold36816	77.78	189	34	8	485	667	11565	11751	7e-28	129
Control_contig_23016_(1)_consensus	scaffold38510	78.14	183	33	7	489	665	3712	3531	2e-27	127
Control_contig_23016_(1)_consensus	scaffold211	77.97	177	35	4	485	657	673137	673313	2e-26	124
Control_contig_23016_(1)_consensus	scaffold37042	78.09	178	33	6	495	667	4706	4530	2e-26	124
Control_contig_23016_(1)_consensus	scaffold1650	76.80	194	32	8	485	667	159802	159993	2e-25	121
Control_contig_23016_(1)_consensus	scaffold1650	75.68	185	32	11	498	674	167216	167395	4e-21	106
Control_contig_23016_(1)_consensus	scaffold258	77.01	187	30	11	498	676	146561	146742	2e-24	118
Control_contig_23016_(1)_consensus	scaffold41162	76.26	198	32	13	498	687	108057	107867	2e-24	118
Control_contig_23016_(1)_consensus	scaffold911	76.50	183	36	7	497	675	278041	277862	5e-24	116
Control_contig_23016_(1)_consensus	scaffold41898	75.38	195	42	6	497	687	89545	89737	5e-24	116
Control_contig_23016_(1)_consensus	scaffold601	77.14	175	33	7	497	667	370085	370256	1e-23	114
Control_contig_23016_(1)_consensus	scaffold204	75.12	201	40	10	478	673	890908	891103	1e-23	114
Control_contig_23016_(1)_consensus	scaffold743	76.17	193	33	8	479	667	163060	163243	1e-23	114
Control_contig_23016_(1)_consensus	scaffold501	76.47	187	30	9	485	667	802764	802940	4e-23	113
Control_contig_23016_(1)_consensus	scaffold440	76.17	193	30	9	479	667	331452	331632	4e-23	113
Control_contig_23016_(1)_consensus	scaffold43878	76.09	184	34	10	498	675	87748	87927	1e-22	111
Control_contig_23016_(1)_consensus	scaffold1330	76.34	186	31	11	498	675	72284	72104	1e-22	111
Control_contig_23016_(1)_consensus	scaffold42740	76.44	174	36	5	497	667	39632	39803	1e-22	111
Control_contig_23016_(1)_consensus	scaffold1299	76.09	184	34	10	498	675	45773	45952	1e-22	111
Control_contig_23016_(1)_consensus	scaffold34958	73.54	223	46	12	497	711	526	743	1e-22	111
Control_contig_23016_(1)_consensus	scaffold388	72.84	232	51	12	478	700	229088	229316	4e-22	110
Control_contig_23016_(1)_consensus	scaffold315	75.94	187	32	11	498	676	539214	539033	4e-22	110
Control_contig_23016_(1)_consensus	scaffold723	76.34	186	28	9	494	672	163708	163532	4e-22	110
Control_contig_23016_(1)_consensus	scaffold804	76.09	184	32	11	499	675	366292	366114	4e-22	110
Control_contig_23016_(1)_consensus	scaffold419	75.40	187	36	10	498	677	1701214	1701031	1e-21	108
Control_contig_23016_(1)_consensus	scaffold42422	75.82	182	35	8	498	673	92844	92666	1e-21	108
Control_contig_23016_(1)_consensus	scaffold38532	74.41	211	36	16	494	695	3173	2972	1e-21	108
Control_contig_23016_(1)_consensus	scaffold1682	75.27	186	36	8	486	663	250100	249917	4e-21	106
Control_contig_23016_(1)_consensus	scaffold40	74.49	196	40	10	478	667	163261	163452	4e-21	106
Control_contig_23016_(1)_consensus	scaffold40994	75.86	174	36	6	497	667	99799	99629	4e-21	106
Control_contig_23712_(0)_consensus	scaffold586	76.86	350	58	12	6	349	8330	7998	1e-54	218
Control_contig_25133_(1)_consensus	scaffold37902	81.09	201	19	13	276	468	28001	28190	7e-36	154
Control_contig_25133_(1)_consensus	scaffold1032	82.42	182	19	11	305	478	265020	264844	2e-35	153
Control_contig_25133_(1)_consensus	scaffold810	84.66	163	14	9	307	462	110123	109965	2e-35	153
Control_contig_25133_(1)_consensus	scaffold1707	80.19	207	20	16	305	495	203294	203093	7e-35	151
Control_contig_25133_(1)_consensus	scaffold472	83.43	169	17	9	307	468	99191	99355	2e-34	149
Control_contig_25133_(1)_consensus	scaffold42840	84.05	163	15	9	307	462	141397	141555	6e-34	148
Control_contig_25133_(1)_consensus	scaffold1651	83.23	167	17	10	309	468	121428	121266	2e-33	146
Control_contig_25133_(1)_consensus	scaffold1897	80.42	189	24	10	287	468	439046	439228	5e-33	145
Control_contig_25133_(1)_consensus	scaffold1897	79.65	172	17	12	309	471	577898	578060	8e-26	121
Control_contig_25133_(1)_consensus	scaffold388	80.42	189	24	11	287	468	252125	252307	5e-33	145
Control_contig_25133_(1)_consensus	scaffold388	81.93	166	19	9	309	467	228155	227994	1e-30	137
Control_contig_25133_(1)_consensus	scaffold658	83.13	166	16	11	305	462	454476	454637	5e-33	145
Control_contig_25133_(1)_consensus	scaffold1212	83.13	166	16	10	305	462	14355	14194	5e-33	145
Control_contig_25133_(1)_consensus	scaffold549	80.54	185	27	9	290	468	14892	15073	5e-33	145
Control_contig_25133_(1)_consensus	scaffold38364	80.42	189	24	11	287	468	2893	3075	5e-33	145
Control_contig_25133_(1)_consensus	scaffold41898	82.25	169	21	9	309	471	88635	88470	2e-32	143
Control_contig_25133_(1)_consensus	scaffold1359	80.10	191	23	14	305	487	147474	147291	5e-32	141
Control_contig_25133_(1)_consensus	scaffold1738	80.00	190	25	10	287	469	62872	63055	5e-32	141
Control_contig_25133_(1)_consensus	scaffold1299	83.23	161	16	10	309	462	44951	44795	5e-32	141
Control_contig_25133_(1)_consensus	scaffold1583	79.89	189	25	11	287	468	456726	456544	1e-31	140
Control_contig_25133_(1)_consensus	scaffold1589	81.50	173	20	10	305	469	726211	726043	1e-31	140
Control_contig_25133_(1)_consensus	scaffold1589	80.36	168	16	11	309	467	131531	131372	9e-27	124
Control_contig_25133_(1)_consensus	scaffold1589	79.14	163	20	12	313	467	868723	868567	6e-24	114
Control_contig_25133_(1)_consensus	scaffold443	80.00	190	23	11	287	468	775384	775566	1e-31	140
Control_contig_25133_(1)_consensus	scaffold1788	77.98	218	26	18	287	491	116455	116663	1e-31	140
Control_contig_25133_(1)_consensus	scaffold459	82.53	166	17	11	305	462	165085	164924	1e-31	140
Control_contig_25133_(1)_consensus	scaffold162	82.53	166	17	10	305	462	275870	276031	1e-31	140
Control_contig_25133_(1)_consensus	scaffold43842	81.50	173	20	10	309	473	194487	194319	1e-31	140
Control_contig_25133_(1)_consensus	scaffold1459	82.53	166	17	10	305	462	63675	63836	1e-31	140
Control_contig_25133_(1)_consensus	scaffold418	81.76	170	20	9	309	471	185093	185258	1e-31	140
Control_contig_25133_(1)_consensus	scaffold41792	79.89	189	25	10	287	468	53511	53693	1e-31	140
Control_contig_25133_(1)_consensus	scaffold1498	82.82	163	17	7	307	462	19660	19818	1e-31	140
Control_contig_25133_(1)_consensus	C29188	81.61	174	19	11	309	475	419	252	1e-31	140
Control_contig_25133_(1)_consensus	scaffold257	81.03	174	22	9	296	462	662856	663025	4e-31	138
Control_contig_25133_(1)_consensus	scaffold1179	80.33	183	23	10	287	462	1050112	1049936	4e-31	138
Control_contig_25133_(1)_consensus	scaffold1179	80.33	183	23	10	287	462	1272033	1272209	4e-31	138
Control_contig_25133_(1)_consensus	scaffold393	80.22	182	25	10	287	462	968254	968430	4e-31	138
Control_contig_25133_(1)_consensus	scaffold393	72.61	241	46	17	231	461	182134	182364	2e-21	106
Control_contig_25133_(1)_consensus	scaffold448	80.33	183	23	10	287	462	682230	682054	4e-31	138
Control_contig_25133_(1)_consensus	scaffold280	80.33	183	23	11	287	462	254090	253914	4e-31	138
Control_contig_25133_(1)_consensus	scaffold1741	80.33	183	23	10	287	462	171650	171474	4e-31	138
Control_contig_25133_(1)_consensus	scaffold1741	79.76	168	17	11	309	467	688605	688446	2e-25	119
Control_contig_25133_(1)_consensus	scaffold622	81.03	174	22	10	296	462	430358	430527	4e-31	138
Control_contig_25133_(1)_consensus	scaffold1551	80.22	182	25	10	287	462	147318	147142	4e-31	138
Control_contig_25133_(1)_consensus	scaffold1551	80.49	164	16	10	313	467	146180	146024	3e-26	122
Control_contig_25133_(1)_consensus	scaffold43134	79.08	196	26	11	287	475	96751	96938	4e-31	138
Control_contig_25133_(1)_consensus	scaffold43028	80.22	182	24	11	287	462	94113	93938	4e-31	138
Control_contig_25133_(1)_consensus	scaffold43028	80.22	182	24	11	287	462	94956	94781	4e-31	138
Control_contig_25133_(1)_consensus	scaffold42530	80.33	183	23	10	287	462	160408	160232	4e-31	138
Control_contig_25133_(1)_consensus	scaffold42236	80.33	183	23	11	287	462	74207	74031	4e-31	138
Control_contig_25133_(1)_consensus	scaffold1553	80.33	183	23	10	287	462	9844	10020	4e-31	138
Control_contig_25133_(1)_consensus	scaffold1114	82.04	167	19	9	309	468	1493	1655	4e-31	138
Control_contig_25133_(1)_consensus	scaffold35432	80.33	183	23	10	287	462	14105	14281	4e-31	138
Control_contig_25133_(1)_consensus	scaffold1210	81.71	164	22	8	305	462	182719	182880	1e-30	137
Control_contig_25133_(1)_consensus	scaffold783	82.61	161	17	9	309	462	62136	61980	1e-30	137
Control_contig_25133_(1)_consensus	scaffold1127	79.37	189	26	10	287	468	121797	121615	1e-30	137
Control_contig_25133_(1)_consensus	scaffold42740	79.37	189	26	10	281	462	38814	38632	1e-30	137
Control_contig_25133_(1)_consensus	scaffold42076	79.57	186	26	11	290	468	142227	142407	1e-30	137
Control_contig_25133_(1)_consensus	scaffold39694	79.37	189	26	11	287	468	16455	16273	1e-30	137
Control_contig_25133_(1)_consensus	scaffold38700	82.61	161	17	9	309	462	27249	27405	1e-30	137
Control_contig_25133_(1)_consensus	scaffold22	79.78	183	24	10	287	462	753710	753886	4e-30	135
Control_contig_25133_(1)_consensus	scaffold1836	79.78	183	24	10	287	462	919253	919429	4e-30	135
Control_contig_25133_(1)_consensus	scaffold867	79.78	183	24	10	287	462	1145828	1145652	4e-30	135
Control_contig_25133_(1)_consensus	scaffold1188	79.78	183	24	10	287	462	63257	63081	4e-30	135
Control_contig_25133_(1)_consensus	scaffold70	79.23	183	30	8	285	462	610373	610194	4e-30	135
Control_contig_25133_(1)_consensus	scaffold625	79.26	188	26	10	287	467	658768	658587	4e-30	135
Control_contig_25133_(1)_consensus	scaffold109	78.50	200	27	13	287	479	425398	425208	4e-30	135
Control_contig_25133_(1)_consensus	scaffold109	81.66	169	15	11	309	468	119989	119828	1e-29	133
Control_contig_25133_(1)_consensus	scaffold115	80.00	180	25	9	296	468	516575	516750	4e-30	135
Control_contig_25133_(1)_consensus	scaffold43964	79.78	183	24	10	287	462	79080	79256	4e-30	135
Control_contig_25133_(1)_consensus	scaffold1164	82.39	159	19	8	309	462	10320	10474	4e-30	135
Control_contig_25133_(1)_consensus	scaffold1164	79.76	168	17	11	309	467	168222	168381	2e-25	119
Control_contig_25133_(1)_consensus	scaffold1734	79.78	183	24	10	287	462	112028	112204	4e-30	135
Control_contig_25133_(1)_consensus	scaffold1798	79.78	183	24	12	287	462	4648	4472	4e-30	135
Control_contig_25133_(1)_consensus	scaffold54	78.65	192	28	11	287	471	777223	777408	1e-29	133
Control_contig_25133_(1)_consensus	scaffold408	80.92	173	18	11	296	462	808225	808062	1e-29	133
Control_contig_25133_(1)_consensus	scaffold1360	81.07	169	21	9	307	468	519515	519679	1e-29	133
Control_contig_25133_(1)_consensus	scaffold818	80.00	180	22	8	287	462	197627	197458	1e-29	133
Control_contig_25133_(1)_consensus	scaffold43878	81.99	161	18	9	309	462	87025	86869	1e-29	133
Control_contig_25133_(1)_consensus	scaffold43878	77.44	164	24	11	309	467	325550	325395	5e-21	105
Control_contig_25133_(1)_consensus	scaffold787	81.76	170	12	13	309	468	49386	49226	1e-29	133
Control_contig_25133_(1)_consensus	scaffold37672	81.44	167	18	11	305	462	11603	11441	1e-29	133
Control_contig_25133_(1)_consensus	scaffold1102	81.99	161	18	9	309	462	15185	15341	1e-29	133
Control_contig_25133_(1)_consensus	C35556	78.82	203	18	20	271	461	14342	14531	1e-29	133
Control_contig_25133_(1)_consensus	scaffold492	81.33	166	19	10	305	462	273412	273573	4e-29	132
Control_contig_25133_(1)_consensus	scaffold854	78.82	203	17	21	271	461	434388	434200	4e-29	132
Control_contig_25133_(1)_consensus	scaffold854	77.94	204	18	20	271	461	437688	437499	3e-27	126
Control_contig_25133_(1)_consensus	scaffold1862	80.81	172	18	11	309	468	229191	229359	4e-29	132
Control_contig_25133_(1)_consensus	scaffold1315	79.37	189	20	13	309	488	113283	113105	4e-29	132
Control_contig_25133_(1)_consensus	scaffold140	78.61	187	31	8	287	468	71949	72131	4e-29	132
Control_contig_25133_(1)_consensus	scaffold626	79.67	182	22	12	309	483	343721	343548	4e-29	132
Control_contig_25133_(1)_consensus	scaffold1763	81.33	166	19	10	305	462	584083	584244	4e-29	132
Control_contig_25133_(1)_consensus	scaffold1037	81.88	160	18	9	309	461	200288	200133	4e-29	132
Control_contig_25133_(1)_consensus	scaffold987	80.11	181	19	11	309	480	141649	141821	4e-29	132
Control_contig_25133_(1)_consensus	scaffold616	80.95	168	20	11	305	462	406042	405877	4e-29	132
Control_contig_25133_(1)_consensus	scaffold1883	81.07	169	19	8	305	468	257311	257471	4e-29	132
Control_contig_25133_(1)_consensus	scaffold1423	78.72	188	27	8	285	468	858706	858528	1e-28	130
Control_contig_25133_(1)_consensus	scaffold1423	79.63	162	21	10	313	467	983170	983326	7e-25	118
Control_contig_25133_(1)_consensus	scaffold885	82.78	151	16	7	323	468	848249	848104	1e-28	130
Control_contig_25133_(1)_consensus	scaffold593	79.23	183	25	10	287	462	735704	735528	1e-28	130
Control_contig_25133_(1)_consensus	scaffold593	75.61	205	21	21	271	461	271892	271703	5e-21	105
Control_contig_25133_(1)_consensus	scaffold908	79.23	183	25	10	287	462	244916	245092	1e-28	130
Control_contig_25133_(1)_consensus	scaffold911	78.92	185	27	10	285	462	278719	278898	1e-28	130
Control_contig_25133_(1)_consensus	C30882	79.12	182	26	10	287	462	5947	5772	1e-28	130
Control_contig_25133_(1)_consensus	scaffold890	81.07	169	15	11	309	468	292517	292677	3e-28	129
Control_contig_25133_(1)_consensus	scaffold890	80.47	169	16	11	309	468	366093	365933	3e-27	126
Control_contig_25133_(1)_consensus	scaffold890	79.76	168	17	11	309	467	191555	191714	2e-25	119
Control_contig_25133_(1)_consensus	scaffold194	80.72	166	20	10	305	462	240742	240903	3e-28	129
Control_contig_25133_(1)_consensus	scaffold42674	76.11	226	33	13	250	468	171732	171521	3e-28	129
Control_contig_25133_(1)_consensus	scaffold40994	80.70	171	17	11	305	462	100719	100886	3e-28	129
Control_contig_25133_(1)_consensus	scaffold40154	78.31	189	28	10	287	468	11731	11913	3e-28	129
Control_contig_25133_(1)_consensus	scaffold39352	78.31	189	28	10	287	468	14213	14031	3e-28	129
Control_contig_25133_(1)_consensus	scaffold31864	75.20	254	30	22	231	467	1698	1935	3e-28	129
Control_contig_25133_(1)_consensus	scaffold501	81.25	160	19	9	309	461	621009	620854	1e-27	127
Control_contig_25133_(1)_consensus	scaffold501	80.12	171	17	11	309	470	1328119	1328281	9e-27	124
Control_contig_25133_(1)_consensus	scaffold1258	78.69	183	26	10	287	462	577151	577327	1e-27	127
Control_contig_25133_(1)_consensus	scaffold896	81.48	162	14	11	305	462	77325	77474	1e-27	127
Control_contig_25133_(1)_consensus	scaffold750	79.89	174	20	13	309	474	403834	404000	1e-27	127
Control_contig_25133_(1)_consensus	scaffold157	80.84	167	16	10	310	467	151101	150942	1e-27	127
Control_contig_25133_(1)_consensus	scaffold1016	80.84	167	16	10	310	467	195308	195467	1e-27	127
Control_contig_25133_(1)_consensus	scaffold1138	80.24	167	22	9	309	468	77755	77593	1e-27	127
Control_contig_25133_(1)_consensus	scaffold1053	80.95	168	15	11	309	467	341631	341790	1e-27	127
Control_contig_25133_(1)_consensus	scaffold1399	81.07	169	13	13	309	467	66266	66107	1e-27	127
Control_contig_25133_(1)_consensus	scaffold1393	78.24	193	24	13	287	472	55846	55665	1e-27	127
Control_contig_25133_(1)_consensus	scaffold39050	79.21	178	24	10	296	462	64087	64262	1e-27	127
Control_contig_25133_(1)_consensus	scaffold38162	80.61	165	21	9	305	462	9323	9483	1e-27	127
Control_contig_25133_(1)_consensus	scaffold914	80.62	160	22	8	309	462	484797	484641	3e-27	126
Control_contig_25133_(1)_consensus	scaffold675	80.23	172	16	12	309	471	458361	458199	3e-27	126
Control_contig_25133_(1)_consensus	scaffold675	78.29	175	14	15	309	467	506363	506529	2e-22	110
Control_contig_25133_(1)_consensus	scaffold1900	80.47	169	16	11	309	468	479371	479211	3e-27	126
Control_contig_25133_(1)_consensus	scaffold487	80.47	169	16	15	309	468	175227	175067	3e-27	126
Control_contig_25133_(1)_consensus	scaffold193	80.47	169	16	11	309	468	381619	381779	3e-27	126
Control_contig_25133_(1)_consensus	scaffold1816	79.12	182	21	12	287	462	51401	51231	3e-27	126
Control_contig_25133_(1)_consensus	scaffold43574	80.12	166	22	10	309	468	248327	248167	3e-27	126
Control_contig_25133_(1)_consensus	scaffold366	80.47	169	16	11	309	468	38217	38057	3e-27	126
Control_contig_25133_(1)_consensus	scaffold40556	80.12	166	23	9	305	462	7584	7747	3e-27	126
Control_contig_25133_(1)_consensus	scaffold40104	80.47	169	16	11	309	468	72309	72469	3e-27	126
Control_contig_25133_(1)_consensus	scaffold1213	80.12	166	20	11	309	467	264892	265051	9e-27	124
Control_contig_25133_(1)_consensus	scaffold313	80.36	168	16	10	309	467	419742	419901	9e-27	124
Control_contig_25133_(1)_consensus	scaffold496	80.61	165	16	10	313	468	447472	447315	9e-27	124
Control_contig_25133_(1)_consensus	scaffold1710	80.61	165	16	13	305	462	555707	555862	9e-27	124
Control_contig_25133_(1)_consensus	scaffold632	80.12	166	20	12	309	467	552607	552766	9e-27	124
Control_contig_25133_(1)_consensus	scaffold396	80.36	168	16	11	309	467	266901	266742	9e-27	124
Control_contig_25133_(1)_consensus	scaffold794	80.12	166	20	11	309	467	186047	186206	9e-27	124
Control_contig_25133_(1)_consensus	scaffold1329	80.36	168	16	11	309	467	184012	184171	9e-27	124
Control_contig_25133_(1)_consensus	scaffold43302	80.36	168	16	10	309	467	122825	122984	9e-27	124
Control_contig_25133_(1)_consensus	scaffold1692	79.31	174	22	12	309	475	60669	60835	9e-27	124
Control_contig_25133_(1)_consensus	scaffold1818	80.36	168	16	11	309	467	44472	44313	9e-27	124
Control_contig_25133_(1)_consensus	scaffold38952	80.36	168	16	11	309	467	19513	19354	9e-27	124
Control_contig_25133_(1)_consensus	scaffold38904	80.36	168	16	11	309	467	34480	34639	9e-27	124
Control_contig_25133_(1)_consensus	scaffold32618	80.75	161	19	11	309	462	8973	8818	9e-27	124
Control_contig_25133_(1)_consensus	scaffold32356	77.83	203	19	19	271	461	6349	6537	9e-27	124
Control_contig_25133_(1)_consensus	C25074	79.33	179	18	13	309	476	195	25	9e-27	124
Control_contig_25133_(1)_consensus	scaffold86	79.31	174	20	13	309	474	1370490	1370325	3e-26	122
Control_contig_25133_(1)_consensus	scaffold86	76.47	187	28	12	287	462	1571317	1571498	6e-23	111
Control_contig_25133_(1)_consensus	scaffold591	79.65	172	18	11	309	471	922118	922281	3e-26	122
Control_contig_25133_(1)_consensus	scaffold219	81.82	154	12	10	317	461	162593	162447	3e-26	122
Control_contig_25133_(1)_consensus	scaffold1835	80.24	167	17	10	314	471	74559	74718	3e-26	122
Control_contig_25133_(1)_consensus	scaffold1835	76.22	185	30	11	285	462	7829	7652	2e-22	110
Control_contig_25133_(1)_consensus	scaffold43844	79.53	171	21	12	308	471	75942	76105	3e-26	122
Control_contig_25133_(1)_consensus	scaffold1886	80.00	170	17	11	308	468	51242	51403	3e-26	122
Control_contig_25133_(1)_consensus	scaffold1337	74.60	248	34	21	231	468	82909	82681	3e-26	122
Control_contig_25133_(1)_consensus	scaffold43426	79.65	172	18	13	310	467	170980	171148	3e-26	122
Control_contig_25133_(1)_consensus	scaffold1062	78.33	180	26	9	287	462	71041	70871	3e-26	122
Control_contig_25133_(1)_consensus	scaffold38310	80.61	165	15	11	307	461	18438	18595	3e-26	122
Control_contig_25133_(1)_consensus	C31386	80.49	164	16	10	313	467	4460	4616	3e-26	122
Control_contig_25133_(1)_consensus	scaffold28424	79.43	175	19	11	309	474	651	817	3e-26	122
Control_contig_25133_(1)_consensus	scaffold502	81.41	156	12	14	312	461	299702	299558	8e-26	121
Control_contig_25133_(1)_consensus	scaffold1403	79.88	169	17	11	309	468	69630	69790	8e-26	121
Control_contig_25133_(1)_consensus	scaffold1322	74.13	259	35	24	231	479	594584	594348	8e-26	121
Control_contig_25133_(1)_consensus	scaffold1700	76.06	213	31	14	267	467	82173	82377	8e-26	121
Control_contig_25133_(1)_consensus	scaffold1286	79.88	169	17	11	309	468	48070	47910	8e-26	121
Control_contig_25133_(1)_consensus	scaffold521	77.25	189	30	10	290	468	195852	195667	8e-26	121
Control_contig_25133_(1)_consensus	scaffold635	79.88	169	17	11	309	468	11964	11804	8e-26	121
Control_contig_25133_(1)_consensus	scaffold43084	74.49	247	34	21	231	467	146210	145983	8e-26	121
Control_contig_25133_(1)_consensus	scaffold40868	79.88	169	17	11	309	468	1808	1968	8e-26	121
Control_contig_25133_(1)_consensus	scaffold1251	79.76	168	18	10	309	467	61146	61306	8e-26	121
Control_contig_25133_(1)_consensus	scaffold39986	74.49	247	34	21	231	467	43261	43488	8e-26	121
Control_contig_25133_(1)_consensus	scaffold262	81.41	156	12	14	312	461	28748	28604	8e-26	121
Control_contig_25133_(1)_consensus	scaffold35558	79.88	169	17	11	309	468	21134	21294	8e-26	121
Control_contig_25133_(1)_consensus	scaffold34018	79.88	169	17	11	309	468	13516	13356	8e-26	121
Control_contig_25133_(1)_consensus	C25314	74.49	247	34	21	231	467	2741	2514	8e-26	121
Control_contig_25133_(1)_consensus	scaffold102	77.60	183	28	10	287	462	1655221	1655045	2e-25	119
Control_contig_25133_(1)_consensus	scaffold198	78.86	175	20	11	309	474	1550009	1549843	2e-25	119
Control_contig_25133_(1)_consensus	scaffold601	79.76	168	17	11	309	467	271083	271242	2e-25	119
Control_contig_25133_(1)_consensus	scaffold601	79.22	154	25	7	296	444	369151	369000	2e-23	113
Control_contig_25133_(1)_consensus	scaffold1267	79.52	166	21	11	309	467	449272	449431	2e-25	119
Control_contig_25133_(1)_consensus	scaffold1097	78.98	176	19	14	309	474	551836	551669	2e-25	119
Control_contig_25133_(1)_consensus	scaffold1097	77.65	170	25	11	309	471	73456	73619	2e-22	110
Control_contig_25133_(1)_consensus	scaffold1244	79.76	168	17	11	309	467	255238	255397	2e-25	119
Control_contig_25133_(1)_consensus	scaffold461	79.64	167	18	10	309	467	181831	181989	2e-25	119
Control_contig_25133_(1)_consensus	scaffold126	79.76	168	17	11	309	467	234772	234613	2e-25	119
Control_contig_25133_(1)_consensus	scaffold681	80.12	161	18	11	309	461	352340	352494	2e-25	119
Control_contig_25133_(1)_consensus	scaffold983	79.52	166	21	11	309	467	209280	209121	2e-25	119
Control_contig_25133_(1)_consensus	scaffold983	79.87	154	18	8	323	473	161627	161484	2e-23	113
Control_contig_25133_(1)_consensus	scaffold296	79.76	168	17	11	309	467	97327	97168	2e-25	119
Control_contig_25133_(1)_consensus	scaffold1143	77.60	192	23	13	309	492	198556	198735	2e-25	119
Control_contig_25133_(1)_consensus	scaffold66	79.76	168	17	11	309	467	31776	31935	2e-25	119
Control_contig_25133_(1)_consensus	scaffold38546	79.76	168	17	11	309	467	50258	50417	2e-25	119
Control_contig_25133_(1)_consensus	scaffold37858	79.76	168	17	11	309	467	17787	17946	2e-25	119
Control_contig_25133_(1)_consensus	C31626	79.64	167	19	10	310	468	886	1045	2e-25	119
Control_contig_25133_(1)_consensus	scaffold1715	79.29	169	19	10	309	468	15982	16143	7e-25	118
Control_contig_25133_(1)_consensus	scaffold412	79.29	169	19	10	309	468	57688	57527	7e-25	118
Control_contig_25133_(1)_consensus	scaffold1077	80.25	162	15	11	309	461	516673	516826	7e-25	118
Control_contig_25133_(1)_consensus	scaffold873	80.26	152	22	6	320	467	244458	244311	7e-25	118
Control_contig_25133_(1)_consensus	scaffold971	80.12	161	17	12	309	461	157404	157251	7e-25	118
Control_contig_25133_(1)_consensus	scaffold1259	79.88	164	17	10	313	467	19758	19914	7e-25	118
Control_contig_25133_(1)_consensus	scaffold37148	77.90	181	24	10	287	462	38343	38512	7e-25	118
Control_contig_25133_(1)_consensus	scaffold862	79.75	163	19	11	314	468	2887	2731	7e-25	118
Control_contig_25133_(1)_consensus	scaffold354	75.86	203	32	15	266	461	292603	292411	2e-24	116
Control_contig_25133_(1)_consensus	scaffold780	79.17	168	18	11	309	467	925311	925152	2e-24	116
Control_contig_25133_(1)_consensus	scaffold1219	79.17	168	18	11	309	467	386115	386274	2e-24	116
Control_contig_25133_(1)_consensus	scaffold1080	80.25	162	12	15	309	459	239038	238886	2e-24	116
Control_contig_25133_(1)_consensus	scaffold1890	77.60	183	25	13	296	467	108386	108563	2e-24	116
Control_contig_25133_(1)_consensus	scaffold993	79.17	168	19	10	313	471	64652	64492	2e-24	116
Control_contig_25133_(1)_consensus	scaffold1725	79.04	167	20	10	310	468	105828	105669	2e-24	116
Control_contig_25133_(1)_consensus	scaffold1725	78.31	166	23	8	310	468	107523	107364	6e-23	111
Control_contig_25133_(1)_consensus	scaffold636	79.17	168	18	11	309	467	74995	74836	2e-24	116
Control_contig_25133_(1)_consensus	C31442	79.75	163	16	13	309	461	5534	5689	2e-24	116
Control_contig_25133_(1)_consensus	C23860	79.17	168	18	11	309	467	623	782	2e-24	116
Control_contig_25133_(1)_consensus	scaffold678	77.05	183	29	11	287	462	1095176	1095000	6e-24	114
Control_contig_25133_(1)_consensus	scaffold1578	76.88	186	29	9	287	468	89676	89851	6e-24	114
Control_contig_25133_(1)_consensus	scaffold97	80.85	141	23	4	324	462	96703	96565	6e-24	114
Control_contig_25133_(1)_consensus	scaffold1745	79.17	168	17	12	309	467	105458	105300	6e-24	114
Control_contig_25133_(1)_consensus	C33200	79.39	165	17	13	307	461	6501	6344	6e-24	114
Control_contig_25133_(1)_consensus	scaffold150	78.70	169	19	11	309	468	504320	504480	2e-23	113
Control_contig_25133_(1)_consensus	scaffold1698	76.24	202	24	18	271	461	384315	384127	2e-23	113
Control_contig_25133_(1)_consensus	scaffold477	79.75	158	16	11	313	461	262003	261853	2e-23	113
Control_contig_25133_(1)_consensus	scaffold38824	79.62	157	18	10	313	461	22691	22541	2e-23	113
Control_contig_25133_(1)_consensus	scaffold205	79.50	161	17	10	317	468	21530	21377	2e-23	113
Control_contig_25133_(1)_consensus	scaffold1301	78.24	170	20	11	305	467	644436	644277	6e-23	111
Control_contig_25133_(1)_consensus	scaffold406	77.84	176	20	13	309	474	373263	373429	6e-23	111
Control_contig_25133_(1)_consensus	scaffold580	79.87	149	21	8	323	467	5218	5075	6e-23	111
Control_contig_25133_(1)_consensus	scaffold1711	76.62	201	18	20	309	491	150384	150573	6e-23	111
Control_contig_25133_(1)_consensus	scaffold767	79.14	163	17	12	309	467	101279	101130	6e-23	111
Control_contig_25133_(1)_consensus	scaffold1347	77.84	167	26	9	309	468	111524	111686	6e-23	111
Control_contig_25133_(1)_consensus	scaffold40424	78.85	156	24	8	314	462	53624	53471	6e-23	111
Control_contig_25133_(1)_consensus	scaffold40264	78.92	166	17	15	305	461	30674	30518	6e-23	111
Control_contig_25133_(1)_consensus	scaffold1233	79.25	159	18	10	313	467	29192	29339	6e-23	111
Control_contig_25133_(1)_consensus	scaffold24486	79.87	159	13	12	314	461	155	5	6e-23	111
Control_contig_25133_(1)_consensus	scaffold269	75.74	202	26	19	271	461	13046	13235	2e-22	110
Control_contig_25133_(1)_consensus	scaffold1521	75.37	203	31	13	273	462	342146	342342	2e-22	110
Control_contig_25133_(1)_consensus	scaffold457	77.01	174	29	10	296	462	61984	62153	2e-22	110
Control_contig_25133_(1)_consensus	scaffold1373	76.32	190	27	13	287	468	82030	81851	2e-22	110
Control_contig_25133_(1)_consensus	C32536	79.14	163	15	16	309	461	6974	7127	2e-22	110
Control_contig_25133_(1)_consensus	scaffold1512	78.98	157	18	10	319	467	415724	415873	5e-22	108
Control_contig_25133_(1)_consensus	scaffold71	77.35	181	19	16	287	459	355692	355858	5e-22	108
Control_contig_25133_(1)_consensus	scaffold453	77.58	165	26	10	309	467	392759	392600	5e-22	108
Control_contig_25133_(1)_consensus	scaffold39592	77.98	168	20	11	309	467	40485	40644	5e-22	108
Control_contig_25133_(1)_consensus	scaffold34574	76.06	188	28	12	287	468	18291	18467	5e-22	108
Control_contig_25133_(1)_consensus	scaffold43598	77.38	168	24	12	308	467	180568	180407	2e-21	106
Control_contig_25133_(1)_consensus	scaffold39804	77.33	172	22	12	309	467	50457	50290	2e-21	106
Control_contig_25133_(1)_consensus	scaffold322	77.38	168	23	10	309	467	93192	93353	5e-21	105
Control_contig_25133_(1)_consensus	scaffold1396	79.33	150	17	9	326	468	86442	86584	5e-21	105
Control_contig_25133_(1)_consensus	scaffold41174	77.30	163	26	9	307	462	106531	106373	5e-21	105
Control_contig_25133_(1)_consensus	scaffold39858	79.19	149	18	8	321	468	14166	14302	5e-21	105
Control_contig_26615_(0)_consensus	scaffold586	85.38	130	12	4	656	783	8289	8413	2e-27	127
Control_contig_267_(1)_consensus	scaffold586	76.18	361	58	18	155	506	7952	8293	9e-53	211
Control_contig_27677_(0)_consensus	scaffold586	85.07	134	14	5	1	129	8287	8419	1e-28	130
Control_contig_28540_consensus	scaffold1895	88.57	105	10	2	14	117	159348	159245	2e-25	119
Control_contig_28540_consensus	scaffold1675	90.70	86	8	0	27	112	1113	1028	1e-21	106
Control_contig_31600_consensus	scaffold315	80.66	181	32	3	42	220	540220	540041	3e-34	148
Control_contig_31600_consensus	scaffold1327	79.50	200	28	11	59	250	92795	92989	1e-33	146
Control_contig_31600_consensus	scaffold198	78.50	200	37	6	45	241	718034	717838	9e-33	143
Control_contig_31600_consensus	scaffold42422	82.61	161	24	4	62	220	95176	95018	9e-33	143
Control_contig_31600_consensus	scaffold237	79.47	190	31	7	51	237	198813	198997	3e-32	141
Control_contig_31600_consensus	scaffold850	79.08	196	30	9	62	250	48391	48582	3e-32	141
Control_contig_31600_consensus	scaffold1330	81.99	161	25	4	62	220	73353	73195	2e-31	138
Control_contig_31600_consensus	scaffold258	81.37	161	26	4	62	220	145406	145564	2e-30	135
Control_contig_31600_consensus	scaffold230	81.25	160	28	2	62	220	162077	162235	2e-30	135
Control_contig_31600_consensus	scaffold296	79.77	173	28	7	59	228	107439	107607	2e-29	132
Control_contig_31600_consensus	scaffold783	78.61	187	31	9	47	228	17975	18157	2e-29	132
Control_contig_31600_consensus	scaffold552	79.01	181	31	6	59	237	113362	113537	2e-29	132
Control_contig_31600_consensus	scaffold492	80.62	160	29	2	62	220	366787	366629	6e-29	130
Control_contig_31600_consensus	scaffold43	80.62	160	29	2	62	220	84581	84739	6e-29	130
Control_contig_31600_consensus	scaffold1766	81.10	164	21	7	62	220	72776	72618	6e-29	130
Control_contig_31600_consensus	scaffold102	78.41	176	33	5	58	231	688756	688928	2e-27	126
Control_contig_31600_consensus	scaffold601	82.52	143	18	6	62	200	167778	167917	5e-27	124
Control_contig_31600_consensus	scaffold140	83.09	136	20	3	57	190	418165	418031	5e-27	124
Control_contig_31600_consensus	scaffold63	82.07	145	19	6	62	202	429666	429807	1e-26	122
Control_contig_31600_consensus	scaffold583	82.71	133	18	5	47	175	286182	286313	4e-25	118
Control_contig_31600_consensus	scaffold542	77.06	170	35	4	59	227	260324	260158	1e-23	113
Control_contig_31600_consensus	scaffold1650	80.00	140	27	1	62	200	166161	166300	3e-23	111
Control_contig_31600_consensus	scaffold177	80.00	140	26	2	62	199	290330	290191	3e-23	111
Control_contig_31600_consensus	scaffold41162	77.11	166	35	3	57	220	109130	108966	3e-23	111
Control_contig_31600_consensus	scaffold413	83.19	119	19	1	58	175	606362	606480	1e-22	110
Control_contig_31600_consensus	scaffold1321	82.03	128	18	5	51	175	119942	120067	1e-22	110
Control_contig_31600_consensus	scaffold42408	80.00	130	25	1	62	190	50388	50517	8e-21	103
Control_contig_34669_consensus	scaffold1572	72.49	229	51	9	551	774	112073	112294	8e-21	105
Control_contig_34919_consensus	scaffold1675	92.77	83	6	0	1	83	1112	1030	4e-22	110
Control_contig_35222_consensus	scaffold1572	72.89	225	46	10	133	353	112294	112081	4e-21	105
Control_contig_35756_consensus	scaffold40154	78.16	174	28	5	73	245	69095	68931	3e-25	119
Control_contig_35756_consensus	scaffold43708	77.01	174	25	5	73	245	79405	79246	2e-21	106
Control_contig_3871_(0)_consensus	scaffold43708	85.40	644	34	22	1003	1602	80143	79516	2e-170	603
Control_contig_3871_(0)_consensus	scaffold40154	83.58	676	53	25	994	1630	69822	69166	1e-165	587
Control_contig_3871_(0)_consensus	scaffold22	79.88	164	31	2	1490	1652	1357650	1357812	1e-27	129
Control_contig_3871_(0)_consensus	scaffold552	82.31	147	20	3	1513	1656	164026	164169	4e-27	127
Control_contig_3871_(0)_consensus	scaffold1423	77.47	182	33	7	1502	1681	414920	415095	3e-25	121
Control_contig_3871_(0)_consensus	scaffold1423	78.29	152	26	6	1511	1657	431429	431578	7e-21	106
Control_contig_3871_(0)_consensus	scaffold733	78.79	165	26	7	1517	1677	578977	579136	3e-24	118
Control_contig_3871_(0)_consensus	scaffold433	75.54	184	37	8	1490	1670	266310	266132	2e-21	108
Control_contig_3871_(0)_consensus	scaffold847	75.26	194	32	11	1466	1656	185211	185031	7e-21	106
Control_contig_38742_consensus	scaffold40154	80.22	182	28	5	738	919	68917	69090	9e-32	141
Control_contig_38742_consensus	scaffold43708	79.77	173	22	7	747	919	79241	79400	2e-27	127
Control_contig_39685_consensus	scaffold40154	76.77	396	46	18	484	846	70843	71225	5e-58	229
Control_contig_39685_consensus	scaffold40154	85.07	221	25	3	546	761	71081	71298	1e-53	214
Control_contig_39685_consensus	scaffold40154	78.38	296	42	15	573	859	70770	71052	2e-49	200
Control_contig_39685_consensus	scaffold40154	81.40	129	19	3	467	594	71163	71287	3e-21	106
Control_contig_39685_consensus	scaffold43708	86.43	221	22	3	546	761	81014	81231	1e-57	227
Control_contig_39685_consensus	scaffold43708	80.36	275	36	12	573	838	80567	80832	3e-52	210
Control_contig_39685_consensus	scaffold43708	83.78	222	22	6	484	700	80640	80852	2e-49	200
Control_contig_39685_consensus	scaffold43708	69.35	398	90	25	467	846	80775	81158	2e-26	124
Control_contig_39685_consensus	scaffold43708	82.95	129	17	3	467	594	81096	81220	1e-23	114
Control_contig_4054_consensus	scaffold1018	83.21	131	13	5	17	145	413892	414015	8e-24	114
Control_contig_4054_consensus	scaffold322	83.21	131	13	5	17	145	162751	162874	8e-24	114
Control_contig_4054_consensus	scaffold43388	81.20	133	15	6	17	145	107448	107574	6e-21	105
Control_contig_4106_consensus	scaffold40154	75.16	463	76	18	1181	1616	70775	71225	1e-63	249
Control_contig_4106_consensus	scaffold40154	78.59	355	46	10	1202	1530	70948	71298	9e-61	240
Control_contig_4106_consensus	scaffold40154	79.09	287	45	10	1338	1619	70770	71046	1e-50	206
Control_contig_4106_consensus	scaffold40154	80.43	184	31	3	1177	1359	71108	71287	1e-32	146
Control_contig_4106_consensus	scaffold43708	81.72	290	42	5	1181	1469	80572	80851	1e-61	243
Control_contig_4106_consensus	scaffold43708	80.80	276	38	10	1338	1608	80567	80832	5e-54	218
Control_contig_4106_consensus	scaffold43708	83.71	221	32	2	1311	1530	81014	81231	1e-50	206
Control_contig_4106_consensus	scaffold43708	81.08	185	30	3	1176	1359	81040	81220	2e-34	153
Control_contig_4106_consensus	scaffold43708	70.51	434	87	30	1203	1616	80746	81158	2e-33	149
Control_contig_4627_consensus	scaffold40154	76.30	481	57	19	271	710	71300	70836	2e-69	267
Control_contig_4627_consensus	scaffold40154	73.32	461	65	18	185	604	71225	70782	7e-49	199
Control_contig_4627_consensus	scaffold40154	77.47	293	46	12	181	468	71047	70770	5e-46	189
Control_contig_4627_consensus	scaffold40154	75.94	212	37	10	443	642	71290	71081	2e-26	124
Control_contig_4627_consensus	scaffold43708	84.92	252	26	8	272	518	81231	80987	9e-62	241
Control_contig_4627_consensus	scaffold43708	71.94	556	96	38	185	710	81158	80633	1e-54	218
Control_contig_4627_consensus	scaffold43708	72.79	452	79	37	34	468	80991	80567	6e-48	195
Control_contig_4627_consensus	scaffold43708	78.26	299	37	11	332	615	80852	80567	6e-48	195
Control_contig_4627_consensus	scaffold43708	77.36	212	34	10	443	642	81223	81014	3e-30	137
Control_contig_46663_(1)_consensus	scaffold461	93.86	293	18	0	1	293	455695	455987	1e-108	395
Control_contig_46663_(1)_consensus	scaffold885	93.52	293	19	0	1	293	919969	920261	3e-107	391
Control_contig_46663_(1)_consensus	scaffold322	93.49	292	18	1	2	293	163344	163634	8e-107	389
Control_contig_46663_(1)_consensus	scaffold498	93.20	294	19	1	1	293	230938	230645	2e-106	387
Control_contig_46663_(1)_consensus	scaffold43794	93.17	293	20	0	1	293	186324	186032	2e-106	387
Control_contig_46663_(1)_consensus	scaffold552	93.17	293	18	2	1	293	101215	101505	7e-106	386
Control_contig_46663_(1)_consensus	scaffold38306	92.52	294	20	2	1	293	4158	4450	6e-104	379
Control_contig_46663_(1)_consensus	scaffold835	92.15	293	22	1	1	293	368737	369028	2e-102	375
Control_contig_46663_(1)_consensus	scaffold43388	91.81	293	22	1	1	293	111931	112221	4e-101	370
Control_contig_46663_(1)_consensus	scaffold40154	91.47	293	24	1	1	293	72995	73286	4e-100	367
Control_contig_46663_(1)_consensus	scaffold321	91.16	294	25	1	1	293	569845	569552	3e-99	364
Control_contig_46663_(1)_consensus	scaffold1428	90.33	300	22	3	1	293	8974	8675	3e-97	357
Control_contig_46663_(1)_consensus	scaffold191	90.20	296	22	2	1	293	199152	198861	2e-95	351
Control_contig_50298_(1)_consensus	scaffold1267	72.80	500	98	24	1	490	30175	29704	2e-57	226
Control_contig_50298_(1)_consensus	scaffold1267	71.62	444	100	19	1	440	29998	29577	2e-45	186
Control_contig_50298_(1)_consensus	scaffold1267	72.35	405	90	16	1	404	29956	29573	2e-44	183
Control_contig_50298_(1)_consensus	scaffold1267	70.49	488	109	24	1	484	30364	29908	1e-42	176
Control_contig_50298_(1)_consensus	scaffold1267	70.65	494	101	31	1	490	30616	30163	4e-42	175
Control_contig_50298_(1)_consensus	scaffold1267	70.80	476	99	27	1	468	30784	30341	1e-41	173
Control_contig_50298_(1)_consensus	scaffold1267	70.38	503	102	30	1	487	30742	30271	4e-41	172
Control_contig_50298_(1)_consensus	scaffold1267	70.49	488	100	29	1	484	30574	30127	1e-40	170
Control_contig_50298_(1)_consensus	scaffold1267	70.22	507	105	29	1	490	30955	30478	1e-40	170
Control_contig_50298_(1)_consensus	scaffold1267	70.08	498	103	32	1	490	30532	30073	1e-38	164
Control_contig_50298_(1)_consensus	scaffold1267	69.94	509	97	37	1	490	30280	29809	8e-37	157
Control_contig_50298_(1)_consensus	scaffold1267	69.64	494	100	31	1	484	30511	30058	6e-35	151
Control_contig_50298_(1)_consensus	scaffold1267	69.38	516	100	37	1	490	30448	29965	6e-34	148
Control_contig_50298_(1)_consensus	scaffold203	71.58	475	104	19	21	487	640714	640263	3e-48	195
Control_contig_50298_(1)_consensus	scaffold203	71.12	502	94	31	1	490	640899	640437	2e-44	183
Control_contig_50298_(1)_consensus	scaffold203	72.75	400	79	14	1	376	640341	639948	2e-43	179
Control_contig_50298_(1)_consensus	scaffold203	72.41	406	82	15	1	379	640839	640437	5e-43	178
Control_contig_50298_(1)_consensus	scaffold203	75.31	239	52	3	1	234	640188	639952	5e-32	141
Control_contig_50298_(1)_consensus	scaffold457	71.63	504	87	36	3	484	114844	115313	2e-46	189
Control_contig_50298_(1)_consensus	scaffold241	69.43	494	107	33	1	487	535202	535658	6e-35	151
Control_contig_50298_(1)_consensus	scaffold241	68.19	503	112	32	18	487	535303	535790	9e-28	127
Control_contig_50298_(1)_consensus	scaffold241	68.15	518	109	38	1	487	535148	535640	8e-27	124
Control_contig_50298_(1)_consensus	scaffold241	68.48	479	103	38	1	464	535373	535818	8e-27	124
Control_contig_50298_(1)_consensus	scaffold951	69.20	448	114	14	1	439	75738	76170	2e-33	146
Control_contig_50298_(1)_consensus	scaffold951	69.32	453	98	22	1	437	75633	76060	1e-30	137
Control_contig_50298_(1)_consensus	scaffold951	67.71	511	117	31	1	484	75960	76449	2e-25	119
Control_contig_50298_(1)_consensus	scaffold951	67.41	494	126	19	1	487	76002	76467	2e-25	119
Control_contig_50298_(1)_consensus	scaffold951	67.26	504	128	25	1	487	75375	75858	7e-25	118
Control_contig_50298_(1)_consensus	scaffold951	67.32	511	122	32	1	487	75849	76338	6e-24	114
Control_contig_50298_(1)_consensus	scaffold951	67.79	475	110	28	1	458	75939	76387	6e-24	114
Control_contig_50298_(1)_consensus	scaffold951	67.52	508	114	31	1	487	75270	75747	2e-23	113
Control_contig_50298_(1)_consensus	scaffold43240	68.61	395	92	18	1	394	144471	144834	6e-23	111
Control_contig_50298_(1)_consensus	scaffold371	68.12	458	91	39	1	438	59632	60054	5e-21	105
