Control_contig_17045_consensus	scaffold43708	85.14	222	27	4	128	346	80851	80633	3e-61	239
Control_contig_17045_consensus	scaffold43708	80.62	258	27	5	66	313	81231	80987	3e-61	239
Control_contig_23712_(0)_consensus	scaffold586	75.99	354	54	10	6	349	8330	7998	5e-61	239
Control_contig_3871_(0)_consensus	scaffold43708	84.93	637	37	11	1010	1602	80137	79516	0.0	720
Control_contig_3871_(0)_consensus	scaffold40154	82.91	667	53	10	999	1621	69822	69173	0.0	699
Control_contig_39685_consensus	scaffold40154	77.95	322	39	4	469	761	70980	71298	8e-71	271
Control_contig_39685_consensus	scaffold43708	86.43	221	22	3	546	761	81014	81231	2e-66	257
Control_contig_4106_consensus	scaffold40154	74.08	463	81	7	1181	1616	70775	71225	2e-78	298
Control_contig_4106_consensus	scaffold43708	80.97	289	46	2	1181	1469	80572	80851	9e-71	273
Control_contig_4627_consensus	scaffold40154	74.74	479	65	8	272	710	71298	70836	3e-89	333
Control_contig_4627_consensus	scaffold43708	83.73	252	29	4	272	518	81231	80987	5e-68	262
Control_contig_46663_(1)_consensus	scaffold461	93.86	293	18	0	1	293	455695	455987	1e-124	448
Control_contig_46663_(1)_consensus	scaffold885	93.52	293	19	0	1	293	919969	920261	6e-123	443
Control_contig_46663_(1)_consensus	scaffold43794	93.17	293	20	0	1	293	186324	186032	7e-122	439
Control_contig_46663_(1)_consensus	scaffold498	93.20	294	19	1	1	293	230938	230645	3e-121	437
Control_contig_46663_(1)_consensus	scaffold322	93.49	292	18	1	2	293	163344	163634	3e-121	437
Control_contig_46663_(1)_consensus	scaffold552	93.17	293	18	2	1	293	101215	101505	1e-119	432
Control_contig_46663_(1)_consensus	scaffold38306	92.52	294	20	2	1	293	4158	4450	2e-117	425
Control_contig_46663_(1)_consensus	scaffold835	92.15	293	22	1	1	293	368737	369028	2e-116	421
Control_contig_46663_(1)_consensus	scaffold43388	91.81	293	22	1	1	293	111931	112221	2e-115	417
Control_contig_46663_(1)_consensus	scaffold40154	91.47	293	24	1	1	293	72995	73286	1e-113	412
Control_contig_46663_(1)_consensus	scaffold321	91.16	294	25	1	1	293	569845	569552	4e-113	410
Control_contig_46663_(1)_consensus	scaffold1428	90.33	300	22	3	1	293	8974	8675	5e-111	403
Control_contig_46663_(1)_consensus	scaffold191	90.20	296	22	2	1	293	199152	198861	2e-110	401
