TR12914_c0_g1_i1	SRR1598943_1_(paired)_contig_7	77.32	388	83	5	200	582	10225	9838	2e-78	286
TR12939_c1_g1_i1	SRR1598943_1_(paired)_contig_20	80.91	110	21	0	118	227	5433	5324	1e-23	104
TR16478_c0_g1_i1	SRR1598943_1_(paired)_contig_7	81.37	161	30	0	91	251	791	951	2e-39	156
TR16478_c0_g1_i1	SRR1598943_1_(paired)_contig_7	76.02	171	31	2	357	517	1475	1645	1e-29	123
TR16672_c0_g1_i2	SRR1598943_1_(paired)_contig_7	83.65	104	17	0	181	284	6055	6158	6e-26	111
TR19522_c0_g1_i1	SRR1598943_1_(paired)_contig_11	86.84	114	13	1	475	586	11476	11589	6e-33	136
TR19522_c0_g1_i1	SRR1598943_1_(paired)_contig_11	90.80	87	8	0	500	586	11909	11823	1e-28	122
TR20906_c0_g1_i1	SRR1598943_1_(paired)_contig_6	90.79	76	6	1	1404	1479	12473	12399	1e-22	102
TR2279_c0_g1_i1	SRR1598943_1_(paired)_contig_12	100.00	227	0	0	1	227	841	615	2e-116	410
TR23433_c2_g1_i1	SRR1598943_1_(paired)_contig_26	74.42	172	44	0	47	218	11396	11567	3e-26	113
TR23665_c4_g1_i1	SRR1598943_1_(paired)_contig_35	95.61	387	9	1	1	387	5855	5477	0.0	632
TR25028_c2_g1_i1	SRR1598943_1_(paired)_contig_6	80.71	140	19	3	602	734	12473	12335	5e-30	125
TR25028_c2_g1_i3	SRR1598943_1_(paired)_contig_6	80.71	140	19	3	602	734	12473	12335	5e-30	125
TR26035_c0_g1_i1	SRR1598943_1_(paired)_contig_14	79.65	113	23	0	560	672	2707	2595	3e-22	100
TR26667_c0_g1_i1	SRR1598943_1_(paired)_contig_14	65.89	387	132	0	75	461	5671	5285	3e-23	104
TR26716_c2_g1_i1	SRR1598943_1_(paired)_contig_9	71.98	257	50	7	912	1147	3190	3445	9e-31	129
TR26716_c2_g1_i1	SRR1598943_1_(paired)_contig_34	76.22	164	39	0	990	1153	4630	4467	4e-28	120
TR27783_c0_g1_i1	SRR1598943_1_(paired)_contig_1	87.37	95	10	1	953	1047	8872	8780	1e-26	114
TR27882_c1_g1_i1	SRR1598943_1_(paired)_contig_19	73.52	253	49	8	2056	2303	2291	2052	3e-32	134
TR27965_c0_g1_i2	SRR1598943_1_(paired)_contig_20	81.98	111	20	0	95	205	5317	5427	4e-26	111
TR27965_c0_g1_i3	SRR1598943_1_(paired)_contig_20	80.17	116	23	0	84	199	5312	5427	2e-24	105
TR27965_c0_g1_i4	SRR1598943_1_(paired)_contig_20	81.98	111	20	0	95	205	5317	5427	7e-26	111
TR27965_c0_g1_i8	SRR1598943_1_(paired)_contig_20	81.98	111	20	0	95	205	5317	5427	8e-26	111
TR29558_c4_g1_i1	SRR1598943_1_(paired)_contig_1	84.68	124	18	1	1808	1931	8911	8789	3e-32	134
TR29558_c4_g1_i1	SRR1598943_1_(paired)_contig_19	80.65	124	23	1	1808	1931	4826	4948	8e-26	113
TR29558_c4_g1_i2	SRR1598943_1_(paired)_contig_1	84.68	124	18	1	609	732	8911	8789	1e-32	134
TR29558_c4_g1_i2	SRR1598943_1_(paired)_contig_19	80.65	124	23	1	609	732	4826	4948	3e-26	113
TR2969_c1_g1_i1	SRR1598943_1_(paired)_contig_20	82.14	112	18	2	163	273	5317	5427	2e-24	105
TR29708_c3_g2_i1	SRR1598943_1_(paired)_contig_6	85.15	101	15	0	783	883	12472	12372	1e-26	114
TR29860_c2_g1_i1	SRR1598943_1_(paired)_contig_24	67.33	502	154	4	2385	2881	12440	12936	3e-39	158
TR29860_c2_g1_i2	SRR1598943_1_(paired)_contig_24	67.33	502	154	4	2434	2930	12440	12936	3e-39	158
TR30005_c5_g1_i1	SRR1598943_1_(paired)_contig_34	88.43	121	13	1	2079	2198	3477	3357	1e-37	152
TR30005_c5_g1_i3	SRR1598943_1_(paired)_contig_34	88.43	121	13	1	2080	2199	3477	3357	1e-37	152
TR30099_c4_g2_i1	SRR1598943_1_(paired)_contig_11	76.96	230	40	6	1	224	4059	4281	4e-41	161
TR30099_c4_g2_i1	SRR1598943_1_(paired)_contig_20	76.44	174	31	5	1	166	6298	6469	1e-27	116
TR30099_c4_g2_i1	SRR1598943_1_(paired)_contig_20	77.22	158	28	5	3	156	6445	6598	8e-25	107
TR30099_c4_g2_i1	SRR1598943_1_(paired)_contig_20	74.03	154	39	1	1	153	6590	6743	5e-21	95.1
TR30099_c4_g2_i1	SRR1598943_1_(paired)_contig_20	84.88	86	11	1	75	158	6823	6908	5e-21	95.1
TR30861_c1_g1_i2	SRR1598943_1_(paired)_contig_25	83.87	93	15	0	321	413	4209	4301	5e-22	100
TR30866_c0_g1_i1	SRR1598943_1_(paired)_contig_7	74.73	182	30	2	1	166	1640	1459	9e-31	127
TR31254_c7_g1_i3	SRR1598943_1_(paired)_contig_34	79.88	164	33	0	2312	2475	4630	4467	5e-36	147
TR31254_c7_g1_i3	SRR1598943_1_(paired)_contig_9	74.89	235	38	7	2253	2475	3226	3451	5e-36	147
TR31312_c3_g1_i1	SRR1598943_1_(paired)_contig_4	74.10	251	55	4	204	447	10020	9773	2e-37	150
TR31423_c10_g2_i1	SRR1598943_1_(paired)_contig_20	76.02	196	36	3	1816	2002	6401	6594	3e-33	138
TR31423_c10_g2_i1	SRR1598943_1_(paired)_contig_20	71.49	221	53	3	1791	2002	6523	6742	4e-25	111
TR31423_c10_g2_i1	SRR1598943_1_(paired)_contig_11	69.97	313	56	13	1830	2116	4024	4324	9e-27	116
TR31515_c4_g2_i1	SRR1598943_1_(paired)_contig_6	80.34	178	26	4	420	589	12470	12294	3e-38	154
TR31515_c4_g2_i2	SRR1598943_1_(paired)_contig_6	80.34	178	26	4	420	589	12470	12294	3e-38	154
TR31698_c1_g2_i1	SRR1598943_1_(paired)_contig_6	73.40	188	32	6	1464	1642	12473	12295	8e-23	104
TR31698_c1_g2_i2	SRR1598943_1_(paired)_contig_6	73.40	188	32	6	1339	1517	12473	12295	7e-23	104
TR31698_c1_g2_i3	SRR1598943_1_(paired)_contig_6	73.40	188	32	6	1339	1517	12473	12295	7e-23	104
TR31698_c1_g2_i4	SRR1598943_1_(paired)_contig_6	73.40	188	32	6	1315	1493	12473	12295	7e-23	104
TR31698_c1_g2_i6	SRR1598943_1_(paired)_contig_6	73.40	188	32	6	1464	1642	12473	12295	8e-23	104
TR31791_c5_g1_i1	SRR1598943_1_(paired)_contig_4	70.49	288	68	8	623	898	10161	9879	3e-27	116
TR31802_c2_g1_i1	SRR1598943_1_(paired)_contig_6	77.72	184	33	2	564	740	12475	12293	2e-35	145
TR31802_c2_g1_i3	SRR1598943_1_(paired)_contig_6	77.72	184	33	2	816	992	12475	12293	2e-35	145
TR31940_c4_g2_i1	SRR1598943_1_(paired)_contig_11	84.09	88	14	0	913	1000	11562	11475	3e-21	96.9
TR31940_c4_g2_i2	SRR1598943_1_(paired)_contig_11	93.62	94	6	0	923	1016	11821	11914	3e-35	143
TR31940_c4_g2_i5	SRR1598943_1_(paired)_contig_11	93.62	94	6	0	921	1014	11821	11914	3e-35	143
TR31940_c4_g2_i6	SRR1598943_1_(paired)_contig_11	86.02	93	10	3	881	971	11823	11914	1e-21	98.7
TR32331_c1_g1_i1	SRR1598943_1_(paired)_contig_1	73.12	186	42	4	1281	1465	8904	8726	6e-22	100
TR32500_c3_g2_i2	SRR1598943_1_(paired)_contig_6	78.87	142	21	2	12	145	12331	12471	7e-28	120
TR32647_c0_g1_i1	SRR1598943_1_(paired)_contig_6	92.65	68	5	0	1	68	12406	12473	6e-22	100
TR32666_c3_g1_i1	SRR1598943_1_(paired)_contig_1	93.75	64	4	0	1	64	8773	8710	2e-21	98.7
TR32686_c9_g2_i2	SRR1598943_1_(paired)_contig_6	76.87	147	26	2	445	583	12441	12295	2e-25	111
TR32995_c0_g1_i2	SRR1598943_1_(paired)_contig_1	86.32	95	12	1	1818	1911	8803	8709	1e-24	109
TR32995_c0_g1_i3	SRR1598943_1_(paired)_contig_1	86.32	95	12	1	1817	1910	8803	8709	1e-24	109
TR32995_c0_g1_i8	SRR1598943_1_(paired)_contig_1	86.32	95	12	1	1817	1910	8803	8709	1e-24	109
TR33007_c2_g3_i2	SRR1598943_1_(paired)_contig_4	71.50	214	54	4	112	318	9948	10161	7e-22	100
TR33116_c0_g3_i3	SRR1598943_1_(paired)_contig_1	70.00	290	70	9	662	941	8710	8992	2e-23	105
TR33364_c0_g1_i5	SRR1598943_1_(paired)_contig_17	83.33	102	16	1	332	432	1547	1648	7e-23	104
TR33364_c0_g1_i6	SRR1598943_1_(paired)_contig_17	83.33	102	16	1	332	432	1547	1648	4e-23	104
TR3348_c0_g1_i1	SRR1598943_1_(paired)_contig_12	99.75	397	1	0	1	397	1562	1166	0.0	711
TR33518_c0_g1_i1	SRR1598943_1_(paired)_contig_28	85.42	96	12	1	3	96	9334	9429	1e-24	107
TR33518_c0_g1_i2	SRR1598943_1_(paired)_contig_28	85.42	96	12	1	3	96	9334	9429	2e-24	107
TR33518_c0_g1_i3	SRR1598943_1_(paired)_contig_28	84.38	96	13	1	3	96	9334	9429	2e-23	104
TR33538_c4_g1_i4	SRR1598943_1_(paired)_contig_1	88.46	78	9	0	1078	1155	8786	8709	4e-22	100
TR33596_c0_g1_i1	SRR1598943_1_(paired)_contig_39	72.63	190	48	2	516	703	715	902	4e-23	104
TR33596_c0_g1_i2	SRR1598943_1_(paired)_contig_39	72.63	190	48	2	515	702	715	902	4e-23	104
TR33596_c0_g1_i3	SRR1598943_1_(paired)_contig_39	72.63	190	48	2	360	547	715	902	1e-23	104
TR33596_c0_g1_i4	SRR1598943_1_(paired)_contig_39	72.63	190	48	2	515	702	715	902	4e-23	104
TR33633_c0_g2_i1	SRR1598943_1_(paired)_contig_14	97.13	766	22	0	1	766	3140	2375	0.0	1283
TR33633_c1_g1_i1	SRR1598943_1_(paired)_contig_14	86.92	1277	167	0	1	1277	3649	2373	0.0	1550
TR33633_c1_g1_i2	SRR1598943_1_(paired)_contig_14	78.59	1252	250	7	1	1237	3621	2373	0.0	1034
TR33675_c1_g2_i1	SRR1598943_1_(paired)_contig_28	83.17	101	15	1	2693	2791	9425	9325	8e-23	104
TR33675_c1_g2_i2	SRR1598943_1_(paired)_contig_28	83.17	101	15	1	2738	2836	9425	9325	8e-23	104
TR33675_c1_g2_i3	SRR1598943_1_(paired)_contig_28	83.17	101	15	1	2739	2837	9425	9325	8e-23	104
TR33675_c1_g2_i4	SRR1598943_1_(paired)_contig_28	83.17	101	15	1	1217	1315	9425	9325	3e-23	104
TR33727_c0_g3_i2	SRR1598943_1_(paired)_contig_33	78.63	117	25	0	43	159	7416	7300	1e-21	98.7
TR33798_c0_g1_i1	SRR1598943_1_(paired)_contig_6	84.47	103	16	0	204	306	12370	12472	8e-27	114
TR33949_c7_g3_i1	SRR1598943_1_(paired)_contig_15	86.08	158	13	5	1395	1551	14260	14111	1e-43	172
TR34038_c0_g1_i1	SRR1598943_1_(paired)_contig_14	77.38	1720	381	4	28	1743	12244	10529	0.0	1337
TR34038_c0_g1_i2	SRR1598943_1_(paired)_contig_14	77.57	321	72	0	1	321	12257	11937	2e-69	255
TR34038_c0_g4_i1	SRR1598943_1_(paired)_contig_14	75.49	926	221	5	1	924	10675	9754	0.0	630
TR34100_c0_g2_i1	SRR1598943_1_(paired)_contig_1	86.41	103	10	2	1760	1862	8694	8792	2e-27	118
TR34100_c0_g2_i1	SRR1598943_1_(paired)_contig_19	89.87	79	6	2	1777	1855	10719	10795	5e-22	100
TR34100_c0_g2_i1	SRR1598943_1_(paired)_contig_15	91.67	72	5	1	1785	1856	9513	9443	5e-22	100
TR34217_c4_g1_i13	SRR1598943_1_(paired)_contig_34	89.58	96	10	0	1773	1868	3477	3382	1e-30	129
TR34217_c4_g1_i2	SRR1598943_1_(paired)_contig_34	89.58	96	10	0	1770	1865	3477	3382	1e-30	129
TR34217_c4_g1_i4	SRR1598943_1_(paired)_contig_34	85.58	104	10	2	1769	1867	3477	3374	8e-27	116
TR34217_c4_g1_i4	SRR1598943_1_(paired)_contig_1	89.33	75	6	1	1763	1837	10488	10560	7e-21	96.9
TR34217_c4_g1_i6	SRR1598943_1_(paired)_contig_34	85.58	104	10	2	1767	1865	3477	3374	8e-27	116
TR34217_c4_g1_i6	SRR1598943_1_(paired)_contig_1	89.33	75	6	1	1761	1835	10488	10560	7e-21	96.9
TR34217_c4_g1_i9	SRR1598943_1_(paired)_contig_34	89.58	96	10	0	1772	1867	3477	3382	1e-30	129
TR34235_c0_g3_i1	SRR1598943_1_(paired)_contig_15	83.65	159	12	8	1853	2005	14112	14262	7e-36	147
TR34235_c0_g3_i2	SRR1598943_1_(paired)_contig_15	83.65	159	12	8	1852	2004	14112	14262	7e-36	147
TR34235_c0_g3_i4	SRR1598943_1_(paired)_contig_15	83.65	159	12	8	1832	1984	14112	14262	7e-36	147
TR34235_c0_g3_i5	SRR1598943_1_(paired)_contig_15	83.65	159	12	8	1831	1983	14112	14262	7e-36	147
TR34240_c0_g1_i2	SRR1598943_1_(paired)_contig_9	70.89	292	50	9	1760	2020	3748	4035	3e-32	134
TR34240_c1_g1_i1	SRR1598943_1_(paired)_contig_11	72.12	312	63	8	258	558	4323	4025	1e-38	156
TR34240_c1_g1_i1	SRR1598943_1_(paired)_contig_20	71.63	349	81	10	356	695	6617	6278	5e-38	154
TR34240_c1_g1_i1	SRR1598943_1_(paired)_contig_20	69.01	355	96	8	377	724	6743	6396	3e-28	122
TR34298_c5_g1_i1	SRR1598943_1_(paired)_contig_1	81.68	202	34	3	736	935	8910	8710	8e-48	187
TR34298_c5_g1_i1	SRR1598943_1_(paired)_contig_19	76.84	177	28	5	782	945	9145	9321	8e-29	123
TR34298_c5_g1_i1	SRR1598943_1_(paired)_contig_15	77.38	168	27	6	779	937	10442	10607	4e-26	114
TR34298_c5_g1_i5	SRR1598943_1_(paired)_contig_1	80.69	202	33	4	736	932	8910	8710	1e-44	176
TR34298_c5_g1_i5	SRR1598943_1_(paired)_contig_19	76.84	177	28	5	779	942	9145	9321	8e-29	123
TR34298_c5_g1_i5	SRR1598943_1_(paired)_contig_15	74.42	215	34	10	729	934	10405	10607	4e-26	114
TR34298_c5_g1_i6	SRR1598943_1_(paired)_contig_1	81.68	202	34	3	736	935	8910	8710	8e-48	187
TR34298_c5_g1_i6	SRR1598943_1_(paired)_contig_19	76.84	177	28	5	782	945	9145	9321	8e-29	123
TR34298_c5_g1_i6	SRR1598943_1_(paired)_contig_15	77.38	168	27	6	779	937	10442	10607	4e-26	114
TR34327_c4_g1_i8	SRR1598943_1_(paired)_contig_7	81.65	109	20	0	254	362	6165	6057	1e-24	107
TR34327_c4_g1_i8	SRR1598943_1_(paired)_contig_7	87.65	81	9	1	11	90	6419	6339	5e-22	98.7
TR34342_c2_g2_i2	SRR1598943_1_(paired)_contig_6	74.86	179	35	5	253	422	12470	12293	2e-24	107
TR34342_c2_g2_i4	SRR1598943_1_(paired)_contig_6	74.86	179	35	5	172	341	12470	12293	1e-24	107
TR34458_c0_g1_i2	SRR1598943_1_(paired)_contig_11	80.91	110	11	3	2983	3087	9819	9923	9e-22	100
TR34458_c0_g1_i3	SRR1598943_1_(paired)_contig_11	80.91	110	11	3	1307	1411	9819	9923	4e-22	100
TR34548_c4_g2_i7	SRR1598943_1_(paired)_contig_11	78.33	120	25	1	945	1063	9764	9883	4e-21	96.9
TR34567_c0_g1_i3	SRR1598943_1_(paired)_contig_34	89.61	77	5	2	737	812	3477	3403	3e-21	96.9
TR34747_c0_g1_i2	SRR1598943_1_(paired)_contig_1	88.75	80	9	0	2	81	8783	8862	6e-23	104
TR34760_c1_g1_i1	SRR1598943_1_(paired)_contig_17	91.51	106	8	1	1257	1361	1547	1652	3e-36	147
TR34812_c4_g1_i1	SRR1598943_1_(paired)_contig_1	81.16	138	25	1	602	738	8848	8711	2e-30	129
TR34954_c3_g3_i1	SRR1598943_1_(paired)_contig_19	74.55	220	43	9	169	385	2469	2678	4e-27	116
TR34954_c3_g3_i3	SRR1598943_1_(paired)_contig_19	74.55	220	43	9	156	372	2469	2678	4e-27	116
TR34972_c0_g1_i1	SRR1598943_1_(paired)_contig_14	95.18	767	36	1	1	767	12993	12228	0.0	1213
TR35091_c2_g1_i2	SRR1598943_1_(paired)_contig_6	72.28	184	42	3	641	818	12473	12293	6e-21	96.9
TR35212_c2_g1_i1	SRR1598943_1_(paired)_contig_6	77.78	180	35	1	2111	2285	12473	12294	2e-35	145
TR35301_c3_g2_i2	SRR1598943_1_(paired)_contig_6	80.30	132	18	2	1413	1539	12473	12345	5e-28	120
TR35301_c3_g2_i4	SRR1598943_1_(paired)_contig_6	80.30	132	18	2	1412	1538	12473	12345	5e-28	120
TR35344_c0_g1_i1	SRR1598943_1_(paired)_contig_14	79.40	2005	413	0	41	2045	5736	3732	0.0	1754
TR35651_c0_g2_i1	SRR1598943_1_(paired)_contig_6	77.48	151	26	2	3	146	12324	12473	2e-27	118
TR35766_c0_g2_i1	SRR1598943_1_(paired)_contig_11	81.51	119	17	2	1233	1350	9809	9923	4e-25	111
TR35815_c3_g1_i1	SRR1598943_1_(paired)_contig_27	76.71	146	29	3	176	317	3060	2916	2e-22	102
TR35837_c3_g1_i4	SRR1598943_1_(paired)_contig_1	75.93	216	40	5	2229	2442	8714	8919	9e-35	143
TR35837_c3_g1_i6	SRR1598943_1_(paired)_contig_1	75.93	216	40	5	2351	2564	8714	8919	1e-34	143
TR35906_c3_g1_i1	SRR1598943_1_(paired)_contig_6	77.30	185	23	4	62	231	12293	12473	2e-34	143
TR35906_c3_g1_i6	SRR1598943_1_(paired)_contig_6	77.30	185	23	4	62	231	12293	12473	2e-34	143
TR35928_c0_g1_i1	SRR1598943_1_(paired)_contig_14	82.90	1649	278	1	427	2071	14654	13006	0.0	1701
TR35928_c0_g1_i1	SRR1598943_1_(paired)_contig_14	73.91	207	49	3	3	205	14927	14722	2e-28	122
TR36141_c2_g1_i4	SRR1598943_1_(paired)_contig_11	83.97	131	19	1	1305	1433	4325	4455	5e-34	140
TR36141_c2_g4_i4	SRR1598943_1_(paired)_contig_17	94.06	101	6	0	4081	4181	1548	1648	2e-38	156
TR36141_c2_g4_i4	SRR1598943_1_(paired)_contig_11	85.50	131	18	1	4847	4976	4325	4455	1e-35	147
TR36141_c2_g4_i5	SRR1598943_1_(paired)_contig_17	94.06	101	6	0	4153	4253	1548	1648	2e-38	156
TR36141_c2_g4_i5	SRR1598943_1_(paired)_contig_11	85.50	131	18	1	4919	5048	4325	4455	1e-35	147
TR36153_c6_g2_i1	SRR1598943_1_(paired)_contig_6	75.00	176	35	3	1528	1695	12300	12474	2e-26	114
TR36173_c6_g1_i1	SRR1598943_1_(paired)_contig_34	74.88	207	39	6	874	1069	3943	3739	3e-29	123
TR36499_c1_g1_i1	SRR1598943_1_(paired)_contig_28	81.97	122	18	3	3	120	9308	9429	2e-25	111
TR36499_c1_g1_i2	SRR1598943_1_(paired)_contig_28	81.97	122	18	3	3	120	9308	9429	4e-25	111
TR36499_c1_g1_i3	SRR1598943_1_(paired)_contig_28	81.97	122	18	3	3	120	9308	9429	3e-25	111
TR36771_c0_g1_i2	SRR1598943_1_(paired)_contig_1	71.77	248	46	5	92	322	5113	5353	2e-31	131
TR36771_c0_g1_i4	SRR1598943_1_(paired)_contig_1	71.77	248	46	5	92	322	5113	5353	2e-31	131
TR36860_c0_g1_i1	SRR1598943_1_(paired)_contig_4	85.54	83	12	0	1	83	460	378	6e-21	96.9
TR36860_c0_g1_i2	SRR1598943_1_(paired)_contig_4	85.54	83	12	0	1	83	460	378	6e-21	96.9
TR36883_c10_g1_i1	SRR1598943_1_(paired)_contig_17	84.85	99	14	1	361	458	1550	1648	5e-24	107
TR36883_c10_g1_i2	SRR1598943_1_(paired)_contig_17	84.85	99	14	1	361	458	1550	1648	3e-24	107
TR36973_c0_g1_i2	SRR1598943_1_(paired)_contig_11	76.92	130	26	1	2367	2496	9798	9923	3e-21	98.7
TR36973_c0_g1_i6	SRR1598943_1_(paired)_contig_11	76.92	130	26	1	2331	2460	9798	9923	3e-21	98.7
TR37002_c4_g2_i1	SRR1598943_1_(paired)_contig_6	78.02	182	34	2	3442	3617	12293	12474	3e-35	145
TR37002_c4_g2_i2	SRR1598943_1_(paired)_contig_6	76.37	182	37	2	3475	3650	12293	12474	6e-31	131
TR37002_c4_g2_i4	SRR1598943_1_(paired)_contig_6	78.02	182	34	2	3428	3603	12293	12474	3e-35	145
TR37060_c0_g1_i4	SRR1598943_1_(paired)_contig_34	84.78	92	12	1	1803	1892	3384	3475	6e-22	100
TR37073_c2_g4_i1	SRR1598943_1_(paired)_contig_6	78.57	182	32	2	1	176	12473	12293	1e-37	150
TR37225_c9_g1_i1	SRR1598943_1_(paired)_contig_4	86.46	96	11	1	75	168	6498	6403	1e-25	113
TR37410_c0_g1_i1	SRR1598943_1_(paired)_contig_14	94.66	974	52	0	1	974	1017	44	0.0	1523
TR37410_c1_g1_i1	SRR1598943_1_(paired)_contig_14	91.88	1380	110	2	4	1383	994	2371	0.0	1977
TR37410_c1_g1_i2	SRR1598943_1_(paired)_contig_14	90.59	1126	105	1	4	1129	994	2118	0.0	1550
TR37410_c1_g1_i2	SRR1598943_1_(paired)_contig_14	95.52	67	3	0	1123	1189	2036	2102	2e-24	107
TR37479_c2_g2_i1	SRR1598943_1_(paired)_contig_6	73.71	175	38	3	1880	2047	12474	12301	2e-22	102
TR37681_c0_g2_i1	SRR1598943_1_(paired)_contig_15	77.97	118	14	1	5	110	8789	8672	2e-22	102
TR37827_c2_g1_i2	SRR1598943_1_(paired)_contig_17	84.68	111	16	1	1652	1761	1657	1547	2e-27	120
TR38016_c0_g1_i3	SRR1598943_1_(paired)_contig_1	73.89	180	41	3	2714	2888	8794	8972	2e-23	105
TR38068_c1_g1_i1	SRR1598943_1_(paired)_contig_33	80.70	114	20	1	197	308	7416	7303	5e-23	104
TR38068_c1_g1_i2	SRR1598943_1_(paired)_contig_33	80.70	114	20	1	197	308	7416	7303	5e-23	104
TR38068_c1_g1_i3	SRR1598943_1_(paired)_contig_33	80.70	114	20	1	197	308	7416	7303	5e-23	104
TR38092_c6_g1_i2	SRR1598943_1_(paired)_contig_6	76.40	178	34	3	1044	1214	12476	12300	2e-29	125
TR38092_c6_g1_i5	SRR1598943_1_(paired)_contig_6	76.40	178	34	3	1043	1213	12476	12300	2e-29	125
TR38132_c1_g5_i1	SRR1598943_1_(paired)_contig_26	73.30	206	55	0	1242	1447	11566	11361	7e-29	123
TR38132_c1_g5_i6	SRR1598943_1_(paired)_contig_26	73.30	206	55	0	1098	1303	11566	11361	6e-29	123
TR38132_c1_g5_i7	SRR1598943_1_(paired)_contig_26	72.82	206	56	0	487	692	11566	11361	6e-28	120
TR38184_c6_g2_i1	SRR1598943_1_(paired)_contig_6	75.56	180	34	4	4067	4237	12295	12473	4e-27	118
TR38216_c1_g1_i1	SRR1598943_1_(paired)_contig_6	77.93	145	24	1	1207	1343	12296	12440	4e-28	120
TR38437_c2_g3_i5	SRR1598943_1_(paired)_contig_34	81.98	111	15	3	1408	1517	3477	3371	2e-22	102
TR38514_c13_g1_i1	SRR1598943_1_(paired)_contig_19	77.11	249	48	8	1585	1833	2289	2050	1e-41	165
TR38538_c7_g1_i1	SRR1598943_1_(paired)_contig_1	73.51	268	54	5	1184	1440	8971	8710	1e-38	156
TR38538_c7_g1_i1	SRR1598943_1_(paired)_contig_19	81.97	122	20	2	1314	1434	9181	9301	3e-26	114
TR38538_c7_g1_i3	SRR1598943_1_(paired)_contig_1	70.16	258	63	5	1180	1423	8971	8714	1e-24	109
TR38540_c1_g4_i2	SRR1598943_1_(paired)_contig_17	83.02	106	13	3	1262	1367	9150	9250	1e-22	102
TR38545_c3_g1_i1	SRR1598943_1_(paired)_contig_28	74.72	265	47	7	886	1137	9429	9172	5e-41	163
TR38545_c3_g1_i3	SRR1598943_1_(paired)_contig_28	74.25	268	51	6	738	993	9429	9168	1e-40	161
TR38545_c3_g2_i3	SRR1598943_1_(paired)_contig_28	74.72	265	47	7	1471	1722	9172	9429	7e-41	163
TR38545_c3_g2_i5	SRR1598943_1_(paired)_contig_28	74.25	268	51	6	1468	1723	9168	9429	2e-40	161
TR38555_c2_g3_i1	SRR1598943_1_(paired)_contig_6	73.91	184	35	6	354	527	12473	12293	6e-22	100
TR38555_c2_g3_i2	SRR1598943_1_(paired)_contig_6	73.51	185	33	7	522	694	12473	12293	7e-21	96.9
TR38555_c2_g3_i3	SRR1598943_1_(paired)_contig_6	73.91	184	35	6	354	527	12473	12293	6e-22	100
TR38634_c2_g2_i2	SRR1598943_1_(paired)_contig_17	95.16	62	3	0	2307	2368	1648	1587	2e-21	98.7
TR38634_c2_g2_i3	SRR1598943_1_(paired)_contig_17	95.16	62	3	0	2267	2328	1648	1587	2e-21	98.7
TR38702_c1_g1_i3	SRR1598943_1_(paired)_contig_1	80.80	125	22	2	2328	2451	8861	8738	5e-25	111
TR38783_c4_g1_i1	SRR1598943_1_(paired)_contig_1	69.39	428	98	9	314	740	8706	8311	2e-51	197
TR38783_c4_g1_i2	SRR1598943_1_(paired)_contig_1	69.56	427	98	8	314	739	8706	8311	6e-53	203
TR38783_c4_g1_i4	SRR1598943_1_(paired)_contig_1	69.39	428	98	9	314	740	8706	8311	4e-51	197
TR38797_c1_g1_i1	SRR1598943_1_(paired)_contig_6	75.84	149	30	1	1435	1577	12293	12441	3e-24	107
TR38861_c0_g4_i1	SRR1598943_1_(paired)_contig_20	85.56	90	13	0	3849	3938	7241	7330	9e-23	104
TR39037_c0_g1_i1	SRR1598943_1_(paired)_contig_14	66.39	601	188	4	551	1144	14045	13452	1e-42	168
TR39117_c2_g3_i1	SRR1598943_1_(paired)_contig_14	94.36	745	40	2	3	747	14943	15685	0.0	1148
TR39162_c3_g2_i1	SRR1598943_1_(paired)_contig_33	82.20	118	21	0	2296	2413	7301	7418	4e-27	118
TR39162_c3_g2_i3	SRR1598943_1_(paired)_contig_33	82.20	118	21	0	2384	2501	7301	7418	4e-27	118
TR39268_c4_g1_i1	SRR1598943_1_(paired)_contig_6	83.78	148	18	1	2244	2385	12471	12324	8e-40	159
TR39268_c4_g1_i2	SRR1598943_1_(paired)_contig_6	81.37	102	19	0	2241	2342	12471	12370	2e-21	98.7
TR39268_c4_g1_i3	SRR1598943_1_(paired)_contig_6	83.78	148	18	1	2214	2355	12471	12324	8e-40	159
TR39268_c4_g1_i6	SRR1598943_1_(paired)_contig_6	81.37	102	19	0	2240	2341	12471	12370	2e-21	98.7
TR39268_c4_g1_i8	SRR1598943_1_(paired)_contig_6	81.37	102	19	0	2211	2312	12471	12370	2e-21	98.7
TR39408_c0_g1_i1	SRR1598943_1_(paired)_contig_6	83.02	106	18	0	3406	3511	12475	12370	6e-25	111
TR39475_c1_g1_i1	SRR1598943_1_(paired)_contig_12	99.42	173	1	0	72	244	1	173	2e-85	307
TR39481_c3_g1_i2	SRR1598943_1_(paired)_contig_33	79.65	113	23	0	4368	4480	7305	7417	1e-21	100
TR39481_c3_g1_i3	SRR1598943_1_(paired)_contig_33	79.65	113	23	0	4483	4595	7305	7417	1e-21	100
TR39571_c0_g1_i1	SRR1598943_1_(paired)_contig_4	72.22	252	45	5	3258	3484	10163	9912	1e-33	140
TR39571_c0_g1_i2	SRR1598943_1_(paired)_contig_4	72.22	252	45	5	2858	3084	10163	9912	1e-33	140
TR39571_c0_g1_i3	SRR1598943_1_(paired)_contig_4	72.22	252	45	5	3259	3485	10163	9912	1e-33	140
TR39571_c0_g1_i4	SRR1598943_1_(paired)_contig_4	72.22	252	46	5	3258	3485	10163	9912	4e-33	138
TR39581_c2_g2_i1	SRR1598943_1_(paired)_contig_15	85.56	90	8	2	1197	1286	13267	13351	4e-22	100
TR39581_c2_g2_i3	SRR1598943_1_(paired)_contig_15	85.56	90	8	2	1087	1176	13267	13351	3e-22	100
TR39640_c7_g2_i2	SRR1598943_1_(paired)_contig_11	91.84	98	8	0	692	789	11817	11914	3e-34	141
TR39640_c7_g2_i2	SRR1598943_1_(paired)_contig_11	83.16	95	16	0	701	795	11586	11492	8e-22	100
TR39656_c0_g1_i1	SRR1598943_1_(paired)_contig_4	75.00	204	40	8	612	810	9877	10074	9e-26	113
TR39656_c0_g1_i3	SRR1598943_1_(paired)_contig_4	75.00	204	40	8	611	809	9877	10074	1e-25	113
TR39656_c0_g1_i5	SRR1598943_1_(paired)_contig_4	75.00	204	40	8	611	809	9877	10074	1e-25	113
TR39656_c0_g1_i6	SRR1598943_1_(paired)_contig_4	75.00	204	40	8	614	812	9877	10074	1e-25	113
TR39656_c0_g1_i7	SRR1598943_1_(paired)_contig_4	75.00	204	40	8	612	810	9877	10074	1e-25	113
TR39777_c5_g2_i2	SRR1598943_1_(paired)_contig_1	77.24	145	25	3	2042	2178	9004	8860	4e-24	107
TR39777_c5_g2_i2	SRR1598943_1_(paired)_contig_19	75.00	152	29	3	2039	2183	4733	4882	2e-22	102
TR39798_c5_g1_i1	SRR1598943_1_(paired)_contig_6	94.12	68	4	0	1562	1629	12473	12406	1e-23	105
TR40032_c1_g5_i2	SRR1598943_1_(paired)_contig_15	81.94	227	33	3	458	678	7573	7797	1e-57	219
TR40032_c1_g5_i2	SRR1598943_1_(paired)_contig_15	81.62	136	19	2	458	588	6773	6907	2e-30	129
TR40032_c1_g5_i2	SRR1598943_1_(paired)_contig_4	76.82	220	34	2	455	668	10288	10496	6e-44	174
TR40061_c3_g2_i2	SRR1598943_1_(paired)_contig_23	100.00	62	0	0	1	62	92	31	3e-26	113
TR40061_c3_g2_i3	SRR1598943_1_(paired)_contig_23	100.00	62	0	0	1	62	92	31	4e-26	113
TR40061_c3_g3_i3	SRR1598943_1_(paired)_contig_23	100.00	1123	0	0	1	1123	1977	855	0.0	2026
TR40209_c8_g1_i1	SRR1598943_1_(paired)_contig_20	78.81	118	25	0	130	247	5427	5310	2e-22	100
TR40209_c8_g1_i5	SRR1598943_1_(paired)_contig_20	78.81	118	25	0	130	247	5427	5310	2e-22	100
TR40209_c8_g1_i6	SRR1598943_1_(paired)_contig_20	81.90	116	21	0	205	320	5427	5312	8e-27	114
TR40258_c1_g1_i2	SRR1598943_1_(paired)_contig_6	75.14	181	43	1	436	614	12293	12473	2e-28	122
TR40258_c1_g1_i3	SRR1598943_1_(paired)_contig_6	75.69	181	42	1	292	470	12293	12473	2e-29	125
TR40267_c4_g1_i3	SRR1598943_1_(paired)_contig_19	72.46	207	44	5	3	199	2475	2678	2e-23	105
TR40417_c4_g2_i1	SRR1598943_1_(paired)_contig_11	83.00	100	16	1	358	456	4432	4333	5e-22	100
TR40417_c4_g2_i2	SRR1598943_1_(paired)_contig_11	83.00	100	16	1	358	456	4432	4333	5e-22	100
TR40458_c1_g2_i2	SRR1598943_1_(paired)_contig_34	71.56	320	68	9	805	1104	3949	3633	3e-36	147
TR40458_c1_g2_i8	SRR1598943_1_(paired)_contig_34	71.56	320	68	9	822	1121	3949	3633	3e-36	147
TR40508_c2_g3_i1	SRR1598943_1_(paired)_contig_15	95.16	62	3	0	1338	1399	15566	15505	1e-21	98.7
TR40553_c1_g2_i2	SRR1598943_1_(paired)_contig_17	79.25	106	13	1	2244	2340	1543	1648	8e-21	96.9
TR40553_c1_g2_i3	SRR1598943_1_(paired)_contig_17	79.25	106	13	1	2248	2344	1543	1648	8e-21	96.9
TR40569_c5_g1_i1	SRR1598943_1_(paired)_contig_33	82.05	117	21	0	9	125	7416	7300	1e-26	116
TR40608_c5_g1_i1	SRR1598943_1_(paired)_contig_6	78.45	181	33	1	4850	5024	12293	12473	3e-37	152
TR40608_c5_g1_i4	SRR1598943_1_(paired)_contig_6	74.50	149	32	1	4850	4992	12293	12441	5e-21	98.7
TR40608_c5_g1_i5	SRR1598943_1_(paired)_contig_6	78.45	181	33	1	4861	5035	12293	12473	3e-37	152
TR40608_c5_g1_i6	SRR1598943_1_(paired)_contig_6	74.50	149	32	1	4860	5002	12293	12441	5e-21	98.7
TR40636_c0_g4_i1	SRR1598943_1_(paired)_contig_11	85.71	91	13	0	1002	1092	11821	11911	2e-23	105
TR40699_c1_g2_i1	SRR1598943_1_(paired)_contig_6	74.59	181	41	1	893	1068	12293	12473	7e-28	120
TR40710_c1_g1_i1	SRR1598943_1_(paired)_contig_17	79.65	113	23	0	818	930	9254	9142	5e-22	100
TR40718_c4_g1_i1	SRR1598943_1_(paired)_contig_34	90.41	73	6	1	1	72	3406	3478	6e-21	96.9
TR40718_c4_g1_i3	SRR1598943_1_(paired)_contig_34	90.41	73	6	1	1	72	3406	3478	6e-21	96.9
TR40741_c1_g1_i1	SRR1598943_1_(paired)_contig_25	83.70	92	15	0	3	94	4221	4312	5e-21	98.7
TR40747_c4_g1_i2	SRR1598943_1_(paired)_contig_1	84.04	94	8	1	2672	2758	8709	8802	7e-23	104
TR41119_c0_g1_i1	SRR1598943_1_(paired)_contig_19	72.43	214	47	6	19	230	2678	2475	1e-22	104
TR41119_c0_g1_i4	SRR1598943_1_(paired)_contig_19	72.43	214	47	6	19	230	2678	2475	1e-22	104
TR41224_c0_g1_i1	SRR1598943_1_(paired)_contig_6	76.57	175	34	3	259	427	12473	12300	4e-29	123
TR41277_c1_g2_i6	SRR1598943_1_(paired)_contig_6	85.71	84	11	1	1	84	12391	12473	7e-21	95.1
TR41391_c4_g1_i3	SRR1598943_1_(paired)_contig_4	85.06	87	13	0	1360	1446	383	469	1e-21	98.7
TR41404_c1_g1_i1	SRR1598943_1_(paired)_contig_15	82.35	102	13	2	147	248	13267	13363	7e-22	98.7
TR41465_c8_g3_i1	SRR1598943_1_(paired)_contig_17	86.32	95	10	2	2965	3058	1561	1653	7e-24	107
TR41517_c0_g1_i1	SRR1598943_1_(paired)_contig_19	70.50	339	70	14	1891	2224	2039	2352	2e-29	125
TR41521_c0_g1_i1	SRR1598943_1_(paired)_contig_23	99.17	121	1	0	1	121	10267	10387	3e-56	214
TR41537_c1_g4_i1	SRR1598943_1_(paired)_contig_17	83.16	95	15	1	519	612	1648	1554	7e-21	96.9
TR41566_c2_g1_i1	SRR1598943_1_(paired)_contig_26	81.93	166	30	0	1368	1533	11401	11566	2e-41	165
TR41566_c2_g1_i2	SRR1598943_1_(paired)_contig_26	81.33	166	31	0	1377	1542	11401	11566	7e-40	159
TR41566_c2_g1_i4	SRR1598943_1_(paired)_contig_26	81.93	166	30	0	1286	1451	11401	11566	1e-41	165
TR41566_c2_g1_i7	SRR1598943_1_(paired)_contig_26	81.93	166	30	0	1377	1542	11401	11566	2e-41	165
TR41566_c2_g1_i8	SRR1598943_1_(paired)_contig_26	81.93	166	30	0	1286	1451	11401	11566	2e-41	165
TR41612_c3_g2_i4	SRR1598943_1_(paired)_contig_17	82.46	114	17	2	818	928	1660	1547	1e-24	109
TR41612_c3_g3_i1	SRR1598943_1_(paired)_contig_26	79.71	138	28	0	98	235	11567	11430	1e-29	123
TR41642_c1_g4_i1	SRR1598943_1_(paired)_contig_11	87.23	94	10	2	4	96	11821	11913	5e-25	109
TR41642_c1_g4_i7	SRR1598943_1_(paired)_contig_11	87.23	94	10	2	4	96	11821	11913	5e-25	109
TR41663_c3_g2_i4	SRR1598943_1_(paired)_contig_19	73.01	226	51	8	11	228	2692	2469	1e-23	105
TR41674_c5_g1_i2	SRR1598943_1_(paired)_contig_1	84.17	120	15	1	1988	2103	8814	8933	3e-31	131
TR41674_c5_g1_i2	SRR1598943_1_(paired)_contig_19	82.91	117	18	1	1988	2104	4923	4809	2e-27	118
TR41674_c5_g1_i4	SRR1598943_1_(paired)_contig_1	84.17	120	15	1	2045	2160	8814	8933	4e-31	131
TR41674_c5_g1_i4	SRR1598943_1_(paired)_contig_19	82.91	117	18	1	2045	2161	4923	4809	2e-27	118
TR41759_c1_g1_i1	SRR1598943_1_(paired)_contig_14	96.09	2250	88	0	1	2250	5836	3587	0.0	3662
TR41759_c1_g1_i2	SRR1598943_1_(paired)_contig_14	96.09	2250	88	0	1	2250	5836	3587	0.0	3662
TR41759_c1_g1_i3	SRR1598943_1_(paired)_contig_14	96.53	1583	55	0	1	1583	5836	4254	0.0	2607
TR41768_c3_g1_i1	SRR1598943_1_(paired)_contig_17	83.76	117	18	1	4822	4938	9254	9139	4e-28	122
TR41829_c0_g1_i1	SRR1598943_1_(paired)_contig_28	78.48	223	38	5	1	214	9212	9433	2e-43	172
TR41898_c2_g1_i2	SRR1598943_1_(paired)_contig_17	87.50	80	10	0	3	82	9165	9244	5e-22	100
TR41898_c2_g1_i6	SRR1598943_1_(paired)_contig_17	86.36	88	12	0	1	88	9157	9244	1e-23	105
TR42065_c1_g1_i1	SRR1598943_1_(paired)_contig_14	88.86	817	90	1	1	817	15662	16477	0.0	1059
TR42065_c2_g1_i1	SRR1598943_1_(paired)_contig_14	78.08	1775	384	3	1	1772	516	2288	0.0	1438
TR42065_c2_g3_i1	SRR1598943_1_(paired)_contig_14	79.42	622	125	2	427	1048	1	619	3e-154	538
TR42065_c2_g3_i1	SRR1598943_1_(paired)_contig_14	77.23	426	91	3	1	423	16318	16740	1e-89	324
TR42065_c2_g5_i1	SRR1598943_1_(paired)_contig_14	76.97	799	170	7	2	795	16341	15552	1e-170	592
TR42110_c1_g2_i3	SRR1598943_1_(paired)_contig_4	71.79	234	41	9	31	243	10020	9791	4e-24	107
TR42141_c2_g1_i2	SRR1598943_1_(paired)_contig_9	72.03	261	48	9	2280	2517	3185	3443	6e-29	123
TR42141_c2_g1_i6	SRR1598943_1_(paired)_contig_9	72.03	261	48	9	2280	2517	3185	3443	6e-29	123
TR42226_c3_g1_i10	SRR1598943_1_(paired)_contig_11	79.34	121	22	2	63	180	9749	9869	6e-22	100
TR42407_c0_g1_i2	SRR1598943_1_(paired)_contig_4	91.78	73	6	0	6101	6173	389	461	4e-23	105
TR42407_c0_g1_i3	SRR1598943_1_(paired)_contig_4	91.78	73	6	0	6059	6131	389	461	4e-23	105
TR42407_c0_g1_i7	SRR1598943_1_(paired)_contig_4	91.78	73	6	0	6122	6194	389	461	4e-23	105
TR42517_c2_g1_i1	SRR1598943_1_(paired)_contig_1	87.96	108	12	1	4447	4554	8816	8710	2e-31	132
TR42527_c4_g1_i6	SRR1598943_1_(paired)_contig_34	83.00	100	16	1	2452	2550	3378	3477	7e-22	100
TR42527_c4_g1_i6	SRR1598943_1_(paired)_contig_1	91.43	70	6	0	2478	2547	10564	10495	7e-22	100
TR42527_c4_g1_i6	SRR1598943_1_(paired)_contig_2	86.05	86	11	1	2466	2550	5714	5799	2e-21	98.7
TR42798_c0_g1_i1	SRR1598943_1_(paired)_contig_14	92.59	3049	222	4	1	3048	12788	9743	0.0	4466
TR42798_c0_g2_i1	SRR1598943_1_(paired)_contig_14	93.34	2883	191	1	6	2888	9743	12624	0.0	4331
TR42798_c0_g3_i1	SRR1598943_1_(paired)_contig_14	90.31	1486	144	0	4	1489	15496	14011	0.0	2031
TR42798_c0_g3_i2	SRR1598943_1_(paired)_contig_14	94.62	409	22	0	2	410	14696	14288	0.0	639
TR42798_c0_g4_i1	SRR1598943_1_(paired)_contig_14	91.06	1264	113	0	3	1266	12767	14030	0.0	1770
TR42798_c0_g4_i2	SRR1598943_1_(paired)_contig_14	90.65	1059	99	0	3	1061	12767	13825	0.0	1463
TR42826_c1_g2_i2	SRR1598943_1_(paired)_contig_26	84.76	210	32	0	1332	1541	11357	11566	1e-62	235
TR42832_c4_g1_i1	SRR1598943_1_(paired)_contig_11	97.30	74	1	1	1	73	11890	11817	2e-28	122
TR43142_c3_g2_i1	SRR1598943_1_(paired)_contig_7	83.00	200	34	0	221	420	752	951	8e-55	208
TR43142_c3_g2_i1	SRR1598943_1_(paired)_contig_7	77.19	171	23	2	525	679	1475	1645	1e-33	138
TR43142_c3_g2_i11	SRR1598943_1_(paired)_contig_7	83.00	200	34	0	375	574	752	951	2e-54	208
TR43142_c3_g2_i11	SRR1598943_1_(paired)_contig_7	77.19	171	23	2	679	833	1475	1645	3e-33	138
TR43142_c3_g2_i11	SRR1598943_1_(paired)_contig_7	83.70	135	19	3	2015	2147	4076	4209	4e-32	134
TR43142_c3_g2_i11	SRR1598943_1_(paired)_contig_7	91.30	69	6	0	1326	1394	2749	2817	3e-21	98.7
TR43142_c3_g3_i1	SRR1598943_1_(paired)_contig_7	80.88	136	22	3	17	152	7282	7151	1e-27	118
TR43142_c3_g3_i1	SRR1598943_1_(paired)_contig_7	83.65	104	17	0	846	949	6158	6055	2e-25	111
TR43166_c1_g1_i4	SRR1598943_1_(paired)_contig_6	83.50	103	16	1	115	217	12370	12471	2e-23	105
TR43177_c3_g2_i4	SRR1598943_1_(paired)_contig_20	84.68	124	19	0	173	296	5433	5310	2e-33	138
TR43229_c2_g1_i1	SRR1598943_1_(paired)_contig_1	88.10	84	10	0	1	84	8721	8804	1e-23	107
TR43229_c2_g1_i2	SRR1598943_1_(paired)_contig_1	88.10	84	10	0	1	84	8721	8804	6e-24	107
TR43259_c17_g3_i3	SRR1598943_1_(paired)_contig_1	87.90	124	14	1	2178	2300	9081	8958	1e-37	152
TR43259_c17_g3_i3	SRR1598943_1_(paired)_contig_17	81.90	105	18	1	2195	2298	841	945	6e-22	100
TR43259_c17_g3_i3	SRR1598943_1_(paired)_contig_37	89.47	76	7	1	2110	2185	429	503	2e-21	98.7
TR9412_c0_g1_i1	SRR1598943_1_(paired)_contig_33	100.00	442	0	0	133	574	6624	7065	0.0	798
TR9412_c0_g1_i1	SRR1598943_1_(paired)_contig_33	98.50	133	2	0	1	133	713	845	4e-62	232
